12:36:08.147 [INFO] [org.gradle.launcher.daemon.server.Daemon] start() called on daemon - DefaultDaemonContext[uid=bd143a43-d345-4bdf-9b5c-4106c761bbf2,javaHome=C:\Program Files\Java\jdk1.7.0_79,daemonRegistryDir=C:\Users\FTC 6473\.gradle\daemon,pid=1804,idleTimeout=10800000,daemonOpts=-XX:MaxHeapSize=512m,-Xmx512m,-Dfile.encoding=windows-1252,-Duser.country=US,-Duser.language=en,-Duser.variant]
12:36:08.161 [DEBUG] [org.gradle.launcher.daemon.server.DaemonStateCoordinator] updating lastActivityAt to 1449254168161
12:36:08.372 [DEBUG] [org.gradle.messaging.remote.internal.inet.InetAddressFactory] Adding IP addresses for network interface Software Loopback Interface 1
12:36:08.375 [DEBUG] [org.gradle.messaging.remote.internal.inet.InetAddressFactory] Is this a loopback interface? true
12:36:08.376 [DEBUG] [org.gradle.messaging.remote.internal.inet.InetAddressFactory] Is this a multicast interface? true
12:36:08.377 [DEBUG] [org.gradle.messaging.remote.internal.inet.InetAddressFactory] Adding loopback address /127.0.0.1
12:36:08.378 [DEBUG] [org.gradle.messaging.remote.internal.inet.InetAddressFactory] Adding loopback address /0:0:0:0:0:0:0:1
12:36:08.379 [DEBUG] [org.gradle.messaging.remote.internal.inet.InetAddressFactory] Adding loopback multicast interface Software Loopback Interface 1
12:36:08.380 [DEBUG] [org.gradle.messaging.remote.internal.inet.InetAddressFactory] Adding IP addresses for network interface WAN Miniport (SSTP)
12:36:08.381 [DEBUG] [org.gradle.messaging.remote.internal.inet.InetAddressFactory] Is this a loopback interface? false
12:36:08.383 [DEBUG] [org.gradle.messaging.remote.internal.inet.InetAddressFactory] Is this a multicast interface? true
12:36:08.384 [DEBUG] [org.gradle.messaging.remote.internal.inet.InetAddressFactory] Adding loopback multicast interface WAN Miniport (SSTP)
12:36:08.384 [DEBUG] [org.gradle.messaging.remote.internal.inet.InetAddressFactory] Adding IP addresses for network interface WAN Miniport (IKEv2)
12:36:08.394 [DEBUG] [org.gradle.messaging.remote.internal.inet.InetAddressFactory] Is this a loopback interface? false
12:36:08.396 [DEBUG] [org.gradle.messaging.remote.internal.inet.InetAddressFactory] Is this a multicast interface? true
12:36:08.396 [DEBUG] [org.gradle.messaging.remote.internal.inet.InetAddressFactory] Adding loopback multicast interface WAN Miniport (IKEv2)
12:36:08.397 [DEBUG] [org.gradle.messaging.remote.internal.inet.InetAddressFactory] Adding IP addresses for network interface WAN Miniport (L2TP)
12:36:08.399 [DEBUG] [org.gradle.messaging.remote.internal.inet.InetAddressFactory] Is this a loopback interface? false
12:36:08.401 [DEBUG] [org.gradle.messaging.remote.internal.inet.InetAddressFactory] Is this a multicast interface? true
12:36:08.402 [DEBUG] [org.gradle.messaging.remote.internal.inet.InetAddressFactory] Adding loopback multicast interface WAN Miniport (L2TP)
12:36:08.402 [DEBUG] [org.gradle.messaging.remote.internal.inet.InetAddressFactory] Adding IP addresses for network interface WAN Miniport (PPTP)
12:36:08.404 [DEBUG] [org.gradle.messaging.remote.internal.inet.InetAddressFactory] Is this a loopback interface? false
12:36:08.407 [DEBUG] [org.gradle.messaging.remote.internal.inet.InetAddressFactory] Is this a multicast interface? true
12:36:08.407 [DEBUG] [org.gradle.messaging.remote.internal.inet.InetAddressFactory] Adding loopback multicast interface WAN Miniport (PPTP)
12:36:08.408 [DEBUG] [org.gradle.messaging.remote.internal.inet.InetAddressFactory] Adding IP addresses for network interface WAN Miniport (PPPOE)
12:36:08.410 [DEBUG] [org.gradle.messaging.remote.internal.inet.InetAddressFactory] Is this a loopback interface? false
12:36:08.411 [DEBUG] [org.gradle.messaging.remote.internal.inet.InetAddressFactory] Is this a multicast interface? true
12:36:08.412 [DEBUG] [org.gradle.messaging.remote.internal.inet.InetAddressFactory] Adding loopback multicast interface WAN Miniport (PPPOE)
12:36:08.412 [DEBUG] [org.gradle.messaging.remote.internal.inet.InetAddressFactory] Adding IP addresses for network interface WAN Miniport (IPv6)
12:36:08.414 [DEBUG] [org.gradle.messaging.remote.internal.inet.InetAddressFactory] Is this a loopback interface? false
12:36:08.416 [DEBUG] [org.gradle.messaging.remote.internal.inet.InetAddressFactory] Is this a multicast interface? true
12:36:08.416 [DEBUG] [org.gradle.messaging.remote.internal.inet.InetAddressFactory] Adding loopback multicast interface WAN Miniport (IPv6)
12:36:08.417 [DEBUG] [org.gradle.messaging.remote.internal.inet.InetAddressFactory] Adding IP addresses for network interface WAN Miniport (Network Monitor)
12:36:08.420 [DEBUG] [org.gradle.messaging.remote.internal.inet.InetAddressFactory] Is this a loopback interface? false
12:36:08.422 [DEBUG] [org.gradle.messaging.remote.internal.inet.InetAddressFactory] Is this a multicast interface? true
12:36:08.422 [DEBUG] [org.gradle.messaging.remote.internal.inet.InetAddressFactory] Adding loopback multicast interface WAN Miniport (Network Monitor)
12:36:08.423 [DEBUG] [org.gradle.messaging.remote.internal.inet.InetAddressFactory] Adding IP addresses for network interface WAN Miniport (IP)
12:36:08.425 [DEBUG] [org.gradle.messaging.remote.internal.inet.InetAddressFactory] Is this a loopback interface? false
12:36:08.427 [DEBUG] [org.gradle.messaging.remote.internal.inet.InetAddressFactory] Is this a multicast interface? true
12:36:08.428 [DEBUG] [org.gradle.messaging.remote.internal.inet.InetAddressFactory] Adding loopback multicast interface WAN Miniport (IP)
12:36:08.428 [DEBUG] [org.gradle.messaging.remote.internal.inet.InetAddressFactory] Adding IP addresses for network interface RAS Async Adapter
12:36:08.430 [DEBUG] [org.gradle.messaging.remote.internal.inet.InetAddressFactory] Is this a loopback interface? false
12:36:08.432 [DEBUG] [org.gradle.messaging.remote.internal.inet.InetAddressFactory] Is this a multicast interface? true
12:36:08.432 [DEBUG] [org.gradle.messaging.remote.internal.inet.InetAddressFactory] Adding loopback multicast interface RAS Async Adapter
12:36:08.433 [DEBUG] [org.gradle.messaging.remote.internal.inet.InetAddressFactory] Adding IP addresses for network interface Broadcom NetXtreme Gigabit Ethernet
12:36:08.434 [DEBUG] [org.gradle.messaging.remote.internal.inet.InetAddressFactory] Is this a loopback interface? false
12:36:08.436 [DEBUG] [org.gradle.messaging.remote.internal.inet.InetAddressFactory] Is this a multicast interface? true
12:36:08.437 [DEBUG] [org.gradle.messaging.remote.internal.inet.InetAddressFactory] Adding remote address /172.16.72.164
12:36:08.437 [DEBUG] [org.gradle.messaging.remote.internal.inet.InetAddressFactory] Adding remote address /fe80:0:0:0:9153:ea9b:5c9f:e8b1%11
12:36:08.438 [DEBUG] [org.gradle.messaging.remote.internal.inet.InetAddressFactory] Adding remote multicast interface Broadcom NetXtreme Gigabit Ethernet
12:36:08.438 [DEBUG] [org.gradle.messaging.remote.internal.inet.InetAddressFactory] Adding IP addresses for network interface Microsoft ISATAP Adapter
12:36:08.443 [DEBUG] [org.gradle.messaging.remote.internal.inet.InetAddressFactory] Is this a loopback interface? false
12:36:08.453 [DEBUG] [org.gradle.messaging.remote.internal.inet.InetAddressFactory] Is this a multicast interface? false
12:36:08.454 [DEBUG] [org.gradle.messaging.remote.internal.inet.InetAddressFactory] Adding IP addresses for network interface Bluetooth Device (Personal Area Network)
12:36:08.457 [DEBUG] [org.gradle.messaging.remote.internal.inet.InetAddressFactory] Is this a loopback interface? false
12:36:08.469 [DEBUG] [org.gradle.messaging.remote.internal.inet.InetAddressFactory] Is this a multicast interface? true
12:36:08.471 [DEBUG] [org.gradle.messaging.remote.internal.inet.InetAddressFactory] Adding remote address /fe80:0:0:0:f9f3:ce7f:5fd1:a3c7%13
12:36:08.472 [DEBUG] [org.gradle.messaging.remote.internal.inet.InetAddressFactory] Adding remote multicast interface Bluetooth Device (Personal Area Network)
12:36:08.487 [DEBUG] [org.gradle.messaging.remote.internal.inet.InetAddressFactory] Adding IP addresses for network interface Microsoft ISATAP Adapter #2
12:36:08.544 [DEBUG] [org.gradle.messaging.remote.internal.inet.InetAddressFactory] Is this a loopback interface? false
12:36:08.586 [DEBUG] [org.gradle.messaging.remote.internal.inet.InetAddressFactory] Is this a multicast interface? false
12:36:08.587 [DEBUG] [org.gradle.messaging.remote.internal.inet.InetAddressFactory] Adding remote address /fe80:0:0:0:0:5efe:ac10:48a4%14
12:36:08.587 [DEBUG] [org.gradle.messaging.remote.internal.inet.InetAddressFactory] Adding IP addresses for network interface Bluetooth Device (RFCOMM Protocol TDI)
12:36:08.588 [DEBUG] [org.gradle.messaging.remote.internal.inet.InetAddressFactory] Is this a loopback interface? false
12:36:08.590 [DEBUG] [org.gradle.messaging.remote.internal.inet.InetAddressFactory] Is this a multicast interface? true
12:36:08.590 [DEBUG] [org.gradle.messaging.remote.internal.inet.InetAddressFactory] Adding loopback multicast interface Bluetooth Device (RFCOMM Protocol TDI)
12:36:08.590 [DEBUG] [org.gradle.messaging.remote.internal.inet.InetAddressFactory] Adding IP addresses for network interface Broadcom NetXtreme Gigabit Ethernet-QoS Packet Scheduler-0000
12:36:08.592 [DEBUG] [org.gradle.messaging.remote.internal.inet.InetAddressFactory] Is this a loopback interface? false
12:36:08.594 [DEBUG] [org.gradle.messaging.remote.internal.inet.InetAddressFactory] Is this a multicast interface? true
12:36:08.594 [DEBUG] [org.gradle.messaging.remote.internal.inet.InetAddressFactory] Adding loopback multicast interface Broadcom NetXtreme Gigabit Ethernet-QoS Packet Scheduler-0000
12:36:08.594 [DEBUG] [org.gradle.messaging.remote.internal.inet.InetAddressFactory] Adding IP addresses for network interface Broadcom NetXtreme Gigabit Ethernet-WFP LightWeight Filter-0000
12:36:08.594 [DEBUG] [org.gradle.messaging.remote.internal.inet.InetAddressFactory] Is this a loopback interface? false
12:36:08.594 [DEBUG] [org.gradle.messaging.remote.internal.inet.InetAddressFactory] Is this a multicast interface? true
12:36:08.594 [DEBUG] [org.gradle.messaging.remote.internal.inet.InetAddressFactory] Adding loopback multicast interface Broadcom NetXtreme Gigabit Ethernet-WFP LightWeight Filter-0000
12:36:08.594 [DEBUG] [org.gradle.messaging.remote.internal.inet.InetAddressFactory] Adding IP addresses for network interface WAN Miniport (Network Monitor)-QoS Packet Scheduler-0000
12:36:08.594 [DEBUG] [org.gradle.messaging.remote.internal.inet.InetAddressFactory] Is this a loopback interface? false
12:36:08.594 [DEBUG] [org.gradle.messaging.remote.internal.inet.InetAddressFactory] Is this a multicast interface? true
12:36:08.594 [DEBUG] [org.gradle.messaging.remote.internal.inet.InetAddressFactory] Adding loopback multicast interface WAN Miniport (Network Monitor)-QoS Packet Scheduler-0000
12:36:08.594 [DEBUG] [org.gradle.messaging.remote.internal.inet.InetAddressFactory] Adding IP addresses for network interface WAN Miniport (IP)-QoS Packet Scheduler-0000
12:36:08.594 [DEBUG] [org.gradle.messaging.remote.internal.inet.InetAddressFactory] Is this a loopback interface? false
12:36:08.609 [DEBUG] [org.gradle.messaging.remote.internal.inet.InetAddressFactory] Is this a multicast interface? true
12:36:08.609 [DEBUG] [org.gradle.messaging.remote.internal.inet.InetAddressFactory] Adding loopback multicast interface WAN Miniport (IP)-QoS Packet Scheduler-0000
12:36:08.609 [DEBUG] [org.gradle.messaging.remote.internal.inet.InetAddressFactory] Adding IP addresses for network interface WAN Miniport (IPv6)-QoS Packet Scheduler-0000
12:36:08.609 [DEBUG] [org.gradle.messaging.remote.internal.inet.InetAddressFactory] Is this a loopback interface? false
12:36:08.609 [DEBUG] [org.gradle.messaging.remote.internal.inet.InetAddressFactory] Is this a multicast interface? true
12:36:08.609 [DEBUG] [org.gradle.messaging.remote.internal.inet.InetAddressFactory] Adding loopback multicast interface WAN Miniport (IPv6)-QoS Packet Scheduler-0000
12:36:08.945 [DEBUG] [org.gradle.messaging.remote.internal.inet.TcpIncomingConnector] Listening on [694f1f2f-7e37-4f47-a3e9-45a67feac36b port:61506, addresses:[/127.0.0.1, /0:0:0:0:0:0:0:1]].
12:36:08.949 [DEBUG] [org.gradle.launcher.daemon.server.Daemon] Daemon starting at: Fri Dec 04 12:36:08 CST 2015, with address: [694f1f2f-7e37-4f47-a3e9-45a67feac36b port:61506, addresses:[/127.0.0.1, /0:0:0:0:0:0:0:1]]
12:36:08.950 [INFO] [org.gradle.launcher.daemon.server.DomainRegistryUpdater] Advertising the daemon address to the clients: [694f1f2f-7e37-4f47-a3e9-45a67feac36b port:61506, addresses:[/127.0.0.1, /0:0:0:0:0:0:0:1]]
12:36:08.950 [DEBUG] [org.gradle.launcher.daemon.server.DomainRegistryUpdater] Advertised daemon context: DefaultDaemonContext[uid=bd143a43-d345-4bdf-9b5c-4106c761bbf2,javaHome=C:\Program Files\Java\jdk1.7.0_79,daemonRegistryDir=C:\Users\FTC 6473\.gradle\daemon,pid=1804,idleTimeout=10800000,daemonOpts=-XX:MaxHeapSize=512m,-Xmx512m,-Dfile.encoding=windows-1252,-Duser.country=US,-Duser.language=en,-Duser.variant]
12:36:08.951 [DEBUG] [org.gradle.launcher.daemon.registry.PersistentDaemonRegistry] Storing daemon address: [694f1f2f-7e37-4f47-a3e9-45a67feac36b port:61506, addresses:[/127.0.0.1, /0:0:0:0:0:0:0:1]], context: DefaultDaemonContext[uid=bd143a43-d345-4bdf-9b5c-4106c761bbf2,javaHome=C:\Program Files\Java\jdk1.7.0_79,daemonRegistryDir=C:\Users\FTC 6473\.gradle\daemon,pid=1804,idleTimeout=10800000,daemonOpts=-XX:MaxHeapSize=512m,-Xmx512m,-Dfile.encoding=windows-1252,-Duser.country=US,-Duser.language=en,-Duser.variant]
12:36:08.968 [DEBUG] [org.gradle.cache.internal.DefaultFileLockManager] Waiting to acquire exclusive lock on daemon addresses registry.
12:36:08.971 [DEBUG] [org.gradle.cache.internal.DefaultFileLockManager] Lock acquired.
12:36:09.013 [DEBUG] [org.gradle.cache.internal.DefaultFileLockManager] Releasing lock on daemon addresses registry.
12:36:09.015 [LIFECYCLE] [org.gradle.launcher.daemon.server.Daemon] Daemon server started.
12:36:09.017 [DEBUG] [org.gradle.launcher.daemon.bootstrap.DaemonStartupCommunication] Completed writing the daemon greeting. Closing streams...
12:36:09.017 [DEBUG] [org.gradle.launcher.daemon.server.Daemon] requestStopOnIdleTimeout(10800000 MILLISECONDS) called on daemon
12:36:09.017 [DEBUG] [org.gradle.launcher.daemon.server.DaemonStateCoordinator] Idle timeout: waiting for daemon to stop or be idle for 10800000ms
12:36:09.017 [DEBUG] [org.gradle.launcher.daemon.server.DaemonStateCoordinator] Daemon is idle, sleeping until state change or idle timeout at Fri Dec 04 15:36:08 CST 2015
12:36:09.299 [DEBUG] [org.gradle.messaging.remote.internal.inet.TcpIncomingConnector] Accepted connection from /127.0.0.1:61511 to /127.0.0.1:61506.
12:36:09.447 [DEBUG] [org.gradle.launcher.daemon.server.SynchronizedDispatchConnection] thread 14: received class org.gradle.launcher.daemon.protocol.Build
12:36:09.448 [DEBUG] [org.gradle.launcher.daemon.server.DefaultDaemonConnection] Received non-IO message from client: Build{id=abe56809-9c11-45d0-81fe-996f7512109f.1, currentDir=C:\Users\FTC 6473\Downloads\ftc_app-master}
12:36:09.449 [INFO] [org.gradle.launcher.daemon.server.DefaultIncomingConnectionHandler] Received command: Build{id=abe56809-9c11-45d0-81fe-996f7512109f.1, currentDir=C:\Users\FTC 6473\Downloads\ftc_app-master}.
12:36:09.449 [DEBUG] [org.gradle.launcher.daemon.server.DefaultIncomingConnectionHandler] Starting executing command: Build{id=abe56809-9c11-45d0-81fe-996f7512109f.1, currentDir=C:\Users\FTC 6473\Downloads\ftc_app-master} with connection: socket connection from /127.0.0.1:61506 to /127.0.0.1:61511.
12:36:09.474 [DEBUG] [org.gradle.launcher.daemon.server.DaemonStateCoordinator] Command execution: started DaemonCommandExecution[command = Build{id=abe56809-9c11-45d0-81fe-996f7512109f.1, currentDir=C:\Users\FTC 6473\Downloads\ftc_app-master}, connection = org.gradle.launcher.daemon.server.DefaultDaemonConnection@331a0883] after 0.0 minutes of idle
12:36:09.474 [INFO] [org.gradle.launcher.daemon.server.DomainRegistryUpdater] Marking the daemon as busy, address: [694f1f2f-7e37-4f47-a3e9-45a67feac36b port:61506, addresses:[/127.0.0.1, /0:0:0:0:0:0:0:1]]
12:36:09.475 [DEBUG] [org.gradle.launcher.daemon.registry.PersistentDaemonRegistry] Marking busy by address: [694f1f2f-7e37-4f47-a3e9-45a67feac36b port:61506, addresses:[/127.0.0.1, /0:0:0:0:0:0:0:1]]
12:36:09.477 [DEBUG] [org.gradle.cache.internal.DefaultFileLockManager] Waiting to acquire exclusive lock on daemon addresses registry.
12:36:09.478 [DEBUG] [org.gradle.cache.internal.DefaultFileLockManager] Lock acquired.
12:36:09.482 [DEBUG] [org.gradle.cache.internal.DefaultFileLockManager] Releasing lock on daemon addresses registry.
12:36:09.483 [DEBUG] [org.gradle.launcher.daemon.server.DaemonStateCoordinator] updating lastActivityAt to 1449254169483
12:36:09.485 [DEBUG] [org.gradle.launcher.daemon.server.DaemonStateCoordinator] Daemon is busy, sleeping until state changes.
12:36:09.517 [INFO] [org.gradle.launcher.daemon.server.exec.StartBuildOrRespondWithBusy] Daemon is about to start building Build{id=abe56809-9c11-45d0-81fe-996f7512109f.1, currentDir=C:\Users\FTC 6473\Downloads\ftc_app-master}. Dispatching build started information...
12:36:09.518 [DEBUG] [org.gradle.launcher.daemon.server.SynchronizedDispatchConnection] thread 16: dispatching class org.gradle.launcher.daemon.protocol.BuildStarted
12:36:09.526 [DEBUG] [org.gradle.launcher.daemon.server.exec.EstablishBuildEnvironment] Configuring env variables: {USERPROFILE=C:\Users\FTC 6473, ProgramData=C:\ProgramData, PATHEXT=.COM;.EXE;.BAT;.CMD;.VBS;.VBE;.JS;.JSE;.WSF;.WSH;.MSC, ProgramFiles(x86)=C:\Program Files (x86), TEMP=C:\Users\FTC647~1\AppData\Local\Temp, SystemDrive=C:, ProgramFiles=C:\Program Files, Path=C:\Windows\system32;C:\Windows;C:\Windows\System32\Wbem;C:\Windows\System32\WindowsPowerShell\v1.0\, HOMEDRIVE=C:, PROCESSOR_REVISION=2505, USERDOMAIN=FTC6473-PC, ALLUSERSPROFILE=C:\ProgramData, ProgramW6432=C:\Program Files, PROCESSOR_IDENTIFIER=Intel64 Family 6 Model 37 Stepping 5, GenuineIntel, SESSIONNAME=Console, TMP=C:\Users\FTC647~1\AppData\Local\Temp, MpConfig_ProductUserAppDataPath=C:\Users\FTC 6473\AppData\Local\Microsoft\Windows Defender, CommonProgramFiles=C:\Program Files\Common Files, =::=::\, LOGONSERVER=\\FTC6473-PC, MpConfig_ProductAppDataPath=C:\ProgramData\Microsoft\Windows Defender, MpConfig_ProductPath=C:\Program Files\Windows Defender, PROCESSOR_ARCHITECTURE=AMD64, FP_NO_HOST_CHECK=NO, OS=Windows_NT, HOMEPATH=\Users\FTC 6473, PROCESSOR_LEVEL=6, CommonProgramW6432=C:\Program Files\Common Files, MpConfig_ProductCodeName=AntiSpyware, LOCALAPPDATA=C:\Users\FTC 6473\AppData\Local, MpConfig_ReportingGUID=0415EA06-C23A-44AA-99D7-54E7664B307A, COMPUTERNAME=FTC6473-PC, windir=C:\Windows, SystemRoot=C:\Windows, NUMBER_OF_PROCESSORS=4, USERNAME=FTC 6473, PUBLIC=C:\Users\Public, PSModulePath=C:\Windows\system32\WindowsPowerShell\v1.0\Modules\, CommonProgramFiles(x86)=C:\Program Files (x86)\Common Files, ComSpec=C:\Windows\system32\cmd.exe, APPDATA=C:\Users\FTC 6473\AppData\Roaming}
12:36:09.548 [DEBUG] [org.gradle.launcher.daemon.server.exec.LogToClient] About to start relaying all logs to the client via the connection.
12:36:09.548 [INFO] [org.gradle.launcher.daemon.server.exec.LogToClient] The client will now receive all logging from the daemon (pid: 1804). The daemon log file: C:\Users\FTC 6473\.gradle\daemon\2.4\daemon-1804.out.log
12:36:09.559 [INFO] [org.gradle.launcher.daemon.server.health.DaemonHealthTracker] Starting build in new daemon [memory: 477.1 MB]
12:36:09.592 [DEBUG] [org.gradle.launcher.daemon.server.exec.ExecuteBuild] The daemon has started executing the build.
12:36:09.593 [INFO] [org.gradle.launcher.daemon.server.exec.ExecuteBuild] Executing build with daemon context: DefaultDaemonContext[uid=bd143a43-d345-4bdf-9b5c-4106c761bbf2,javaHome=C:\Program Files\Java\jdk1.7.0_79,daemonRegistryDir=C:\Users\FTC 6473\.gradle\daemon,pid=1804,idleTimeout=10800000,daemonOpts=-XX:MaxHeapSize=512m,-Xmx512m,-Dfile.encoding=windows-1252,-Duser.country=US,-Duser.language=en,-Duser.variant]
12:36:09.636 [DEBUG] [org.gradle.launcher.daemon.server.SynchronizedDispatchConnection] thread 14: received class org.gradle.launcher.daemon.protocol.CloseInput
12:36:09.637 [DEBUG] [org.gradle.launcher.daemon.server.DefaultDaemonConnection] Received IO message from client: CloseInput[id=abe56809-9c11-45d0-81fe-996f7512109f.2]
12:36:09.638 [INFO] [org.gradle.launcher.daemon.server.exec.ForwardClientInput] Closing daemon's stdin at end of input.
12:36:09.638 [INFO] [org.gradle.launcher.daemon.server.exec.ForwardClientInput] The daemon will no longer process any standard input.
12:36:10.406 [DEBUG] [org.gradle.internal.nativeintegration.services.NativeServices] Native-platform posix files is not available.  Continuing with fallback.
12:36:10.594 [INFO] [org.gradle.tooling.internal.provider.DefaultPayloadClassLoaderRegistry] Creating ClassLoader c0a14fd5-c5b7-4ccf-b75b-2f912639f3c2 from [Spec classpath:[file:/C:/Program%20Files/Android/Android%20Studio/plugins/gradle/lib/gradle-tooling-api-2.2.jar, file:/C:/Program%20Files/Android/Android%20Studio/plugins/gradle/lib/guava-jdk5-17.0.jar, file:/C:/Program%20Files/Android/Android%20Studio/plugins/gradle/lib/gradle-base-services-2.2.jar, file:/C:/Program%20Files/Android/Android%20Studio/plugins/gradle/lib/gradle-tooling-extension-api.jar, file:/C:/Program%20Files/Android/Android%20Studio/lib/openapi.jar, file:/C:/Program%20Files/Android/Android%20Studio/plugins/android/lib/builder-model-1.4.0-beta2.jar, file:/C:/Program%20Files/Android/Android%20Studio/plugins/google-cloud-tools-core/lib/gradle-appengine-builder-model-0.1.0.jar]] and [org.gradle.internal.classloader.FilteringClassLoader@67028d55].
12:36:10.597 [DEBUG] [org.gradle.cache.internal.DefaultFileLockManager] Waiting to acquire exclusive lock on jars (C:\Users\FTC 6473\.gradle\caches\jars-1).
12:36:10.598 [DEBUG] [org.gradle.cache.internal.DefaultFileLockManager] Lock acquired.
12:36:10.600 [DEBUG] [org.gradle.cache.internal.locklistener.DefaultFileLockContentionHandler] Starting file lock listener thread.

FAILURE: Build failed with an exception.

* What went wrong:
Build cancelled.

* Try:
Run with --stacktrace option to get the stack trace. Run with --info or --debug option to get more log output.

BUILD FAILED

Total time: 23.859 secs
12:36:24.699 [DEBUG] [org.gradle.api.internal.tasks.compile.daemon.CompilerDaemonManager] Stopping 0 compiler daemon(s).
12:36:24.699 [INFO] [org.gradle.api.internal.tasks.compile.daemon.CompilerDaemonManager] Stopped 0 compiler daemon(s).
12:36:24.699 [DEBUG] [org.gradle.cache.internal.DefaultCacheAccess] Cache Plugin Resolution Cache (C:\Users\FTC 6473\.gradle\caches\2.4\plugin-resolution) was closed 0 times.
12:36:24.699 [DEBUG] [org.gradle.cache.internal.DefaultFileLockManager] Releasing lock on jars (C:\Users\FTC 6473\.gradle\caches\jars-1).
12:36:24.699 [DEBUG] [org.gradle.cache.internal.btree.BTreePersistentIndexedCache] Closing cache module-metadata.bin (C:\Users\FTC 6473\.gradle\caches\modules-2\metadata-2.15\module-metadata.bin)
12:36:24.699 [DEBUG] [org.gradle.cache.internal.DefaultFileLockManager] Releasing lock on artifact cache (C:\Users\FTC 6473\.gradle\caches\modules-2).
12:36:24.699 [DEBUG] [org.gradle.cache.internal.DefaultFileLockManager] Releasing lock on initscript class cache for initialization script 'C:\Users\FTC 6473\AppData\Local\Temp\asLocalRepo20.gradle' (C:\Users\FTC 6473\.gradle\caches\2.4\scripts\asLocalRepo20_5mf98rjjmxamcv4ncn3vb1lrj\InitScript\initscript).
12:36:24.699 [DEBUG] [org.gradle.cache.internal.DefaultFileLockManager] Releasing lock on no_initscript class cache for initialization script 'C:\Users\FTC 6473\AppData\Local\Temp\asLocalRepo20.gradle' (C:\Users\FTC 6473\.gradle\caches\2.4\scripts\asLocalRepo20_5mf98rjjmxamcv4ncn3vb1lrj\InitScript\no_initscript).
12:36:24.699 [DEBUG] [org.gradle.cache.internal.DefaultFileLockManager] Releasing lock on initscript class cache for initialization script 'C:\Users\FTC 6473\AppData\Local\Temp\ijinit5.gradle' (C:\Users\FTC 6473\.gradle\caches\2.4\scripts\ijinit5_f3to95ylm3twuurkuyhjubasa\InitScript\initscript).
12:36:24.699 [DEBUG] [org.gradle.cache.internal.DefaultFileLockManager] Releasing lock on no_initscript class cache for initialization script 'C:\Users\FTC 6473\AppData\Local\Temp\ijinit5.gradle' (C:\Users\FTC 6473\.gradle\caches\2.4\scripts\ijinit5_f3to95ylm3twuurkuyhjubasa\InitScript\no_initscript).
12:36:24.699 [DEBUG] [org.gradle.cache.internal.DefaultFileLockManager] Releasing lock on buildscript class cache for settings file 'C:\Users\FTC 6473\Downloads\ftc_app-master\settings.gradle' (C:\Users\FTC 6473\.gradle\caches\2.4\scripts\settings_erz9k11bc2zsepoug9f6akgwe\SettingsScript\buildscript).
12:36:24.699 [DEBUG] [org.gradle.cache.internal.DefaultFileLockManager] Releasing lock on no_buildscript class cache for settings file 'C:\Users\FTC 6473\Downloads\ftc_app-master\settings.gradle' (C:\Users\FTC 6473\.gradle\caches\2.4\scripts\settings_erz9k11bc2zsepoug9f6akgwe\SettingsScript\no_buildscript).
12:36:24.699 [DEBUG] [org.gradle.cache.internal.DefaultFileLockManager] Releasing lock on buildscript class cache for build file 'C:\Users\FTC 6473\Downloads\ftc_app-master\build.gradle' (C:\Users\FTC 6473\.gradle\caches\2.4\scripts\build_pglf30dpe6ubx5mkujtn6a0h\ProjectScript\buildscript).
12:36:24.699 [DEBUG] [org.gradle.cache.internal.DefaultFileLockManager] Releasing lock on no_buildscript class cache for build file 'C:\Users\FTC 6473\Downloads\ftc_app-master\build.gradle' (C:\Users\FTC 6473\.gradle\caches\2.4\scripts\build_pglf30dpe6ubx5mkujtn6a0h\ProjectScript\no_buildscript).
12:36:24.715 [DEBUG] [org.gradle.cache.internal.DefaultFileLockManager] Releasing lock on buildscript class cache for build file 'C:\Users\FTC 6473\Downloads\ftc_app-master\FtcRobotController\build.gradle' (C:\Users\FTC 6473\.gradle\caches\2.4\scripts\build_ew4newoalg909vbkn65xjmlki\ProjectScript\buildscript).
12:36:24.715 [DEBUG] [org.gradle.cache.internal.DefaultFileLockManager] Releasing lock on no_buildscript class cache for build file 'C:\Users\FTC 6473\Downloads\ftc_app-master\FtcRobotController\build.gradle' (C:\Users\FTC 6473\.gradle\caches\2.4\scripts\build_ew4newoalg909vbkn65xjmlki\ProjectScript\no_buildscript).
12:36:24.715 [DEBUG] [org.gradle.cache.internal.DefaultFileLockManager] Releasing lock on buildscript class cache for build file 'C:\Users\FTC 6473\Downloads\ftc_app-master\SwerveRoboticsLibrary\build.gradle' (C:\Users\FTC 6473\.gradle\caches\2.4\scripts\build_ar5x8orjdz0wtmt71xxf54c51\ProjectScript\buildscript).
12:36:24.715 [DEBUG] [org.gradle.cache.internal.DefaultFileLockManager] Releasing lock on no_buildscript class cache for build file 'C:\Users\FTC 6473\Downloads\ftc_app-master\SwerveRoboticsLibrary\build.gradle' (C:\Users\FTC 6473\.gradle\caches\2.4\scripts\build_ar5x8orjdz0wtmt71xxf54c51\ProjectScript\no_buildscript).
12:36:24.731 [DEBUG] [org.gradle.api.internal.artifacts.ivyservice.resolveengine.store.CachedStoreFactory] Resolution result cache closed. Cache reads: 0, disk reads: 20 (avg: 0.0 secs, total: 0.012 secs)
12:36:24.731 [DEBUG] [org.gradle.api.internal.artifacts.ivyservice.resolveengine.store.CachedStoreFactory] Resolved configuration cache closed. Cache reads: 0, disk reads: 0 (avg: 0.0 secs, total: 0.0 secs)
12:36:24.731 [DEBUG] [org.gradle.api.internal.artifacts.ivyservice.resolveengine.store.ResolutionResultsStoreFactory] Deleted 2 resolution results binary files in 0.016 secs
12:36:24.731 [DEBUG] [org.gradle.api.internal.artifacts.ivyservice.ivyresolve.memcache.InMemoryCachedRepositoryFactory] In-memory dependency metadata cache closed. Repos cached: 102, cache instances: 7, modules served from cache: 582, artifacts: 132
12:36:24.731 [DEBUG] [org.gradle.launcher.daemon.server.exec.ExecuteBuild] The daemon has finished executing the build.
12:36:25.117 [DEBUG] [org.gradle.launcher.daemon.server.DaemonStateCoordinator] Daemon is busy, sleeping until state changes.
12:36:25.117 [DEBUG] [org.gradle.launcher.daemon.server.DaemonStateCoordinator] Command execution: finished waiting for DaemonCommandExecution[command = Build{id=abe56809-9c11-45d0-81fe-996f7512109f.1, currentDir=C:\Users\FTC 6473\Downloads\ftc_app-master}, connection = org.gradle.launcher.daemon.server.DefaultDaemonConnection@331a0883]. Result org.gradle.launcher.daemon.server.DaemonStateCoordinator@36f6bc85 with state Running
12:36:25.117 [DEBUG] [org.gradle.launcher.daemon.server.DaemonStateCoordinator] Command execution: completed DaemonCommandExecution[command = Build{id=abe56809-9c11-45d0-81fe-996f7512109f.1, currentDir=C:\Users\FTC 6473\Downloads\ftc_app-master}, connection = org.gradle.launcher.daemon.server.DefaultDaemonConnection@331a0883]
12:36:25.117 [DEBUG] [org.gradle.launcher.daemon.server.DaemonStateCoordinator] updating lastActivityAt to 1449254185117
12:36:25.117 [INFO] [org.gradle.launcher.daemon.server.DomainRegistryUpdater] Marking the daemon as idle, address: [694f1f2f-7e37-4f47-a3e9-45a67feac36b port:61506, addresses:[/127.0.0.1, /0:0:0:0:0:0:0:1]]
12:36:25.117 [DEBUG] [org.gradle.launcher.daemon.registry.PersistentDaemonRegistry] Marking idle by address: [694f1f2f-7e37-4f47-a3e9-45a67feac36b port:61506, addresses:[/127.0.0.1, /0:0:0:0:0:0:0:1]]
12:36:25.117 [DEBUG] [org.gradle.cache.internal.DefaultFileLockManager] Waiting to acquire exclusive lock on daemon addresses registry.
12:36:25.117 [DEBUG] [org.gradle.cache.internal.DefaultFileLockManager] Lock acquired.
12:36:25.132 [DEBUG] [org.gradle.cache.internal.DefaultFileLockManager] Releasing lock on daemon addresses registry.
12:36:25.132 [DEBUG] [org.gradle.launcher.daemon.server.DaemonStateCoordinator] Cancel: daemon is idle now.
12:36:25.132 [DEBUG] [org.gradle.launcher.daemon.server.exec.ReturnResult] Daemon is dispatching the build result: CommandFailure[value=org.gradle.launcher.exec.ReportedException: org.gradle.internal.exceptions.LocationAwareException: Build cancelled.]
12:36:25.132 [DEBUG] [org.gradle.launcher.daemon.server.DaemonStateCoordinator] Daemon is idle, sleeping until state change or idle timeout at Fri Dec 04 15:36:25 CST 2015
12:36:25.132 [DEBUG] [org.gradle.launcher.daemon.server.SynchronizedDispatchConnection] thread 13: dispatching class org.gradle.launcher.daemon.protocol.CommandFailure
12:36:25.148 [DEBUG] [org.gradle.launcher.daemon.server.DefaultIncomingConnectionHandler] Finishing executing command: Build{id=abe56809-9c11-45d0-81fe-996f7512109f.1, currentDir=C:\Users\FTC 6473\Downloads\ftc_app-master}
12:36:25.179 [DEBUG] [org.gradle.launcher.daemon.server.SynchronizedDispatchConnection] thread 14: received class org.gradle.launcher.daemon.protocol.Finished
12:36:25.179 [DEBUG] [org.gradle.launcher.daemon.server.DefaultDaemonConnection] Received non-IO message from client: org.gradle.launcher.daemon.protocol.Finished@27a99bd8
12:36:25.179 [DEBUG] [org.gradle.launcher.daemon.server.SynchronizedDispatchConnection] thread 14: received null
12:36:25.179 [DEBUG] [org.gradle.launcher.daemon.server.DefaultDaemonConnection] Received end-of-input from client.
12:36:25.179 [DEBUG] [org.gradle.launcher.daemon.server.DefaultIncomingConnectionHandler] Received finished message: org.gradle.launcher.daemon.protocol.Finished@27a99bd8
12:36:25.179 [DEBUG] [org.gradle.launcher.daemon.server.SynchronizedDispatchConnection] thread 13: stopping connection
12:36:25.179 [DEBUG] [org.gradle.launcher.daemon.server.SynchronizedDispatchConnection] thread 13: stopping connection
12:47:41.290 [DEBUG] [org.gradle.messaging.remote.internal.inet.TcpIncomingConnector] Accepted connection from /127.0.0.1:63015 to /127.0.0.1:61506.
12:47:41.324 [DEBUG] [org.gradle.launcher.daemon.server.SynchronizedDispatchConnection] thread 20: received class org.gradle.launcher.daemon.protocol.Stop
12:47:41.324 [DEBUG] [org.gradle.launcher.daemon.server.DefaultDaemonConnection] Received non-IO message from client: Stop[id=2adabde4-2896-4361-8534-8a509fe45d7b.1]
12:47:41.325 [INFO] [org.gradle.launcher.daemon.server.DefaultIncomingConnectionHandler] Received command: Stop[id=2adabde4-2896-4361-8534-8a509fe45d7b.1].
12:47:41.325 [DEBUG] [org.gradle.launcher.daemon.server.DefaultIncomingConnectionHandler] Starting executing command: Stop[id=2adabde4-2896-4361-8534-8a509fe45d7b.1] with connection: socket connection from /127.0.0.1:61506 to /127.0.0.1:63015.
12:47:41.325 [DEBUG] [org.gradle.launcher.daemon.server.DaemonStateCoordinator] Daemon stop requested.
12:47:41.326 [DEBUG] [org.gradle.launcher.daemon.server.DaemonStateCoordinator] Marking daemon stopped due to forceful stop requested. The daemon is running a build: false
12:47:41.326 [DEBUG] [org.gradle.launcher.daemon.server.DaemonStateCoordinator] Idle timeout: daemon has stopped.
12:47:41.327 [DEBUG] [org.gradle.launcher.daemon.server.Daemon] stop() called on daemon
12:47:41.327 [DEBUG] [org.gradle.launcher.daemon.server.SynchronizedDispatchConnection] thread 19: dispatching class org.gradle.launcher.daemon.protocol.Success
12:47:41.327 [INFO] [org.gradle.launcher.daemon.server.Daemon] Stop requested. Daemon is removing its presence from the registry...
12:47:41.328 [DEBUG] [org.gradle.launcher.daemon.server.DomainRegistryUpdater] Removing our presence to clients, eg. removing this address from the registry: [694f1f2f-7e37-4f47-a3e9-45a67feac36b port:61506, addresses:[/127.0.0.1, /0:0:0:0:0:0:0:1]]
12:47:41.328 [DEBUG] [org.gradle.launcher.daemon.registry.PersistentDaemonRegistry] Removing daemon address: [694f1f2f-7e37-4f47-a3e9-45a67feac36b port:61506, addresses:[/127.0.0.1, /0:0:0:0:0:0:0:1]]
12:47:41.329 [DEBUG] [org.gradle.launcher.daemon.server.DefaultIncomingConnectionHandler] Finishing executing command: Stop[id=2adabde4-2896-4361-8534-8a509fe45d7b.1]
12:47:41.330 [DEBUG] [org.gradle.cache.internal.DefaultFileLockManager] Waiting to acquire exclusive lock on daemon addresses registry.
12:47:41.330 [DEBUG] [org.gradle.cache.internal.DefaultFileLockManager] Lock acquired.
12:47:41.333 [DEBUG] [org.gradle.launcher.daemon.server.SynchronizedDispatchConnection] thread 20: received class org.gradle.launcher.daemon.protocol.Finished
12:47:41.334 [DEBUG] [org.gradle.cache.internal.DefaultFileLockManager] Releasing lock on daemon addresses registry.
12:47:41.334 [DEBUG] [org.gradle.launcher.daemon.server.DefaultDaemonConnection] Received non-IO message from client: org.gradle.launcher.daemon.protocol.Finished@7cb6633e
12:47:41.334 [DEBUG] [org.gradle.launcher.daemon.server.DomainRegistryUpdater] Address removed from registry.
12:47:41.335 [DEBUG] [org.gradle.launcher.daemon.server.SynchronizedDispatchConnection] thread 20: received null
12:47:41.334 [DEBUG] [org.gradle.launcher.daemon.server.DefaultIncomingConnectionHandler] Received finished message: org.gradle.launcher.daemon.protocol.Finished@7cb6633e
12:47:41.335 [DEBUG] [org.gradle.launcher.daemon.server.DefaultDaemonConnection] Received end-of-input from client.
12:47:41.335 [DEBUG] [org.gradle.launcher.daemon.server.SynchronizedDispatchConnection] thread 19: stopping connection
12:47:41.336 [DEBUG] [org.gradle.launcher.daemon.server.SynchronizedDispatchConnection] thread 19: stopping connection
Daemon vm is shutting down... The daemon has exited normally or was terminated in response to a user interrupt.
12:47:41.337 [DEBUG] [org.gradle.launcher.daemon.registry.PersistentDaemonRegistry] Removing daemon address: [694f1f2f-7e37-4f47-a3e9-45a67feac36b port:61506, addresses:[/127.0.0.1, /0:0:0:0:0:0:0:1]]
12:47:41.338 [DEBUG] [org.gradle.cache.internal.DefaultFileLockManager] Waiting to acquire exclusive lock on daemon addresses registry.
12:47:41.338 [DEBUG] [org.gradle.cache.internal.DefaultFileLockManager] Lock acquired.
12:47:41.342 [DEBUG] [org.gradle.cache.internal.DefaultFileLockManager] Releasing lock on daemon addresses registry.
