14:22:09.747 [INFO] [org.gradle.launcher.daemon.server.Daemon] start() called on daemon - DefaultDaemonContext[uid=91f3b18d-b77e-4473-9d25-266ec3ca0252,javaHome=C:\Program Files\Java\jdk1.7.0_79,daemonRegistryDir=C:\Users\FTC 6473\.gradle\daemon,pid=692,idleTimeout=10800000,daemonOpts=-XX:MaxPermSize=256m,-XX:+HeapDumpOnOutOfMemoryError,-Xmx1024m,-Dfile.encoding=windows-1252,-Duser.country=US,-Duser.language=en,-Duser.variant]
14:22:09.768 [DEBUG] [org.gradle.launcher.daemon.server.DaemonStateCoordinator] updating lastActivityAt to 1446754929768
14:22:09.807 [DEBUG] [org.gradle.messaging.remote.internal.inet.InetAddressFactory] Adding IP addresses for network interface Software Loopback Interface 1
14:22:09.809 [DEBUG] [org.gradle.messaging.remote.internal.inet.InetAddressFactory] Is this a loopback interface? true
14:22:09.810 [DEBUG] [org.gradle.messaging.remote.internal.inet.InetAddressFactory] Is this a multicast interface? true
14:22:09.810 [DEBUG] [org.gradle.messaging.remote.internal.inet.InetAddressFactory] Adding loopback address /127.0.0.1
14:22:09.811 [DEBUG] [org.gradle.messaging.remote.internal.inet.InetAddressFactory] Adding loopback address /0:0:0:0:0:0:0:1
14:22:09.811 [DEBUG] [org.gradle.messaging.remote.internal.inet.InetAddressFactory] Adding loopback multicast interface Software Loopback Interface 1
14:22:09.812 [DEBUG] [org.gradle.messaging.remote.internal.inet.InetAddressFactory] Adding IP addresses for network interface WAN Miniport (SSTP)
14:22:09.813 [DEBUG] [org.gradle.messaging.remote.internal.inet.InetAddressFactory] Is this a loopback interface? false
14:22:09.815 [DEBUG] [org.gradle.messaging.remote.internal.inet.InetAddressFactory] Is this a multicast interface? true
14:22:09.815 [DEBUG] [org.gradle.messaging.remote.internal.inet.InetAddressFactory] Adding loopback multicast interface WAN Miniport (SSTP)
14:22:09.815 [DEBUG] [org.gradle.messaging.remote.internal.inet.InetAddressFactory] Adding IP addresses for network interface WAN Miniport (IKEv2)
14:22:09.817 [DEBUG] [org.gradle.messaging.remote.internal.inet.InetAddressFactory] Is this a loopback interface? false
14:22:09.818 [DEBUG] [org.gradle.messaging.remote.internal.inet.InetAddressFactory] Is this a multicast interface? true
14:22:09.819 [DEBUG] [org.gradle.messaging.remote.internal.inet.InetAddressFactory] Adding loopback multicast interface WAN Miniport (IKEv2)
14:22:09.819 [DEBUG] [org.gradle.messaging.remote.internal.inet.InetAddressFactory] Adding IP addresses for network interface WAN Miniport (L2TP)
14:22:09.820 [DEBUG] [org.gradle.messaging.remote.internal.inet.InetAddressFactory] Is this a loopback interface? false
14:22:09.821 [DEBUG] [org.gradle.messaging.remote.internal.inet.InetAddressFactory] Is this a multicast interface? true
14:22:09.822 [DEBUG] [org.gradle.messaging.remote.internal.inet.InetAddressFactory] Adding loopback multicast interface WAN Miniport (L2TP)
14:22:09.822 [DEBUG] [org.gradle.messaging.remote.internal.inet.InetAddressFactory] Adding IP addresses for network interface WAN Miniport (PPTP)
14:22:09.823 [DEBUG] [org.gradle.messaging.remote.internal.inet.InetAddressFactory] Is this a loopback interface? false
14:22:09.825 [DEBUG] [org.gradle.messaging.remote.internal.inet.InetAddressFactory] Is this a multicast interface? true
14:22:09.825 [DEBUG] [org.gradle.messaging.remote.internal.inet.InetAddressFactory] Adding loopback multicast interface WAN Miniport (PPTP)
14:22:09.825 [DEBUG] [org.gradle.messaging.remote.internal.inet.InetAddressFactory] Adding IP addresses for network interface WAN Miniport (PPPOE)
14:22:09.827 [DEBUG] [org.gradle.messaging.remote.internal.inet.InetAddressFactory] Is this a loopback interface? false
14:22:09.828 [DEBUG] [org.gradle.messaging.remote.internal.inet.InetAddressFactory] Is this a multicast interface? true
14:22:09.828 [DEBUG] [org.gradle.messaging.remote.internal.inet.InetAddressFactory] Adding loopback multicast interface WAN Miniport (PPPOE)
14:22:09.828 [DEBUG] [org.gradle.messaging.remote.internal.inet.InetAddressFactory] Adding IP addresses for network interface WAN Miniport (IPv6)
14:22:09.830 [DEBUG] [org.gradle.messaging.remote.internal.inet.InetAddressFactory] Is this a loopback interface? false
14:22:09.830 [DEBUG] [org.gradle.messaging.remote.internal.inet.InetAddressFactory] Is this a multicast interface? true
14:22:09.831 [DEBUG] [org.gradle.messaging.remote.internal.inet.InetAddressFactory] Adding loopback multicast interface WAN Miniport (IPv6)
14:22:09.831 [DEBUG] [org.gradle.messaging.remote.internal.inet.InetAddressFactory] Adding IP addresses for network interface WAN Miniport (Network Monitor)
14:22:09.833 [DEBUG] [org.gradle.messaging.remote.internal.inet.InetAddressFactory] Is this a loopback interface? false
14:22:09.834 [DEBUG] [org.gradle.messaging.remote.internal.inet.InetAddressFactory] Is this a multicast interface? true
14:22:09.834 [DEBUG] [org.gradle.messaging.remote.internal.inet.InetAddressFactory] Adding loopback multicast interface WAN Miniport (Network Monitor)
14:22:09.834 [DEBUG] [org.gradle.messaging.remote.internal.inet.InetAddressFactory] Adding IP addresses for network interface WAN Miniport (IP)
14:22:09.836 [DEBUG] [org.gradle.messaging.remote.internal.inet.InetAddressFactory] Is this a loopback interface? false
14:22:09.837 [DEBUG] [org.gradle.messaging.remote.internal.inet.InetAddressFactory] Is this a multicast interface? true
14:22:09.837 [DEBUG] [org.gradle.messaging.remote.internal.inet.InetAddressFactory] Adding loopback multicast interface WAN Miniport (IP)
14:22:09.838 [DEBUG] [org.gradle.messaging.remote.internal.inet.InetAddressFactory] Adding IP addresses for network interface RAS Async Adapter
14:22:09.839 [DEBUG] [org.gradle.messaging.remote.internal.inet.InetAddressFactory] Is this a loopback interface? false
14:22:09.840 [DEBUG] [org.gradle.messaging.remote.internal.inet.InetAddressFactory] Is this a multicast interface? true
14:22:09.841 [DEBUG] [org.gradle.messaging.remote.internal.inet.InetAddressFactory] Adding loopback multicast interface RAS Async Adapter
14:22:09.841 [DEBUG] [org.gradle.messaging.remote.internal.inet.InetAddressFactory] Adding IP addresses for network interface Broadcom NetXtreme Gigabit Ethernet
14:22:09.842 [DEBUG] [org.gradle.messaging.remote.internal.inet.InetAddressFactory] Is this a loopback interface? false
14:22:09.843 [DEBUG] [org.gradle.messaging.remote.internal.inet.InetAddressFactory] Is this a multicast interface? true
14:22:09.844 [DEBUG] [org.gradle.messaging.remote.internal.inet.InetAddressFactory] Adding remote address /172.16.72.160
14:22:09.844 [DEBUG] [org.gradle.messaging.remote.internal.inet.InetAddressFactory] Adding remote address /fe80:0:0:0:9153:ea9b:5c9f:e8b1%11
14:22:09.844 [DEBUG] [org.gradle.messaging.remote.internal.inet.InetAddressFactory] Adding remote multicast interface Broadcom NetXtreme Gigabit Ethernet
14:22:09.845 [DEBUG] [org.gradle.messaging.remote.internal.inet.InetAddressFactory] Adding IP addresses for network interface Microsoft ISATAP Adapter
14:22:09.846 [DEBUG] [org.gradle.messaging.remote.internal.inet.InetAddressFactory] Is this a loopback interface? false
14:22:09.847 [DEBUG] [org.gradle.messaging.remote.internal.inet.InetAddressFactory] Is this a multicast interface? false
14:22:09.847 [DEBUG] [org.gradle.messaging.remote.internal.inet.InetAddressFactory] Adding IP addresses for network interface Bluetooth Device (Personal Area Network)
14:22:09.848 [DEBUG] [org.gradle.messaging.remote.internal.inet.InetAddressFactory] Is this a loopback interface? false
14:22:09.850 [DEBUG] [org.gradle.messaging.remote.internal.inet.InetAddressFactory] Is this a multicast interface? true
14:22:09.850 [DEBUG] [org.gradle.messaging.remote.internal.inet.InetAddressFactory] Adding remote address /fe80:0:0:0:f9f3:ce7f:5fd1:a3c7%13
14:22:09.850 [DEBUG] [org.gradle.messaging.remote.internal.inet.InetAddressFactory] Adding remote multicast interface Bluetooth Device (Personal Area Network)
14:22:09.851 [DEBUG] [org.gradle.messaging.remote.internal.inet.InetAddressFactory] Adding IP addresses for network interface Microsoft ISATAP Adapter #2
14:22:09.852 [DEBUG] [org.gradle.messaging.remote.internal.inet.InetAddressFactory] Is this a loopback interface? false
14:22:09.853 [DEBUG] [org.gradle.messaging.remote.internal.inet.InetAddressFactory] Is this a multicast interface? false
14:22:09.854 [DEBUG] [org.gradle.messaging.remote.internal.inet.InetAddressFactory] Adding remote address /fe80:0:0:0:0:5efe:ac10:48a0%14
14:22:09.854 [DEBUG] [org.gradle.messaging.remote.internal.inet.InetAddressFactory] Adding IP addresses for network interface Bluetooth Device (RFCOMM Protocol TDI)
14:22:09.855 [DEBUG] [org.gradle.messaging.remote.internal.inet.InetAddressFactory] Is this a loopback interface? false
14:22:09.857 [DEBUG] [org.gradle.messaging.remote.internal.inet.InetAddressFactory] Is this a multicast interface? true
14:22:09.857 [DEBUG] [org.gradle.messaging.remote.internal.inet.InetAddressFactory] Adding loopback multicast interface Bluetooth Device (RFCOMM Protocol TDI)
14:22:09.857 [DEBUG] [org.gradle.messaging.remote.internal.inet.InetAddressFactory] Adding IP addresses for network interface Broadcom NetXtreme Gigabit Ethernet-QoS Packet Scheduler-0000
14:22:09.859 [DEBUG] [org.gradle.messaging.remote.internal.inet.InetAddressFactory] Is this a loopback interface? false
14:22:09.861 [DEBUG] [org.gradle.messaging.remote.internal.inet.InetAddressFactory] Is this a multicast interface? true
14:22:09.862 [DEBUG] [org.gradle.messaging.remote.internal.inet.InetAddressFactory] Adding loopback multicast interface Broadcom NetXtreme Gigabit Ethernet-QoS Packet Scheduler-0000
14:22:09.862 [DEBUG] [org.gradle.messaging.remote.internal.inet.InetAddressFactory] Adding IP addresses for network interface WAN Miniport (IPv6)-QoS Packet Scheduler-0000
14:22:09.864 [DEBUG] [org.gradle.messaging.remote.internal.inet.InetAddressFactory] Is this a loopback interface? false
14:22:09.865 [DEBUG] [org.gradle.messaging.remote.internal.inet.InetAddressFactory] Is this a multicast interface? true
14:22:09.866 [DEBUG] [org.gradle.messaging.remote.internal.inet.InetAddressFactory] Adding loopback multicast interface WAN Miniport (IPv6)-QoS Packet Scheduler-0000
14:22:09.866 [DEBUG] [org.gradle.messaging.remote.internal.inet.InetAddressFactory] Adding IP addresses for network interface WAN Miniport (Network Monitor)-QoS Packet Scheduler-0000
14:22:09.867 [DEBUG] [org.gradle.messaging.remote.internal.inet.InetAddressFactory] Is this a loopback interface? false
14:22:09.869 [DEBUG] [org.gradle.messaging.remote.internal.inet.InetAddressFactory] Is this a multicast interface? true
14:22:09.869 [DEBUG] [org.gradle.messaging.remote.internal.inet.InetAddressFactory] Adding loopback multicast interface WAN Miniport (Network Monitor)-QoS Packet Scheduler-0000
14:22:09.870 [DEBUG] [org.gradle.messaging.remote.internal.inet.InetAddressFactory] Adding IP addresses for network interface WAN Miniport (IP)-QoS Packet Scheduler-0000
14:22:09.871 [DEBUG] [org.gradle.messaging.remote.internal.inet.InetAddressFactory] Is this a loopback interface? false
14:22:09.872 [DEBUG] [org.gradle.messaging.remote.internal.inet.InetAddressFactory] Is this a multicast interface? true
14:22:09.872 [DEBUG] [org.gradle.messaging.remote.internal.inet.InetAddressFactory] Adding loopback multicast interface WAN Miniport (IP)-QoS Packet Scheduler-0000
14:22:09.873 [DEBUG] [org.gradle.messaging.remote.internal.inet.InetAddressFactory] Adding IP addresses for network interface Broadcom NetXtreme Gigabit Ethernet-WFP LightWeight Filter-0000
14:22:09.874 [DEBUG] [org.gradle.messaging.remote.internal.inet.InetAddressFactory] Is this a loopback interface? false
14:22:09.875 [DEBUG] [org.gradle.messaging.remote.internal.inet.InetAddressFactory] Is this a multicast interface? true
14:22:09.876 [DEBUG] [org.gradle.messaging.remote.internal.inet.InetAddressFactory] Adding loopback multicast interface Broadcom NetXtreme Gigabit Ethernet-WFP LightWeight Filter-0000
14:22:09.934 [DEBUG] [org.gradle.messaging.remote.internal.inet.TcpIncomingConnector] Listening on [7c3239f8-aecb-4412-aecb-915d892cde84 port:50530, addresses:[/127.0.0.1, /0:0:0:0:0:0:0:1]].
14:22:09.936 [DEBUG] [org.gradle.launcher.daemon.server.Daemon] Daemon starting at: Thu Nov 05 14:22:09 CST 2015, with address: [7c3239f8-aecb-4412-aecb-915d892cde84 port:50530, addresses:[/127.0.0.1, /0:0:0:0:0:0:0:1]]
14:22:09.937 [INFO] [org.gradle.launcher.daemon.server.DomainRegistryUpdater] Advertising the daemon address to the clients: [7c3239f8-aecb-4412-aecb-915d892cde84 port:50530, addresses:[/127.0.0.1, /0:0:0:0:0:0:0:1]]
14:22:09.938 [DEBUG] [org.gradle.launcher.daemon.server.DomainRegistryUpdater] Advertised daemon context: DefaultDaemonContext[uid=91f3b18d-b77e-4473-9d25-266ec3ca0252,javaHome=C:\Program Files\Java\jdk1.7.0_79,daemonRegistryDir=C:\Users\FTC 6473\.gradle\daemon,pid=692,idleTimeout=10800000,daemonOpts=-XX:MaxPermSize=256m,-XX:+HeapDumpOnOutOfMemoryError,-Xmx1024m,-Dfile.encoding=windows-1252,-Duser.country=US,-Duser.language=en,-Duser.variant]
14:22:09.938 [DEBUG] [org.gradle.launcher.daemon.registry.PersistentDaemonRegistry] Storing daemon address: [7c3239f8-aecb-4412-aecb-915d892cde84 port:50530, addresses:[/127.0.0.1, /0:0:0:0:0:0:0:1]], context: DefaultDaemonContext[uid=91f3b18d-b77e-4473-9d25-266ec3ca0252,javaHome=C:\Program Files\Java\jdk1.7.0_79,daemonRegistryDir=C:\Users\FTC 6473\.gradle\daemon,pid=692,idleTimeout=10800000,daemonOpts=-XX:MaxPermSize=256m,-XX:+HeapDumpOnOutOfMemoryError,-Xmx1024m,-Dfile.encoding=windows-1252,-Duser.country=US,-Duser.language=en,-Duser.variant]
14:22:09.949 [DEBUG] [org.gradle.cache.internal.DefaultFileLockManager] Waiting to acquire exclusive lock on daemon addresses registry.
14:22:09.951 [DEBUG] [org.gradle.cache.internal.DefaultFileLockManager] Lock acquired.
14:22:10.001 [DEBUG] [org.gradle.cache.internal.DefaultFileLockManager] Releasing lock on daemon addresses registry.
14:22:10.002 [LIFECYCLE] [org.gradle.launcher.daemon.server.Daemon] Daemon server started.
14:22:10.005 [DEBUG] [org.gradle.launcher.daemon.bootstrap.DaemonStartupCommunication] Completed writing the daemon greeting. Closing streams...
14:22:10.006 [DEBUG] [org.gradle.launcher.daemon.server.Daemon] requestStopOnIdleTimeout(10800000 MILLISECONDS) called on daemon
14:22:10.007 [DEBUG] [org.gradle.launcher.daemon.server.DaemonStateCoordinator] Idle timeout: waiting for daemon to stop or be idle for 10800000ms
14:22:10.007 [DEBUG] [org.gradle.launcher.daemon.server.DaemonStateCoordinator] Daemon is idle, sleeping until state change or idle timeout at Thu Nov 05 17:22:09 CST 2015
14:22:10.141 [DEBUG] [org.gradle.messaging.remote.internal.inet.TcpIncomingConnector] Accepted connection from /127.0.0.1:50531 to /127.0.0.1:50530.
14:22:10.213 [DEBUG] [org.gradle.launcher.daemon.server.SynchronizedDispatchConnection] thread 14: received class org.gradle.launcher.daemon.protocol.Build
14:22:10.214 [DEBUG] [org.gradle.launcher.daemon.server.DefaultDaemonConnection] Received non-IO message from client: Build{id=7a140ff1-d7ef-4152-989b-b0ad9f20e136.1, currentDir=C:\Users\FTC 6473\Downloads\ftc_app-master}
14:22:10.214 [INFO] [org.gradle.launcher.daemon.server.DefaultIncomingConnectionHandler] Received command: Build{id=7a140ff1-d7ef-4152-989b-b0ad9f20e136.1, currentDir=C:\Users\FTC 6473\Downloads\ftc_app-master}.
14:22:10.214 [DEBUG] [org.gradle.launcher.daemon.server.DefaultIncomingConnectionHandler] Starting executing command: Build{id=7a140ff1-d7ef-4152-989b-b0ad9f20e136.1, currentDir=C:\Users\FTC 6473\Downloads\ftc_app-master} with connection: socket connection from /127.0.0.1:50530 to /127.0.0.1:50531.
14:22:10.225 [DEBUG] [org.gradle.launcher.daemon.server.DaemonStateCoordinator] Command execution: started DaemonCommandExecution[command = Build{id=7a140ff1-d7ef-4152-989b-b0ad9f20e136.1, currentDir=C:\Users\FTC 6473\Downloads\ftc_app-master}, connection = org.gradle.launcher.daemon.server.DefaultDaemonConnection@3fd102f8] after 0.0 minutes of idle
14:22:10.226 [INFO] [org.gradle.launcher.daemon.server.DomainRegistryUpdater] Marking the daemon as busy, address: [7c3239f8-aecb-4412-aecb-915d892cde84 port:50530, addresses:[/127.0.0.1, /0:0:0:0:0:0:0:1]]
14:22:10.226 [DEBUG] [org.gradle.launcher.daemon.registry.PersistentDaemonRegistry] Marking busy by address: [7c3239f8-aecb-4412-aecb-915d892cde84 port:50530, addresses:[/127.0.0.1, /0:0:0:0:0:0:0:1]]
14:22:10.227 [DEBUG] [org.gradle.cache.internal.DefaultFileLockManager] Waiting to acquire exclusive lock on daemon addresses registry.
14:22:10.227 [DEBUG] [org.gradle.cache.internal.DefaultFileLockManager] Lock acquired.
14:22:10.230 [DEBUG] [org.gradle.cache.internal.DefaultFileLockManager] Releasing lock on daemon addresses registry.
14:22:10.231 [DEBUG] [org.gradle.launcher.daemon.server.DaemonStateCoordinator] updating lastActivityAt to 1446754930231
14:22:10.231 [DEBUG] [org.gradle.launcher.daemon.server.DaemonStateCoordinator] Daemon is busy, sleeping until state changes.
14:22:10.232 [INFO] [org.gradle.launcher.daemon.server.exec.StartBuildOrRespondWithBusy] Daemon is about to start building Build{id=7a140ff1-d7ef-4152-989b-b0ad9f20e136.1, currentDir=C:\Users\FTC 6473\Downloads\ftc_app-master}. Dispatching build started information...
14:22:10.233 [DEBUG] [org.gradle.launcher.daemon.server.SynchronizedDispatchConnection] thread 16: dispatching class org.gradle.launcher.daemon.protocol.BuildStarted
14:22:10.237 [DEBUG] [org.gradle.launcher.daemon.server.exec.EstablishBuildEnvironment] Configuring env variables: {USERPROFILE=C:\Users\FTC 6473, ProgramData=C:\ProgramData, PATHEXT=.COM;.EXE;.BAT;.CMD;.VBS;.VBE;.JS;.JSE;.WSF;.WSH;.MSC, ProgramFiles(x86)=C:\Program Files (x86), TEMP=C:\Users\FTC647~1\AppData\Local\Temp, SystemDrive=C:, ProgramFiles=C:\Program Files, Path=C:\Windows\system32;C:\Windows;C:\Windows\System32\Wbem;C:\Windows\System32\WindowsPowerShell\v1.0\, HOMEDRIVE=C:, PROCESSOR_REVISION=2505, USERDOMAIN=FTC6473-PC, ALLUSERSPROFILE=C:\ProgramData, ProgramW6432=C:\Program Files, PROCESSOR_IDENTIFIER=Intel64 Family 6 Model 37 Stepping 5, GenuineIntel, SESSIONNAME=Console, TMP=C:\Users\FTC647~1\AppData\Local\Temp, MpConfig_ProductUserAppDataPath=C:\Users\FTC 6473\AppData\Local\Microsoft\Windows Defender, CommonProgramFiles=C:\Program Files\Common Files, =::=::\, LOGONSERVER=\\FTC6473-PC, MpConfig_ProductAppDataPath=C:\ProgramData\Microsoft\Windows Defender, MpConfig_ProductPath=C:\Program Files\Windows Defender, PROCESSOR_ARCHITECTURE=AMD64, FP_NO_HOST_CHECK=NO, OS=Windows_NT, HOMEPATH=\Users\FTC 6473, PROCESSOR_LEVEL=6, CommonProgramW6432=C:\Program Files\Common Files, MpConfig_ProductCodeName=AntiSpyware, LOCALAPPDATA=C:\Users\FTC 6473\AppData\Local, MpConfig_ReportingGUID=0415EA06-C23A-44AA-99D7-54E7664B307A, COMPUTERNAME=FTC6473-PC, windir=C:\Windows, SystemRoot=C:\Windows, NUMBER_OF_PROCESSORS=4, USERNAME=FTC 6473, PUBLIC=C:\Users\Public, PSModulePath=C:\Windows\system32\WindowsPowerShell\v1.0\Modules\, CommonProgramFiles(x86)=C:\Program Files (x86)\Common Files, ComSpec=C:\Windows\system32\cmd.exe, APPDATA=C:\Users\FTC 6473\AppData\Roaming}
14:22:10.253 [DEBUG] [org.gradle.launcher.daemon.server.SynchronizedDispatchConnection] thread 14: received class org.gradle.launcher.daemon.protocol.CloseInput
14:22:10.254 [DEBUG] [org.gradle.launcher.daemon.server.DefaultDaemonConnection] Received IO message from client: CloseInput[id=7a140ff1-d7ef-4152-989b-b0ad9f20e136.2]
14:22:10.256 [DEBUG] [org.gradle.launcher.daemon.server.exec.LogToClient] About to start relaying all logs to the client via the connection.
14:22:10.256 [INFO] [org.gradle.launcher.daemon.server.exec.LogToClient] The client will now receive all logging from the daemon (pid: 692). The daemon log file: C:\Users\FTC 6473\.gradle\daemon\2.4\daemon-692.out.log
14:22:10.284 [INFO] [org.gradle.launcher.daemon.server.health.DaemonHealthTracker] Starting build in new daemon [memory: 954.7 MB]
14:22:10.285 [INFO] [org.gradle.launcher.daemon.server.exec.ForwardClientInput] Closing daemon's stdin at end of input.
14:22:10.286 [INFO] [org.gradle.launcher.daemon.server.exec.ForwardClientInput] The daemon will no longer process any standard input.
14:22:10.294 [DEBUG] [org.gradle.launcher.daemon.server.exec.ExecuteBuild] The daemon has started executing the build.
14:22:10.295 [INFO] [org.gradle.launcher.daemon.server.exec.ExecuteBuild] Executing build with daemon context: DefaultDaemonContext[uid=91f3b18d-b77e-4473-9d25-266ec3ca0252,javaHome=C:\Program Files\Java\jdk1.7.0_79,daemonRegistryDir=C:\Users\FTC 6473\.gradle\daemon,pid=692,idleTimeout=10800000,daemonOpts=-XX:MaxPermSize=256m,-XX:+HeapDumpOnOutOfMemoryError,-Xmx1024m,-Dfile.encoding=windows-1252,-Duser.country=US,-Duser.language=en,-Duser.variant]
14:22:12.072 [DEBUG] [org.gradle.internal.nativeintegration.services.NativeServices] Native-platform posix files is not available.  Continuing with fallback.
14:22:12.382 [INFO] [org.gradle.tooling.internal.provider.DefaultPayloadClassLoaderRegistry] Creating ClassLoader 69ded022-1aac-4ac6-9c05-281ba951aec0 from [Spec classpath:[file:/C:/Program%20Files/Android/Android%20Studio/plugins/gradle/lib/gradle-tooling-api-2.2.jar, file:/C:/Program%20Files/Android/Android%20Studio/plugins/gradle/lib/guava-jdk5-17.0.jar, file:/C:/Program%20Files/Android/Android%20Studio/plugins/gradle/lib/gradle-base-services-2.2.jar, file:/C:/Program%20Files/Android/Android%20Studio/plugins/gradle/lib/gradle-tooling-extension-api.jar, file:/C:/Program%20Files/Android/Android%20Studio/lib/openapi.jar, file:/C:/Program%20Files/Android/Android%20Studio/plugins/google-cloud-tools-core/lib/gradle-appengine-builder-model-0.1.0.jar, file:/C:/Program%20Files/Android/Android%20Studio/plugins/android/lib/builder-model-1.4.0-beta2.jar]] and [org.gradle.internal.classloader.FilteringClassLoader@650cc20b].
14:22:12.383 [DEBUG] [org.gradle.cache.internal.DefaultFileLockManager] Waiting to acquire exclusive lock on jars (C:\Users\FTC 6473\.gradle\caches\jars-1).
14:22:12.384 [DEBUG] [org.gradle.cache.internal.DefaultFileLockManager] Lock acquired.
14:22:12.385 [DEBUG] [org.gradle.cache.internal.locklistener.DefaultFileLockContentionHandler] Starting file lock listener thread.

FAILURE: Build failed with an exception.

* What went wrong:
A problem occurred configuring project ':FtcRobotController'.
> failed to find Build Tools revision 21.1.2

* Try:
Run with --stacktrace option to get the stack trace. Run with --info or --debug option to get more log output.

BUILD FAILED

Total time: 17.643 secs
14:22:23.364 [DEBUG] [org.gradle.api.internal.tasks.compile.daemon.CompilerDaemonManager] Stopping 0 compiler daemon(s).
14:22:23.364 [INFO] [org.gradle.api.internal.tasks.compile.daemon.CompilerDaemonManager] Stopped 0 compiler daemon(s).
14:22:23.365 [DEBUG] [org.gradle.cache.internal.DefaultFileLockManager] Releasing lock on artifact cache (C:\Users\FTC 6473\.gradle\caches\modules-2).
14:22:23.366 [DEBUG] [org.gradle.cache.internal.DefaultFileLockManager] Releasing lock on initscript class cache for initialization script 'C:\Users\FTC 6473\AppData\Local\Temp\asLocalRepo0.gradle' (C:\Users\FTC 6473\.gradle\caches\2.4\scripts\asLocalRepo0_9h52o6z851jh2gsfj4z10cwyi\InitScript\initscript).
14:22:23.367 [DEBUG] [org.gradle.cache.internal.DefaultFileLockManager] Releasing lock on no_initscript class cache for initialization script 'C:\Users\FTC 6473\AppData\Local\Temp\asLocalRepo0.gradle' (C:\Users\FTC 6473\.gradle\caches\2.4\scripts\asLocalRepo0_9h52o6z851jh2gsfj4z10cwyi\InitScript\no_initscript).
14:22:23.367 [DEBUG] [org.gradle.cache.internal.DefaultFileLockManager] Releasing lock on initscript class cache for initialization script 'C:\Users\FTC 6473\AppData\Local\Temp\ijinit0.gradle' (C:\Users\FTC 6473\.gradle\caches\2.4\scripts\ijinit0_3b3nskal1ehib1485io6dgjeq\InitScript\initscript).
14:22:23.368 [DEBUG] [org.gradle.cache.internal.DefaultFileLockManager] Releasing lock on no_initscript class cache for initialization script 'C:\Users\FTC 6473\AppData\Local\Temp\ijinit0.gradle' (C:\Users\FTC 6473\.gradle\caches\2.4\scripts\ijinit0_3b3nskal1ehib1485io6dgjeq\InitScript\no_initscript).
14:22:23.368 [DEBUG] [org.gradle.cache.internal.DefaultFileLockManager] Releasing lock on buildscript class cache for settings file 'C:\Users\FTC 6473\Downloads\ftc_app-master\settings.gradle' (C:\Users\FTC 6473\.gradle\caches\2.4\scripts\settings_erz9k11bc2zsepoug9f6akgwe\SettingsScript\buildscript).
14:22:23.369 [DEBUG] [org.gradle.cache.internal.DefaultFileLockManager] Releasing lock on no_buildscript class cache for settings file 'C:\Users\FTC 6473\Downloads\ftc_app-master\settings.gradle' (C:\Users\FTC 6473\.gradle\caches\2.4\scripts\settings_erz9k11bc2zsepoug9f6akgwe\SettingsScript\no_buildscript).
14:22:23.369 [DEBUG] [org.gradle.cache.internal.DefaultFileLockManager] Releasing lock on buildscript class cache for build file 'C:\Users\FTC 6473\Downloads\ftc_app-master\build.gradle' (C:\Users\FTC 6473\.gradle\caches\2.4\scripts\build_pglf30dpe6ubx5mkujtn6a0h\ProjectScript\buildscript).
14:22:23.370 [DEBUG] [org.gradle.cache.internal.DefaultFileLockManager] Releasing lock on no_buildscript class cache for build file 'C:\Users\FTC 6473\Downloads\ftc_app-master\build.gradle' (C:\Users\FTC 6473\.gradle\caches\2.4\scripts\build_pglf30dpe6ubx5mkujtn6a0h\ProjectScript\no_buildscript).
14:22:23.371 [DEBUG] [org.gradle.cache.internal.DefaultFileLockManager] Releasing lock on buildscript class cache for build file 'C:\Users\FTC 6473\Downloads\ftc_app-master\FtcRobotController\build.gradle' (C:\Users\FTC 6473\.gradle\caches\2.4\scripts\build_ew4newoalg909vbkn65xjmlki\ProjectScript\buildscript).
14:22:23.371 [DEBUG] [org.gradle.cache.internal.DefaultFileLockManager] Releasing lock on no_buildscript class cache for build file 'C:\Users\FTC 6473\Downloads\ftc_app-master\FtcRobotController\build.gradle' (C:\Users\FTC 6473\.gradle\caches\2.4\scripts\build_ew4newoalg909vbkn65xjmlki\ProjectScript\no_buildscript).
14:22:23.372 [DEBUG] [org.gradle.cache.internal.DefaultCacheAccess] Cache Plugin Resolution Cache (C:\Users\FTC 6473\.gradle\caches\2.4\plugin-resolution) was closed 0 times.
14:22:23.373 [DEBUG] [org.gradle.cache.internal.DefaultFileLockManager] Releasing lock on jars (C:\Users\FTC 6473\.gradle\caches\jars-1).
14:22:23.386 [DEBUG] [org.gradle.api.internal.artifacts.ivyservice.resolveengine.store.CachedStoreFactory] Resolution result cache closed. Cache reads: 0, disk reads: 0 (avg: 0.0 secs, total: 0.0 secs)
14:22:23.387 [DEBUG] [org.gradle.api.internal.artifacts.ivyservice.resolveengine.store.CachedStoreFactory] Resolved configuration cache closed. Cache reads: 0, disk reads: 0 (avg: 0.0 secs, total: 0.0 secs)
14:22:23.387 [DEBUG] [org.gradle.api.internal.artifacts.ivyservice.resolveengine.store.ResolutionResultsStoreFactory] Deleted 2 resolution results binary files in 0.002 secs
14:22:23.388 [DEBUG] [org.gradle.api.internal.artifacts.ivyservice.ivyresolve.memcache.InMemoryCachedRepositoryFactory] In-memory dependency metadata cache closed. Repos cached: 4, cache instances: 2, modules served from cache: 53, artifacts: 53
14:22:23.389 [DEBUG] [org.gradle.launcher.daemon.server.exec.ExecuteBuild] The daemon has finished executing the build.
14:22:24.115 [DEBUG] [org.gradle.launcher.daemon.server.DaemonStateCoordinator] Daemon is busy, sleeping until state changes.
14:22:24.124 [DEBUG] [org.gradle.launcher.daemon.server.DaemonStateCoordinator] Command execution: finished waiting for DaemonCommandExecution[command = Build{id=7a140ff1-d7ef-4152-989b-b0ad9f20e136.1, currentDir=C:\Users\FTC 6473\Downloads\ftc_app-master}, connection = org.gradle.launcher.daemon.server.DefaultDaemonConnection@3fd102f8]. Result org.gradle.launcher.daemon.server.DaemonStateCoordinator@2dabc841 with state Running
14:22:24.124 [DEBUG] [org.gradle.launcher.daemon.server.DaemonStateCoordinator] Command execution: completed DaemonCommandExecution[command = Build{id=7a140ff1-d7ef-4152-989b-b0ad9f20e136.1, currentDir=C:\Users\FTC 6473\Downloads\ftc_app-master}, connection = org.gradle.launcher.daemon.server.DefaultDaemonConnection@3fd102f8]
14:22:24.125 [DEBUG] [org.gradle.launcher.daemon.server.DaemonStateCoordinator] updating lastActivityAt to 1446754944125
14:22:24.126 [INFO] [org.gradle.launcher.daemon.server.DomainRegistryUpdater] Marking the daemon as idle, address: [7c3239f8-aecb-4412-aecb-915d892cde84 port:50530, addresses:[/127.0.0.1, /0:0:0:0:0:0:0:1]]
14:22:24.126 [DEBUG] [org.gradle.launcher.daemon.registry.PersistentDaemonRegistry] Marking idle by address: [7c3239f8-aecb-4412-aecb-915d892cde84 port:50530, addresses:[/127.0.0.1, /0:0:0:0:0:0:0:1]]
14:22:24.128 [DEBUG] [org.gradle.cache.internal.DefaultFileLockManager] Waiting to acquire exclusive lock on daemon addresses registry.
14:22:24.129 [DEBUG] [org.gradle.cache.internal.DefaultFileLockManager] Lock acquired.
14:22:24.134 [DEBUG] [org.gradle.cache.internal.DefaultFileLockManager] Releasing lock on daemon addresses registry.
14:22:24.135 [DEBUG] [org.gradle.launcher.daemon.server.exec.ReturnResult] Daemon is dispatching the build result: CommandFailure[value=org.gradle.launcher.exec.ReportedException: org.gradle.internal.exceptions.LocationAwareException: A problem occurred configuring project ':FtcRobotController'.]
14:22:24.135 [DEBUG] [org.gradle.launcher.daemon.server.SynchronizedDispatchConnection] thread 13: dispatching class org.gradle.launcher.daemon.protocol.CommandFailure
14:22:24.136 [DEBUG] [org.gradle.launcher.daemon.server.DaemonStateCoordinator] Daemon is idle, sleeping until state change or idle timeout at Thu Nov 05 17:22:24 CST 2015
14:22:24.172 [DEBUG] [org.gradle.launcher.daemon.server.DefaultIncomingConnectionHandler] Finishing executing command: Build{id=7a140ff1-d7ef-4152-989b-b0ad9f20e136.1, currentDir=C:\Users\FTC 6473\Downloads\ftc_app-master}
14:22:24.200 [DEBUG] [org.gradle.launcher.daemon.server.SynchronizedDispatchConnection] thread 14: received class org.gradle.launcher.daemon.protocol.Finished
14:22:24.201 [DEBUG] [org.gradle.launcher.daemon.server.DefaultDaemonConnection] Received non-IO message from client: org.gradle.launcher.daemon.protocol.Finished@367acabf
14:22:24.202 [DEBUG] [org.gradle.launcher.daemon.server.SynchronizedDispatchConnection] thread 14: received null
14:22:24.202 [DEBUG] [org.gradle.launcher.daemon.server.DefaultDaemonConnection] Received end-of-input from client.
14:22:24.203 [DEBUG] [org.gradle.launcher.daemon.server.DefaultIncomingConnectionHandler] Received finished message: null
14:22:24.204 [DEBUG] [org.gradle.launcher.daemon.server.SynchronizedDispatchConnection] thread 13: stopping connection
14:22:24.205 [DEBUG] [org.gradle.launcher.daemon.server.SynchronizedDispatchConnection] thread 13: stopping connection
14:22:57.837 [DEBUG] [org.gradle.messaging.remote.internal.inet.TcpIncomingConnector] Accepted connection from /127.0.0.1:50589 to /127.0.0.1:50530.
14:22:57.853 [DEBUG] [org.gradle.launcher.daemon.server.SynchronizedDispatchConnection] thread 19: received class org.gradle.launcher.daemon.protocol.Build
14:22:57.853 [DEBUG] [org.gradle.launcher.daemon.server.DefaultDaemonConnection] Received non-IO message from client: Build{id=c6fb95d0-f5dd-473e-938b-69cf8f625733.1, currentDir=C:\Users\FTC 6473\Downloads\ftc_app-master}
14:22:57.853 [INFO] [org.gradle.launcher.daemon.server.DefaultIncomingConnectionHandler] Received command: Build{id=c6fb95d0-f5dd-473e-938b-69cf8f625733.1, currentDir=C:\Users\FTC 6473\Downloads\ftc_app-master}.
14:22:57.868 [DEBUG] [org.gradle.launcher.daemon.server.DefaultIncomingConnectionHandler] Starting executing command: Build{id=c6fb95d0-f5dd-473e-938b-69cf8f625733.1, currentDir=C:\Users\FTC 6473\Downloads\ftc_app-master} with connection: socket connection from /127.0.0.1:50530 to /127.0.0.1:50589.
14:22:57.868 [DEBUG] [org.gradle.launcher.daemon.server.DaemonStateCoordinator] Command execution: started DaemonCommandExecution[command = Build{id=c6fb95d0-f5dd-473e-938b-69cf8f625733.1, currentDir=C:\Users\FTC 6473\Downloads\ftc_app-master}, connection = org.gradle.launcher.daemon.server.DefaultDaemonConnection@6d1a4697] after 0.0 minutes of idle
14:22:57.868 [INFO] [org.gradle.launcher.daemon.server.DomainRegistryUpdater] Marking the daemon as busy, address: [7c3239f8-aecb-4412-aecb-915d892cde84 port:50530, addresses:[/127.0.0.1, /0:0:0:0:0:0:0:1]]
14:22:57.868 [DEBUG] [org.gradle.launcher.daemon.registry.PersistentDaemonRegistry] Marking busy by address: [7c3239f8-aecb-4412-aecb-915d892cde84 port:50530, addresses:[/127.0.0.1, /0:0:0:0:0:0:0:1]]
14:22:57.868 [DEBUG] [org.gradle.cache.internal.DefaultFileLockManager] Waiting to acquire exclusive lock on daemon addresses registry.
14:22:57.868 [DEBUG] [org.gradle.cache.internal.DefaultFileLockManager] Lock acquired.
14:22:57.868 [DEBUG] [org.gradle.cache.internal.DefaultFileLockManager] Releasing lock on daemon addresses registry.
14:22:57.868 [DEBUG] [org.gradle.launcher.daemon.server.DaemonStateCoordinator] updating lastActivityAt to 1446754977868
14:22:57.868 [DEBUG] [org.gradle.launcher.daemon.server.DaemonStateCoordinator] Daemon is busy, sleeping until state changes.
14:22:57.868 [INFO] [org.gradle.launcher.daemon.server.exec.StartBuildOrRespondWithBusy] Daemon is about to start building Build{id=c6fb95d0-f5dd-473e-938b-69cf8f625733.1, currentDir=C:\Users\FTC 6473\Downloads\ftc_app-master}. Dispatching build started information...
14:22:57.868 [DEBUG] [org.gradle.launcher.daemon.server.SynchronizedDispatchConnection] thread 16: dispatching class org.gradle.launcher.daemon.protocol.BuildStarted
14:22:57.868 [DEBUG] [org.gradle.launcher.daemon.server.exec.EstablishBuildEnvironment] Configuring env variables: {USERPROFILE=C:\Users\FTC 6473, ProgramData=C:\ProgramData, PATHEXT=.COM;.EXE;.BAT;.CMD;.VBS;.VBE;.JS;.JSE;.WSF;.WSH;.MSC, ProgramFiles(x86)=C:\Program Files (x86), TEMP=C:\Users\FTC647~1\AppData\Local\Temp, SystemDrive=C:, ProgramFiles=C:\Program Files, Path=C:\Windows\system32;C:\Windows;C:\Windows\System32\Wbem;C:\Windows\System32\WindowsPowerShell\v1.0\, HOMEDRIVE=C:, PROCESSOR_REVISION=2505, USERDOMAIN=FTC6473-PC, ALLUSERSPROFILE=C:\ProgramData, ProgramW6432=C:\Program Files, PROCESSOR_IDENTIFIER=Intel64 Family 6 Model 37 Stepping 5, GenuineIntel, SESSIONNAME=Console, TMP=C:\Users\FTC647~1\AppData\Local\Temp, MpConfig_ProductUserAppDataPath=C:\Users\FTC 6473\AppData\Local\Microsoft\Windows Defender, CommonProgramFiles=C:\Program Files\Common Files, =::=::\, LOGONSERVER=\\FTC6473-PC, MpConfig_ProductAppDataPath=C:\ProgramData\Microsoft\Windows Defender, MpConfig_ProductPath=C:\Program Files\Windows Defender, PROCESSOR_ARCHITECTURE=AMD64, FP_NO_HOST_CHECK=NO, OS=Windows_NT, HOMEPATH=\Users\FTC 6473, PROCESSOR_LEVEL=6, CommonProgramW6432=C:\Program Files\Common Files, MpConfig_ProductCodeName=AntiSpyware, LOCALAPPDATA=C:\Users\FTC 6473\AppData\Local, MpConfig_ReportingGUID=0415EA06-C23A-44AA-99D7-54E7664B307A, COMPUTERNAME=FTC6473-PC, windir=C:\Windows, SystemRoot=C:\Windows, NUMBER_OF_PROCESSORS=4, USERNAME=FTC 6473, PUBLIC=C:\Users\Public, PSModulePath=C:\Windows\system32\WindowsPowerShell\v1.0\Modules\, CommonProgramFiles(x86)=C:\Program Files (x86)\Common Files, ComSpec=C:\Windows\system32\cmd.exe, APPDATA=C:\Users\FTC 6473\AppData\Roaming}
14:22:57.868 [DEBUG] [org.gradle.launcher.daemon.server.exec.LogToClient] About to start relaying all logs to the client via the connection.
14:22:57.868 [INFO] [org.gradle.launcher.daemon.server.exec.LogToClient] The client will now receive all logging from the daemon (pid: 692). The daemon log file: C:\Users\FTC 6473\.gradle\daemon\2.4\daemon-692.out.log
14:22:57.868 [INFO] [org.gradle.launcher.daemon.server.health.DaemonHealthTracker] Starting 2nd build in daemon [uptime: 48.125 secs, performance: 100%, memory: 26% of 954.7 MB]
14:22:57.868 [DEBUG] [org.gradle.launcher.daemon.server.exec.ExecuteBuild] The daemon has started executing the build.
14:22:57.868 [INFO] [org.gradle.launcher.daemon.server.exec.ExecuteBuild] Executing build with daemon context: DefaultDaemonContext[uid=91f3b18d-b77e-4473-9d25-266ec3ca0252,javaHome=C:\Program Files\Java\jdk1.7.0_79,daemonRegistryDir=C:\Users\FTC 6473\.gradle\daemon,pid=692,idleTimeout=10800000,daemonOpts=-XX:MaxPermSize=256m,-XX:+HeapDumpOnOutOfMemoryError,-Xmx1024m,-Dfile.encoding=windows-1252,-Duser.country=US,-Duser.language=en,-Duser.variant]
14:22:57.884 [DEBUG] [org.gradle.launcher.daemon.server.SynchronizedDispatchConnection] thread 19: received class org.gradle.launcher.daemon.protocol.CloseInput
14:22:57.884 [DEBUG] [org.gradle.launcher.daemon.server.DefaultDaemonConnection] Received IO message from client: CloseInput[id=c6fb95d0-f5dd-473e-938b-69cf8f625733.2]
14:22:57.884 [INFO] [org.gradle.launcher.daemon.server.exec.ForwardClientInput] Closing daemon's stdin at end of input.
14:22:57.884 [INFO] [org.gradle.launcher.daemon.server.exec.ForwardClientInput] The daemon will no longer process any standard input.

BUILD SUCCESSFUL

Total time: 6.138 secs
14:23:05.578 [DEBUG] [org.gradle.api.internal.tasks.compile.daemon.CompilerDaemonManager] Stopping 0 compiler daemon(s).
14:23:05.578 [INFO] [org.gradle.api.internal.tasks.compile.daemon.CompilerDaemonManager] Stopped 0 compiler daemon(s).
14:23:05.578 [DEBUG] [org.gradle.cache.internal.DefaultFileLockManager] Releasing lock on initscript class cache for initialization script 'C:\Users\FTC 6473\AppData\Local\Temp\asLocalRepo1.gradle' (C:\Users\FTC 6473\.gradle\caches\2.4\scripts\asLocalRepo1_ek4uo5ypyl01njvdkmbd32rjn\InitScript\initscript).
14:23:05.579 [DEBUG] [org.gradle.cache.internal.DefaultFileLockManager] Releasing lock on no_initscript class cache for initialization script 'C:\Users\FTC 6473\AppData\Local\Temp\asLocalRepo1.gradle' (C:\Users\FTC 6473\.gradle\caches\2.4\scripts\asLocalRepo1_ek4uo5ypyl01njvdkmbd32rjn\InitScript\no_initscript).
14:23:05.579 [DEBUG] [org.gradle.cache.internal.DefaultFileLockManager] Releasing lock on initscript class cache for initialization script 'C:\Users\FTC 6473\AppData\Local\Temp\ijinit1.gradle' (C:\Users\FTC 6473\.gradle\caches\2.4\scripts\ijinit1_5xe3vbbwprp0y6wq27mqt67ec\InitScript\initscript).
14:23:05.579 [DEBUG] [org.gradle.cache.internal.DefaultFileLockManager] Releasing lock on no_initscript class cache for initialization script 'C:\Users\FTC 6473\AppData\Local\Temp\ijinit1.gradle' (C:\Users\FTC 6473\.gradle\caches\2.4\scripts\ijinit1_5xe3vbbwprp0y6wq27mqt67ec\InitScript\no_initscript).
14:23:05.579 [DEBUG] [org.gradle.cache.internal.DefaultFileLockManager] Releasing lock on buildscript class cache for settings file 'C:\Users\FTC 6473\Downloads\ftc_app-master\settings.gradle' (C:\Users\FTC 6473\.gradle\caches\2.4\scripts\settings_erz9k11bc2zsepoug9f6akgwe\SettingsScript\buildscript).
14:23:05.580 [DEBUG] [org.gradle.cache.internal.DefaultFileLockManager] Releasing lock on no_buildscript class cache for settings file 'C:\Users\FTC 6473\Downloads\ftc_app-master\settings.gradle' (C:\Users\FTC 6473\.gradle\caches\2.4\scripts\settings_erz9k11bc2zsepoug9f6akgwe\SettingsScript\no_buildscript).
14:23:05.580 [DEBUG] [org.gradle.cache.internal.DefaultFileLockManager] Releasing lock on buildscript class cache for build file 'C:\Users\FTC 6473\Downloads\ftc_app-master\build.gradle' (C:\Users\FTC 6473\.gradle\caches\2.4\scripts\build_pglf30dpe6ubx5mkujtn6a0h\ProjectScript\buildscript).
14:23:05.580 [DEBUG] [org.gradle.cache.internal.DefaultFileLockManager] Releasing lock on no_buildscript class cache for build file 'C:\Users\FTC 6473\Downloads\ftc_app-master\build.gradle' (C:\Users\FTC 6473\.gradle\caches\2.4\scripts\build_pglf30dpe6ubx5mkujtn6a0h\ProjectScript\no_buildscript).
14:23:05.581 [DEBUG] [org.gradle.cache.internal.DefaultFileLockManager] Releasing lock on buildscript class cache for build file 'C:\Users\FTC 6473\Downloads\ftc_app-master\FtcRobotController\build.gradle' (C:\Users\FTC 6473\.gradle\caches\2.4\scripts\build_ew4newoalg909vbkn65xjmlki\ProjectScript\buildscript).
14:23:05.581 [DEBUG] [org.gradle.cache.internal.DefaultFileLockManager] Releasing lock on no_buildscript class cache for build file 'C:\Users\FTC 6473\Downloads\ftc_app-master\FtcRobotController\build.gradle' (C:\Users\FTC 6473\.gradle\caches\2.4\scripts\build_ew4newoalg909vbkn65xjmlki\ProjectScript\no_buildscript).
14:23:05.581 [DEBUG] [org.gradle.cache.internal.DefaultCacheAccess] Cache jars (C:\Users\FTC 6473\.gradle\caches\jars-1) was closed 0 times.
14:23:05.581 [DEBUG] [org.gradle.cache.internal.DefaultCacheAccess] Cache Plugin Resolution Cache (C:\Users\FTC 6473\.gradle\caches\2.4\plugin-resolution) was closed 0 times.
14:23:05.582 [DEBUG] [org.gradle.cache.internal.btree.BTreePersistentIndexedCache] Closing cache artifact-at-url.bin (C:\Users\FTC 6473\.gradle\caches\modules-2\metadata-2.15\artifact-at-url.bin)
14:23:05.582 [DEBUG] [org.gradle.cache.internal.btree.BTreePersistentIndexedCache] Closing cache module-metadata.bin (C:\Users\FTC 6473\.gradle\caches\modules-2\metadata-2.15\module-metadata.bin)
14:23:05.583 [DEBUG] [org.gradle.cache.internal.DefaultFileLockManager] Releasing lock on artifact cache (C:\Users\FTC 6473\.gradle\caches\modules-2).
14:23:05.585 [DEBUG] [org.gradle.api.internal.artifacts.ivyservice.resolveengine.store.CachedStoreFactory] Resolution result cache closed. Cache reads: 9, disk reads: 7 (avg: 0.0 secs, total: 0.004 secs)
14:23:05.585 [DEBUG] [org.gradle.api.internal.artifacts.ivyservice.resolveengine.store.CachedStoreFactory] Resolved configuration cache closed. Cache reads: 0, disk reads: 0 (avg: 0.0 secs, total: 0.0 secs)
14:23:05.586 [DEBUG] [org.gradle.api.internal.artifacts.ivyservice.resolveengine.store.ResolutionResultsStoreFactory] Deleted 2 resolution results binary files in 0.002 secs
14:23:05.586 [DEBUG] [org.gradle.api.internal.artifacts.ivyservice.ivyresolve.memcache.InMemoryCachedRepositoryFactory] In-memory dependency metadata cache closed. Repos cached: 65, cache instances: 6, modules served from cache: 415, artifacts: 182
14:23:05.586 [DEBUG] [org.gradle.launcher.daemon.server.exec.ExecuteBuild] The daemon has finished executing the build.
14:23:05.588 [DEBUG] [org.gradle.launcher.daemon.server.DaemonStateCoordinator] Command execution: finished waiting for DaemonCommandExecution[command = Build{id=c6fb95d0-f5dd-473e-938b-69cf8f625733.1, currentDir=C:\Users\FTC 6473\Downloads\ftc_app-master}, connection = org.gradle.launcher.daemon.server.DefaultDaemonConnection@6d1a4697]. Result org.gradle.launcher.daemon.server.DaemonStateCoordinator@2dabc841 with state Running
14:23:05.588 [DEBUG] [org.gradle.launcher.daemon.server.DaemonStateCoordinator] Command execution: completed DaemonCommandExecution[command = Build{id=c6fb95d0-f5dd-473e-938b-69cf8f625733.1, currentDir=C:\Users\FTC 6473\Downloads\ftc_app-master}, connection = org.gradle.launcher.daemon.server.DefaultDaemonConnection@6d1a4697]
14:23:05.589 [DEBUG] [org.gradle.launcher.daemon.server.DaemonStateCoordinator] updating lastActivityAt to 1446754985589
14:23:05.589 [INFO] [org.gradle.launcher.daemon.server.DomainRegistryUpdater] Marking the daemon as idle, address: [7c3239f8-aecb-4412-aecb-915d892cde84 port:50530, addresses:[/127.0.0.1, /0:0:0:0:0:0:0:1]]
14:23:05.589 [DEBUG] [org.gradle.launcher.daemon.registry.PersistentDaemonRegistry] Marking idle by address: [7c3239f8-aecb-4412-aecb-915d892cde84 port:50530, addresses:[/127.0.0.1, /0:0:0:0:0:0:0:1]]
14:23:05.590 [DEBUG] [org.gradle.cache.internal.DefaultFileLockManager] Waiting to acquire exclusive lock on daemon addresses registry.
14:23:05.590 [DEBUG] [org.gradle.cache.internal.DefaultFileLockManager] Lock acquired.
14:23:05.593 [DEBUG] [org.gradle.cache.internal.DefaultFileLockManager] Releasing lock on daemon addresses registry.
14:23:05.594 [DEBUG] [org.gradle.launcher.daemon.server.exec.ReturnResult] Daemon is dispatching the build result: Success[value=org.gradle.tooling.internal.provider.BuildActionResult@2a43a0a5]
14:23:05.594 [DEBUG] [org.gradle.launcher.daemon.server.DaemonStateCoordinator] Daemon is idle, sleeping until state change or idle timeout at Thu Nov 05 17:23:05 CST 2015
14:23:05.594 [DEBUG] [org.gradle.launcher.daemon.server.SynchronizedDispatchConnection] thread 13: dispatching class org.gradle.launcher.daemon.protocol.Success
14:23:05.604 [DEBUG] [org.gradle.launcher.daemon.server.DefaultIncomingConnectionHandler] Finishing executing command: Build{id=c6fb95d0-f5dd-473e-938b-69cf8f625733.1, currentDir=C:\Users\FTC 6473\Downloads\ftc_app-master}
14:23:05.604 [DEBUG] [org.gradle.launcher.daemon.server.SynchronizedDispatchConnection] thread 19: received class org.gradle.launcher.daemon.protocol.Finished
14:23:05.604 [DEBUG] [org.gradle.launcher.daemon.server.DefaultDaemonConnection] Received non-IO message from client: org.gradle.launcher.daemon.protocol.Finished@3682f487
14:23:05.604 [DEBUG] [org.gradle.launcher.daemon.server.SynchronizedDispatchConnection] thread 19: received null
14:23:05.604 [DEBUG] [org.gradle.launcher.daemon.server.DefaultDaemonConnection] Received end-of-input from client.
14:23:05.604 [DEBUG] [org.gradle.launcher.daemon.server.DefaultIncomingConnectionHandler] Received finished message: null
14:23:05.619 [DEBUG] [org.gradle.launcher.daemon.server.SynchronizedDispatchConnection] thread 13: stopping connection
14:23:05.619 [DEBUG] [org.gradle.launcher.daemon.server.SynchronizedDispatchConnection] thread 13: stopping connection
14:23:11.303 [DEBUG] [org.gradle.messaging.remote.internal.inet.TcpIncomingConnector] Accepted connection from /127.0.0.1:50612 to /127.0.0.1:50530.
14:23:11.337 [DEBUG] [org.gradle.launcher.daemon.server.SynchronizedDispatchConnection] thread 22: received class org.gradle.launcher.daemon.protocol.Build
14:23:11.338 [DEBUG] [org.gradle.launcher.daemon.server.DefaultDaemonConnection] Received non-IO message from client: Build{id=65549d41-4ed8-48d2-a83a-ec0253450996.1, currentDir=C:\Users\FTC 6473\Downloads\ftc_app-master}
14:23:11.339 [INFO] [org.gradle.launcher.daemon.server.DefaultIncomingConnectionHandler] Received command: Build{id=65549d41-4ed8-48d2-a83a-ec0253450996.1, currentDir=C:\Users\FTC 6473\Downloads\ftc_app-master}.
14:23:11.339 [DEBUG] [org.gradle.launcher.daemon.server.DefaultIncomingConnectionHandler] Starting executing command: Build{id=65549d41-4ed8-48d2-a83a-ec0253450996.1, currentDir=C:\Users\FTC 6473\Downloads\ftc_app-master} with connection: socket connection from /127.0.0.1:50530 to /127.0.0.1:50612.
14:23:11.340 [DEBUG] [org.gradle.launcher.daemon.server.DaemonStateCoordinator] Command execution: started DaemonCommandExecution[command = Build{id=65549d41-4ed8-48d2-a83a-ec0253450996.1, currentDir=C:\Users\FTC 6473\Downloads\ftc_app-master}, connection = org.gradle.launcher.daemon.server.DefaultDaemonConnection@50f40082] after 0.0 minutes of idle
14:23:11.341 [INFO] [org.gradle.launcher.daemon.server.DomainRegistryUpdater] Marking the daemon as busy, address: [7c3239f8-aecb-4412-aecb-915d892cde84 port:50530, addresses:[/127.0.0.1, /0:0:0:0:0:0:0:1]]
14:23:11.341 [DEBUG] [org.gradle.launcher.daemon.registry.PersistentDaemonRegistry] Marking busy by address: [7c3239f8-aecb-4412-aecb-915d892cde84 port:50530, addresses:[/127.0.0.1, /0:0:0:0:0:0:0:1]]
14:23:11.342 [DEBUG] [org.gradle.cache.internal.DefaultFileLockManager] Waiting to acquire exclusive lock on daemon addresses registry.
14:23:11.344 [DEBUG] [org.gradle.cache.internal.DefaultFileLockManager] Lock acquired.
14:23:11.349 [DEBUG] [org.gradle.cache.internal.DefaultFileLockManager] Releasing lock on daemon addresses registry.
14:23:11.349 [DEBUG] [org.gradle.launcher.daemon.server.DaemonStateCoordinator] updating lastActivityAt to 1446754991349
14:23:11.350 [INFO] [org.gradle.launcher.daemon.server.exec.StartBuildOrRespondWithBusy] Daemon is about to start building Build{id=65549d41-4ed8-48d2-a83a-ec0253450996.1, currentDir=C:\Users\FTC 6473\Downloads\ftc_app-master}. Dispatching build started information...
14:23:11.350 [DEBUG] [org.gradle.launcher.daemon.server.SynchronizedDispatchConnection] thread 16: dispatching class org.gradle.launcher.daemon.protocol.BuildStarted
14:23:11.352 [DEBUG] [org.gradle.launcher.daemon.server.DaemonStateCoordinator] Daemon is busy, sleeping until state changes.
14:23:11.353 [DEBUG] [org.gradle.launcher.daemon.server.exec.EstablishBuildEnvironment] Configuring env variables: {USERPROFILE=C:\Users\FTC 6473, ProgramData=C:\ProgramData, PATHEXT=.COM;.EXE;.BAT;.CMD;.VBS;.VBE;.JS;.JSE;.WSF;.WSH;.MSC, ProgramFiles(x86)=C:\Program Files (x86), TEMP=C:\Users\FTC647~1\AppData\Local\Temp, SystemDrive=C:, ProgramFiles=C:\Program Files, Path=C:\Windows\system32;C:\Windows;C:\Windows\System32\Wbem;C:\Windows\System32\WindowsPowerShell\v1.0\, HOMEDRIVE=C:, PROCESSOR_REVISION=2505, USERDOMAIN=FTC6473-PC, ALLUSERSPROFILE=C:\ProgramData, ProgramW6432=C:\Program Files, PROCESSOR_IDENTIFIER=Intel64 Family 6 Model 37 Stepping 5, GenuineIntel, SESSIONNAME=Console, TMP=C:\Users\FTC647~1\AppData\Local\Temp, MpConfig_ProductUserAppDataPath=C:\Users\FTC 6473\AppData\Local\Microsoft\Windows Defender, CommonProgramFiles=C:\Program Files\Common Files, =::=::\, LOGONSERVER=\\FTC6473-PC, MpConfig_ProductAppDataPath=C:\ProgramData\Microsoft\Windows Defender, MpConfig_ProductPath=C:\Program Files\Windows Defender, PROCESSOR_ARCHITECTURE=AMD64, FP_NO_HOST_CHECK=NO, OS=Windows_NT, HOMEPATH=\Users\FTC 6473, PROCESSOR_LEVEL=6, CommonProgramW6432=C:\Program Files\Common Files, MpConfig_ProductCodeName=AntiSpyware, LOCALAPPDATA=C:\Users\FTC 6473\AppData\Local, MpConfig_ReportingGUID=0415EA06-C23A-44AA-99D7-54E7664B307A, COMPUTERNAME=FTC6473-PC, windir=C:\Windows, SystemRoot=C:\Windows, NUMBER_OF_PROCESSORS=4, USERNAME=FTC 6473, PUBLIC=C:\Users\Public, PSModulePath=C:\Windows\system32\WindowsPowerShell\v1.0\Modules\, CommonProgramFiles(x86)=C:\Program Files (x86)\Common Files, ComSpec=C:\Windows\system32\cmd.exe, APPDATA=C:\Users\FTC 6473\AppData\Roaming}
14:23:11.356 [DEBUG] [org.gradle.launcher.daemon.server.exec.LogToClient] About to start relaying all logs to the client via the connection.
14:23:11.356 [INFO] [org.gradle.launcher.daemon.server.exec.LogToClient] The client will now receive all logging from the daemon (pid: 692). The daemon log file: C:\Users\FTC 6473\.gradle\daemon\2.4\daemon-692.out.log
14:23:11.358 [INFO] [org.gradle.launcher.daemon.server.health.DaemonHealthTracker] Starting 3rd build in daemon [uptime: 1 mins 1.613 secs, performance: 97%, memory: 27% of 954.7 MB]
14:23:11.358 [DEBUG] [org.gradle.launcher.daemon.server.exec.ExecuteBuild] The daemon has started executing the build.
14:23:11.359 [INFO] [org.gradle.launcher.daemon.server.exec.ExecuteBuild] Executing build with daemon context: DefaultDaemonContext[uid=91f3b18d-b77e-4473-9d25-266ec3ca0252,javaHome=C:\Program Files\Java\jdk1.7.0_79,daemonRegistryDir=C:\Users\FTC 6473\.gradle\daemon,pid=692,idleTimeout=10800000,daemonOpts=-XX:MaxPermSize=256m,-XX:+HeapDumpOnOutOfMemoryError,-Xmx1024m,-Dfile.encoding=windows-1252,-Duser.country=US,-Duser.language=en,-Duser.variant]
Configuration on demand is an incubating feature.
:FtcRobotController:preBuild UP-TO-DATE
:FtcRobotController:preDebugBuild UP-TO-DATE
:FtcRobotController:checkDebugManifest
:FtcRobotController:preReleaseBuild UP-TO-DATE
:FtcRobotController:prepareAnalyticsReleaseLibrary
:FtcRobotController:prepareFtcCommonReleaseLibrary
:FtcRobotController:prepareHardwareReleaseLibrary
:FtcRobotController:prepareModernRoboticsReleaseLibrary
:FtcRobotController:prepareRobotCoreReleaseLibrary
:FtcRobotController:prepareWirelessP2pReleaseLibrary
:FtcRobotController:prepareDebugDependencies
:FtcRobotController:compileDebugAidl
:FtcRobotController:compileDebugRenderscript
:FtcRobotController:generateDebugBuildConfig
:FtcRobotController:generateDebugAssets UP-TO-DATE
:FtcRobotController:mergeDebugAssets
:FtcRobotController:generateDebugResValues
:FtcRobotController:generateDebugResources
:FtcRobotController:mergeDebugResources
:FtcRobotController:processDebugManifest
:FtcRobotController:processDebugResources
:FtcRobotController:generateDebugSources
:FtcRobotController:preDebugAndroidTestBuild UP-TO-DATE
:FtcRobotController:prepareDebugAndroidTestDependencies
:FtcRobotController:compileDebugAndroidTestAidl
:FtcRobotController:processDebugAndroidTestManifest
:FtcRobotController:compileDebugAndroidTestRenderscript
:FtcRobotController:generateDebugAndroidTestBuildConfig
:FtcRobotController:generateDebugAndroidTestAssets UP-TO-DATE
:FtcRobotController:mergeDebugAndroidTestAssets
:FtcRobotController:generateDebugAndroidTestResValues
:FtcRobotController:generateDebugAndroidTestResources
:FtcRobotController:mergeDebugAndroidTestResources
:FtcRobotController:processDebugAndroidTestResources
:FtcRobotController:generateDebugAndroidTestSources
:FtcRobotController:processDebugJavaRes UP-TO-DATE
:FtcRobotController:compileDebugJava
:FtcRobotController:compileDebugNdk UP-TO-DATE
:FtcRobotController:compileDebugSources
:FtcRobotController:processDebugAndroidTestJavaRes UP-TO-DATE
:FtcRobotController:compileDebugAndroidTestJava
:FtcRobotController:compileDebugAndroidTestNdk UP-TO-DATE
:FtcRobotController:compileDebugAndroidTestSources

BUILD SUCCESSFUL

Total time: 11.771 secs
14:23:23.010 [DEBUG] [org.gradle.api.internal.tasks.compile.daemon.CompilerDaemonManager] Stopping 0 compiler daemon(s).
14:23:23.010 [INFO] [org.gradle.api.internal.tasks.compile.daemon.CompilerDaemonManager] Stopped 0 compiler daemon(s).
14:23:23.011 [DEBUG] [org.gradle.cache.internal.DefaultFileLockManager] Releasing lock on initscript class cache for initialization script 'C:\Users\FTC 6473\AppData\Local\Temp\asLocalRepo2.gradle' (C:\Users\FTC 6473\.gradle\caches\2.4\scripts\asLocalRepo2_ulj7hus6y7ng38f1kzfesyx\InitScript\initscript).
14:23:23.011 [DEBUG] [org.gradle.cache.internal.DefaultFileLockManager] Releasing lock on no_initscript class cache for initialization script 'C:\Users\FTC 6473\AppData\Local\Temp\asLocalRepo2.gradle' (C:\Users\FTC 6473\.gradle\caches\2.4\scripts\asLocalRepo2_ulj7hus6y7ng38f1kzfesyx\InitScript\no_initscript).
14:23:23.011 [DEBUG] [org.gradle.cache.internal.DefaultFileLockManager] Releasing lock on buildscript class cache for settings file 'C:\Users\FTC 6473\Downloads\ftc_app-master\settings.gradle' (C:\Users\FTC 6473\.gradle\caches\2.4\scripts\settings_erz9k11bc2zsepoug9f6akgwe\SettingsScript\buildscript).
14:23:23.011 [DEBUG] [org.gradle.cache.internal.DefaultFileLockManager] Releasing lock on no_buildscript class cache for settings file 'C:\Users\FTC 6473\Downloads\ftc_app-master\settings.gradle' (C:\Users\FTC 6473\.gradle\caches\2.4\scripts\settings_erz9k11bc2zsepoug9f6akgwe\SettingsScript\no_buildscript).
14:23:23.012 [DEBUG] [org.gradle.cache.internal.DefaultFileLockManager] Releasing lock on buildscript class cache for build file 'C:\Users\FTC 6473\Downloads\ftc_app-master\build.gradle' (C:\Users\FTC 6473\.gradle\caches\2.4\scripts\build_pglf30dpe6ubx5mkujtn6a0h\ProjectScript\buildscript).
14:23:23.012 [DEBUG] [org.gradle.cache.internal.DefaultFileLockManager] Releasing lock on no_buildscript class cache for build file 'C:\Users\FTC 6473\Downloads\ftc_app-master\build.gradle' (C:\Users\FTC 6473\.gradle\caches\2.4\scripts\build_pglf30dpe6ubx5mkujtn6a0h\ProjectScript\no_buildscript).
14:23:23.012 [DEBUG] [org.gradle.cache.internal.DefaultFileLockManager] Releasing lock on buildscript class cache for build file 'C:\Users\FTC 6473\Downloads\ftc_app-master\FtcRobotController\build.gradle' (C:\Users\FTC 6473\.gradle\caches\2.4\scripts\build_ew4newoalg909vbkn65xjmlki\ProjectScript\buildscript).
14:23:23.012 [DEBUG] [org.gradle.cache.internal.DefaultFileLockManager] Releasing lock on no_buildscript class cache for build file 'C:\Users\FTC 6473\Downloads\ftc_app-master\FtcRobotController\build.gradle' (C:\Users\FTC 6473\.gradle\caches\2.4\scripts\build_ew4newoalg909vbkn65xjmlki\ProjectScript\no_buildscript).
14:23:23.013 [DEBUG] [org.gradle.cache.internal.btree.BTreePersistentIndexedCache] Closing cache module-metadata.bin (C:\Users\FTC 6473\.gradle\caches\modules-2\metadata-2.15\module-metadata.bin)
14:23:23.013 [DEBUG] [org.gradle.cache.internal.DefaultFileLockManager] Releasing lock on artifact cache (C:\Users\FTC 6473\.gradle\caches\modules-2).
14:23:23.014 [DEBUG] [org.gradle.cache.internal.DefaultCacheAccess] Cache Plugin Resolution Cache (C:\Users\FTC 6473\.gradle\caches\2.4\plugin-resolution) was closed 0 times.
14:23:23.014 [DEBUG] [org.gradle.cache.internal.DefaultCacheAccess] Cache jars (C:\Users\FTC 6473\.gradle\caches\jars-1) was closed 0 times.
14:23:23.015 [DEBUG] [org.gradle.cache.internal.btree.BTreePersistentIndexedCache] Closing cache fileHashes.bin (C:\Users\FTC 6473\Downloads\ftc_app-master\.gradle\2.4\taskArtifacts\fileHashes.bin)
14:23:23.015 [DEBUG] [org.gradle.cache.internal.btree.BTreePersistentIndexedCache] Closing cache taskArtifacts.bin (C:\Users\FTC 6473\Downloads\ftc_app-master\.gradle\2.4\taskArtifacts\taskArtifacts.bin)
14:23:23.016 [DEBUG] [org.gradle.cache.internal.btree.BTreePersistentIndexedCache] Closing cache fileSnapshots.bin (C:\Users\FTC 6473\Downloads\ftc_app-master\.gradle\2.4\taskArtifacts\fileSnapshots.bin)
14:23:23.016 [DEBUG] [org.gradle.cache.internal.btree.BTreePersistentIndexedCache] Closing cache outputFileStates.bin (C:\Users\FTC 6473\Downloads\ftc_app-master\.gradle\2.4\taskArtifacts\outputFileStates.bin)
14:23:23.016 [DEBUG] [org.gradle.cache.internal.DefaultFileLockManager] Releasing lock on task history cache (C:\Users\FTC 6473\Downloads\ftc_app-master\.gradle\2.4\taskArtifacts).
14:23:23.017 [DEBUG] [org.gradle.api.internal.artifacts.ivyservice.resolveengine.store.CachedStoreFactory] Resolution result cache closed. Cache reads: 0, disk reads: 4 (avg: 0.018 secs, total: 0.075 secs)
14:23:23.018 [DEBUG] [org.gradle.api.internal.artifacts.ivyservice.resolveengine.store.CachedStoreFactory] Resolved configuration cache closed. Cache reads: 0, disk reads: 0 (avg: 0.0 secs, total: 0.0 secs)
14:23:23.018 [DEBUG] [org.gradle.api.internal.artifacts.ivyservice.resolveengine.store.ResolutionResultsStoreFactory] Deleted 2 resolution results binary files in 0.001 secs
14:23:23.018 [DEBUG] [org.gradle.api.internal.artifacts.ivyservice.ivyresolve.memcache.InMemoryCachedRepositoryFactory] In-memory dependency metadata cache closed. Repos cached: 32, cache instances: 6, modules served from cache: 191, artifacts: 59
14:23:23.019 [DEBUG] [org.gradle.launcher.daemon.server.exec.ExecuteBuild] The daemon has finished executing the build.
14:23:23.020 [DEBUG] [org.gradle.launcher.daemon.server.DaemonStateCoordinator] Command execution: finished waiting for DaemonCommandExecution[command = Build{id=65549d41-4ed8-48d2-a83a-ec0253450996.1, currentDir=C:\Users\FTC 6473\Downloads\ftc_app-master}, connection = org.gradle.launcher.daemon.server.DefaultDaemonConnection@50f40082]. Result org.gradle.launcher.daemon.server.DaemonStateCoordinator@2dabc841 with state Running
14:23:23.020 [DEBUG] [org.gradle.launcher.daemon.server.DaemonStateCoordinator] Command execution: completed DaemonCommandExecution[command = Build{id=65549d41-4ed8-48d2-a83a-ec0253450996.1, currentDir=C:\Users\FTC 6473\Downloads\ftc_app-master}, connection = org.gradle.launcher.daemon.server.DefaultDaemonConnection@50f40082]
14:23:23.021 [DEBUG] [org.gradle.launcher.daemon.server.DaemonStateCoordinator] updating lastActivityAt to 1446755003021
14:23:23.021 [INFO] [org.gradle.launcher.daemon.server.DomainRegistryUpdater] Marking the daemon as idle, address: [7c3239f8-aecb-4412-aecb-915d892cde84 port:50530, addresses:[/127.0.0.1, /0:0:0:0:0:0:0:1]]
14:23:23.021 [DEBUG] [org.gradle.launcher.daemon.registry.PersistentDaemonRegistry] Marking idle by address: [7c3239f8-aecb-4412-aecb-915d892cde84 port:50530, addresses:[/127.0.0.1, /0:0:0:0:0:0:0:1]]
14:23:23.022 [DEBUG] [org.gradle.cache.internal.DefaultFileLockManager] Waiting to acquire exclusive lock on daemon addresses registry.
14:23:23.022 [DEBUG] [org.gradle.cache.internal.DefaultFileLockManager] Lock acquired.
14:23:23.024 [DEBUG] [org.gradle.cache.internal.DefaultFileLockManager] Releasing lock on daemon addresses registry.
14:23:23.025 [DEBUG] [org.gradle.launcher.daemon.server.exec.ReturnResult] Daemon is dispatching the build result: Success[value=org.gradle.tooling.internal.provider.BuildActionResult@3dcd171f]
14:23:23.025 [DEBUG] [org.gradle.launcher.daemon.server.DaemonStateCoordinator] Daemon is idle, sleeping until state change or idle timeout at Thu Nov 05 17:23:23 CST 2015
14:23:23.025 [DEBUG] [org.gradle.launcher.daemon.server.SynchronizedDispatchConnection] thread 13: dispatching class org.gradle.launcher.daemon.protocol.Success
14:23:23.026 [DEBUG] [org.gradle.launcher.daemon.server.DefaultIncomingConnectionHandler] Finishing executing command: Build{id=65549d41-4ed8-48d2-a83a-ec0253450996.1, currentDir=C:\Users\FTC 6473\Downloads\ftc_app-master}
14:23:23.028 [DEBUG] [org.gradle.launcher.daemon.server.SynchronizedDispatchConnection] thread 22: received class org.gradle.launcher.daemon.protocol.Finished
14:23:23.029 [DEBUG] [org.gradle.launcher.daemon.server.DefaultDaemonConnection] Received non-IO message from client: org.gradle.launcher.daemon.protocol.Finished@49fc6909
14:23:23.029 [DEBUG] [org.gradle.launcher.daemon.server.DefaultIncomingConnectionHandler] Received finished message: org.gradle.launcher.daemon.protocol.Finished@49fc6909
14:23:23.029 [DEBUG] [org.gradle.launcher.daemon.server.SynchronizedDispatchConnection] thread 22: received null
14:23:23.029 [DEBUG] [org.gradle.launcher.daemon.server.SynchronizedDispatchConnection] thread 13: stopping connection
14:23:23.030 [DEBUG] [org.gradle.launcher.daemon.server.DefaultDaemonConnection] Received end-of-input from client.
14:23:23.031 [DEBUG] [org.gradle.launcher.daemon.server.SynchronizedDispatchConnection] thread 13: stopping connection
14:31:48.568 [DEBUG] [org.gradle.messaging.remote.internal.inet.TcpIncomingConnector] Accepted connection from /127.0.0.1:51168 to /127.0.0.1:50530.
14:31:48.583 [DEBUG] [org.gradle.launcher.daemon.server.SynchronizedDispatchConnection] thread 71: received class org.gradle.launcher.daemon.protocol.Stop
14:31:48.583 [DEBUG] [org.gradle.launcher.daemon.server.DefaultDaemonConnection] Received non-IO message from client: Stop[id=4d1651a2-4899-4a12-bd10-ab43af63f010.1]
14:31:48.583 [INFO] [org.gradle.launcher.daemon.server.DefaultIncomingConnectionHandler] Received command: Stop[id=4d1651a2-4899-4a12-bd10-ab43af63f010.1].
14:31:48.583 [DEBUG] [org.gradle.launcher.daemon.server.DefaultIncomingConnectionHandler] Starting executing command: Stop[id=4d1651a2-4899-4a12-bd10-ab43af63f010.1] with connection: socket connection from /127.0.0.1:50530 to /127.0.0.1:51168.
14:31:48.583 [DEBUG] [org.gradle.launcher.daemon.server.DaemonStateCoordinator] Daemon stop requested.
14:31:48.583 [DEBUG] [org.gradle.launcher.daemon.server.DaemonStateCoordinator] Marking daemon stopped due to forceful stop requested. The daemon is running a build: false
14:31:48.583 [DEBUG] [org.gradle.launcher.daemon.server.DaemonStateCoordinator] Idle timeout: daemon has stopped.
14:31:48.583 [DEBUG] [org.gradle.launcher.daemon.server.Daemon] stop() called on daemon
14:31:48.583 [DEBUG] [org.gradle.launcher.daemon.server.SynchronizedDispatchConnection] thread 70: dispatching class org.gradle.launcher.daemon.protocol.Success
14:31:48.583 [INFO] [org.gradle.launcher.daemon.server.Daemon] Stop requested. Daemon is removing its presence from the registry...
14:31:48.583 [DEBUG] [org.gradle.launcher.daemon.server.DefaultIncomingConnectionHandler] Finishing executing command: Stop[id=4d1651a2-4899-4a12-bd10-ab43af63f010.1]
14:31:48.599 [DEBUG] [org.gradle.launcher.daemon.server.DomainRegistryUpdater] Removing our presence to clients, eg. removing this address from the registry: [7c3239f8-aecb-4412-aecb-915d892cde84 port:50530, addresses:[/127.0.0.1, /0:0:0:0:0:0:0:1]]
14:31:48.599 [DEBUG] [org.gradle.launcher.daemon.registry.PersistentDaemonRegistry] Removing daemon address: [7c3239f8-aecb-4412-aecb-915d892cde84 port:50530, addresses:[/127.0.0.1, /0:0:0:0:0:0:0:1]]
14:31:48.599 [DEBUG] [org.gradle.launcher.daemon.server.SynchronizedDispatchConnection] thread 71: received class org.gradle.launcher.daemon.protocol.Finished
14:31:48.599 [DEBUG] [org.gradle.launcher.daemon.server.DefaultDaemonConnection] Received non-IO message from client: org.gradle.launcher.daemon.protocol.Finished@4ba4c982
14:31:48.599 [DEBUG] [org.gradle.launcher.daemon.server.DefaultIncomingConnectionHandler] Received finished message: org.gradle.launcher.daemon.protocol.Finished@4ba4c982
14:31:48.599 [DEBUG] [org.gradle.launcher.daemon.server.SynchronizedDispatchConnection] thread 71: received null
14:31:48.599 [DEBUG] [org.gradle.launcher.daemon.server.SynchronizedDispatchConnection] thread 70: stopping connection
14:31:48.599 [DEBUG] [org.gradle.launcher.daemon.server.DefaultDaemonConnection] Received end-of-input from client.
14:31:48.599 [DEBUG] [org.gradle.launcher.daemon.server.SynchronizedDispatchConnection] thread 70: stopping connection
14:31:49.020 [DEBUG] [org.gradle.cache.internal.DefaultFileLockManager] Waiting to acquire exclusive lock on daemon addresses registry.
14:31:49.020 [DEBUG] [org.gradle.cache.internal.DefaultFileLockManager] The file lock is held by a different Gradle process. I was unable to read on which port the owner listens for lock access requests.
14:31:49.036 [DEBUG] [org.gradle.messaging.remote.internal.inet.TcpIncomingConnector] Accepted connection from /127.0.0.1:51177 to /127.0.0.1:50530.
14:31:49.036 [DEBUG] [org.gradle.messaging.remote.internal.inet.TcpIncomingConnector] Accepted connection from /127.0.0.1:51182 to /127.0.0.1:50530.
14:31:49.051 [DEBUG] [org.gradle.messaging.remote.internal.inet.TcpIncomingConnector] Accepted connection from /127.0.0.1:51191 to /127.0.0.1:50530.
14:31:49.067 [DEBUG] [org.gradle.messaging.remote.internal.inet.TcpIncomingConnector] Accepted connection from /127.0.0.1:51204 to /127.0.0.1:50530.
14:31:49.067 [DEBUG] [org.gradle.messaging.remote.internal.inet.TcpIncomingConnector] Accepted connection from /127.0.0.1:51211 to /127.0.0.1:50530.
14:31:49.067 [DEBUG] [org.gradle.messaging.remote.internal.inet.TcpIncomingConnector] Accepted connection from /127.0.0.1:51222 to /127.0.0.1:50530.
14:31:49.161 [DEBUG] [org.gradle.launcher.daemon.server.SynchronizedDispatchConnection] thread 79: received null
14:31:49.161 [DEBUG] [org.gradle.launcher.daemon.server.DefaultDaemonConnection] Received end-of-input from client.
14:31:49.161 [INFO] [org.gradle.launcher.daemon.server.DefaultIncomingConnectionHandler] Received command: null.
14:31:49.161 [DEBUG] [org.gradle.launcher.daemon.server.SynchronizedDispatchConnection] thread 75: stopping connection
14:31:49.161 [DEBUG] [org.gradle.launcher.daemon.server.SynchronizedDispatchConnection] thread 81: received null
14:31:49.161 [DEBUG] [org.gradle.launcher.daemon.server.SynchronizedDispatchConnection] thread 76: received null
14:31:49.161 [DEBUG] [org.gradle.launcher.daemon.server.DefaultDaemonConnection] Received end-of-input from client.
14:31:49.161 [DEBUG] [org.gradle.launcher.daemon.server.SynchronizedDispatchConnection] thread 82: received null
14:31:49.161 [DEBUG] [org.gradle.launcher.daemon.server.DefaultDaemonConnection] Received end-of-input from client.
14:31:49.161 [INFO] [org.gradle.launcher.daemon.server.DefaultIncomingConnectionHandler] Received command: null.
14:31:49.161 [DEBUG] [org.gradle.launcher.daemon.server.SynchronizedDispatchConnection] thread 77: stopping connection
14:31:49.161 [DEBUG] [org.gradle.messaging.remote.internal.inet.TcpIncomingConnector] Accepted connection from /127.0.0.1:51231 to /127.0.0.1:50530.
14:31:49.161 [DEBUG] [org.gradle.launcher.daemon.server.SynchronizedDispatchConnection] thread 74: received null
14:31:49.161 [DEBUG] [org.gradle.launcher.daemon.server.DefaultDaemonConnection] Received end-of-input from client.
14:31:49.161 [INFO] [org.gradle.launcher.daemon.server.DefaultIncomingConnectionHandler] Received command: null.
14:31:49.176 [DEBUG] [org.gradle.launcher.daemon.server.SynchronizedDispatchConnection] thread 70: stopping connection
14:31:49.161 [DEBUG] [org.gradle.launcher.daemon.server.DefaultDaemonConnection] Received end-of-input from client.
14:31:49.192 [DEBUG] [org.gradle.launcher.daemon.server.SynchronizedDispatchConnection] thread 84: received null
14:31:49.192 [DEBUG] [org.gradle.launcher.daemon.server.DefaultDaemonConnection] Received end-of-input from client.
14:31:49.192 [INFO] [org.gradle.launcher.daemon.server.DefaultIncomingConnectionHandler] Received command: null.
14:31:49.192 [DEBUG] [org.gradle.launcher.daemon.server.SynchronizedDispatchConnection] thread 83: stopping connection
14:31:49.192 [DEBUG] [org.gradle.launcher.daemon.server.SynchronizedDispatchConnection] thread 70: stopping connection
14:31:49.192 [DEBUG] [org.gradle.launcher.daemon.server.SynchronizedDispatchConnection] thread 77: stopping connection
14:31:49.176 [DEBUG] [org.gradle.messaging.remote.internal.inet.TcpIncomingConnector] Accepted connection from /127.0.0.1:51236 to /127.0.0.1:50530.
14:31:49.161 [DEBUG] [org.gradle.launcher.daemon.server.SynchronizedDispatchConnection] thread 75: stopping connection
14:31:49.161 [INFO] [org.gradle.launcher.daemon.server.DefaultIncomingConnectionHandler] Received command: null.
14:31:49.192 [DEBUG] [org.gradle.launcher.daemon.server.SynchronizedDispatchConnection] thread 72: stopping connection
14:31:49.161 [DEBUG] [org.gradle.launcher.daemon.server.SynchronizedDispatchConnection] thread 80: received null
14:31:49.192 [DEBUG] [org.gradle.launcher.daemon.server.DefaultDaemonConnection] Received end-of-input from client.
14:31:49.192 [DEBUG] [org.gradle.launcher.daemon.server.SynchronizedDispatchConnection] thread 83: stopping connection
14:31:49.192 [INFO] [org.gradle.launcher.daemon.server.DefaultIncomingConnectionHandler] Received command: null.
14:31:49.192 [DEBUG] [org.gradle.launcher.daemon.server.SynchronizedDispatchConnection] thread 72: stopping connection
14:31:49.192 [INFO] [org.gradle.launcher.daemon.server.DefaultIncomingConnectionHandler] Received command: null.
14:31:49.192 [DEBUG] [org.gradle.launcher.daemon.server.SynchronizedDispatchConnection] thread 78: stopping connection
14:31:49.192 [DEBUG] [org.gradle.messaging.remote.internal.inet.TcpIncomingConnector] Accepted connection from /127.0.0.1:51241 to /127.0.0.1:50530.
14:31:49.192 [DEBUG] [org.gradle.launcher.daemon.server.SynchronizedDispatchConnection] thread 78: stopping connection
14:31:49.192 [DEBUG] [org.gradle.launcher.daemon.server.SynchronizedDispatchConnection] thread 85: received null
14:31:49.207 [DEBUG] [org.gradle.launcher.daemon.server.DefaultDaemonConnection] Received end-of-input from client.
14:31:49.192 [DEBUG] [org.gradle.launcher.daemon.server.SynchronizedDispatchConnection] thread 73: stopping connection
14:31:49.207 [DEBUG] [org.gradle.launcher.daemon.server.SynchronizedDispatchConnection] thread 73: stopping connection
14:31:49.207 [INFO] [org.gradle.launcher.daemon.server.DefaultIncomingConnectionHandler] Received command: null.
14:31:49.207 [DEBUG] [org.gradle.messaging.remote.internal.inet.TcpIncomingConnector] Accepted connection from /127.0.0.1:51246 to /127.0.0.1:50530.
14:31:49.207 [DEBUG] [org.gradle.launcher.daemon.server.SynchronizedDispatchConnection] thread 75: stopping connection
14:31:49.207 [DEBUG] [org.gradle.launcher.daemon.server.SynchronizedDispatchConnection] thread 75: stopping connection
14:31:49.207 [DEBUG] [org.gradle.messaging.remote.internal.inet.TcpIncomingConnector] Accepted connection from /127.0.0.1:51251 to /127.0.0.1:50530.
14:31:49.207 [DEBUG] [org.gradle.messaging.remote.internal.inet.TcpIncomingConnector] Accepted connection from /127.0.0.1:51256 to /127.0.0.1:50530.
14:31:49.207 [DEBUG] [org.gradle.messaging.remote.internal.inet.TcpIncomingConnector] Accepted connection from /127.0.0.1:51261 to /127.0.0.1:50530.
14:31:49.207 [DEBUG] [org.gradle.messaging.remote.internal.inet.TcpIncomingConnector] Accepted connection from /127.0.0.1:51266 to /127.0.0.1:50530.
14:31:49.207 [DEBUG] [org.gradle.messaging.remote.internal.inet.TcpIncomingConnector] Accepted connection from /127.0.0.1:51271 to /127.0.0.1:50530.
14:31:49.207 [DEBUG] [org.gradle.messaging.remote.internal.inet.TcpIncomingConnector] Accepted connection from /127.0.0.1:51276 to /127.0.0.1:50530.
14:31:49.223 [DEBUG] [org.gradle.cache.internal.DefaultFileLockManager] Lock acquired.
14:31:49.223 [DEBUG] [org.gradle.cache.internal.DefaultFileLockManager] Releasing lock on daemon addresses registry.
14:31:49.223 [DEBUG] [org.gradle.launcher.daemon.server.DomainRegistryUpdater] Address removed from registry.
14:31:49.223 [DEBUG] [org.gradle.launcher.daemon.server.SynchronizedDispatchConnection] thread 86: received null
14:31:49.223 [DEBUG] [org.gradle.launcher.daemon.server.DefaultDaemonConnection] Received end-of-input from client.
14:31:49.239 [INFO] [org.gradle.launcher.daemon.server.DefaultIncomingConnectionHandler] Received command: null.
14:31:49.239 [DEBUG] [org.gradle.launcher.daemon.server.SynchronizedDispatchConnection] thread 73: stopping connection
14:31:49.254 [DEBUG] [org.gradle.launcher.daemon.server.SynchronizedDispatchConnection] thread 92: received null
14:31:49.254 [DEBUG] [org.gradle.launcher.daemon.server.DefaultDaemonConnection] Received end-of-input from client.
14:31:49.254 [DEBUG] [org.gradle.launcher.daemon.server.SynchronizedDispatchConnection] thread 91: received null
14:31:49.254 [DEBUG] [org.gradle.launcher.daemon.server.SynchronizedDispatchConnection] thread 93: received null
14:31:49.254 [DEBUG] [org.gradle.launcher.daemon.server.DefaultDaemonConnection] Received end-of-input from client.
14:31:49.254 [DEBUG] [org.gradle.launcher.daemon.server.SynchronizedDispatchConnection] thread 89: received null
14:31:49.254 [INFO] [org.gradle.launcher.daemon.server.DefaultIncomingConnectionHandler] Received command: null.
14:31:49.254 [DEBUG] [org.gradle.launcher.daemon.server.SynchronizedDispatchConnection] thread 87: received null
14:31:49.254 [DEBUG] [org.gradle.launcher.daemon.server.SynchronizedDispatchConnection] thread 88: received null
14:31:49.254 [DEBUG] [org.gradle.launcher.daemon.server.SynchronizedDispatchConnection] thread 73: stopping connection
14:31:49.254 [DEBUG] [org.gradle.launcher.daemon.server.SynchronizedDispatchConnection] thread 94: received null
14:31:49.254 [DEBUG] [org.gradle.launcher.daemon.server.DefaultDaemonConnection] Received end-of-input from client.
14:31:49.254 [DEBUG] [org.gradle.launcher.daemon.server.DefaultDaemonConnection] Received end-of-input from client.
14:31:49.254 [DEBUG] [org.gradle.launcher.daemon.server.SynchronizedDispatchConnection] thread 78: stopping connection
14:31:49.254 [DEBUG] [org.gradle.launcher.daemon.server.DefaultDaemonConnection] Received end-of-input from client.
14:31:49.254 [INFO] [org.gradle.launcher.daemon.server.DefaultIncomingConnectionHandler] Received command: null.
14:31:49.254 [INFO] [org.gradle.launcher.daemon.server.DefaultIncomingConnectionHandler] Received command: null.
14:31:49.254 [DEBUG] [org.gradle.launcher.daemon.server.DefaultDaemonConnection] Received end-of-input from client.
14:31:49.254 [DEBUG] [org.gradle.launcher.daemon.server.SynchronizedDispatchConnection] thread 70: stopping connection
14:31:49.254 [DEBUG] [org.gradle.launcher.daemon.server.SynchronizedDispatchConnection] thread 83: stopping connection
14:31:49.254 [DEBUG] [org.gradle.launcher.daemon.server.SynchronizedDispatchConnection] thread 78: stopping connection
14:31:49.254 [INFO] [org.gradle.launcher.daemon.server.DefaultIncomingConnectionHandler] Received command: null.
14:31:49.254 [DEBUG] [org.gradle.launcher.daemon.server.SynchronizedDispatchConnection] thread 72: stopping connection
14:31:49.254 [INFO] [org.gradle.launcher.daemon.server.DefaultIncomingConnectionHandler] Received command: null.
14:31:49.254 [DEBUG] [org.gradle.launcher.daemon.server.DefaultDaemonConnection] Received end-of-input from client.
14:31:49.254 [DEBUG] [org.gradle.launcher.daemon.server.SynchronizedDispatchConnection] thread 75: stopping connection
14:31:49.254 [DEBUG] [org.gradle.launcher.daemon.server.SynchronizedDispatchConnection] thread 72: stopping connection
14:31:49.254 [DEBUG] [org.gradle.launcher.daemon.server.SynchronizedDispatchConnection] thread 70: stopping connection
14:31:49.254 [DEBUG] [org.gradle.launcher.daemon.server.SynchronizedDispatchConnection] thread 83: stopping connection
14:31:49.254 [INFO] [org.gradle.launcher.daemon.server.DefaultIncomingConnectionHandler] Received command: null.
14:31:49.254 [DEBUG] [org.gradle.launcher.daemon.server.SynchronizedDispatchConnection] thread 75: stopping connection
14:31:49.254 [INFO] [org.gradle.launcher.daemon.server.DefaultIncomingConnectionHandler] Received command: null.
14:31:49.254 [DEBUG] [org.gradle.launcher.daemon.server.SynchronizedDispatchConnection] thread 77: stopping connection
14:31:49.254 [DEBUG] [org.gradle.launcher.daemon.server.SynchronizedDispatchConnection] thread 90: stopping connection
14:31:49.254 [DEBUG] [org.gradle.launcher.daemon.server.SynchronizedDispatchConnection] thread 77: stopping connection
14:31:49.254 [DEBUG] [org.gradle.launcher.daemon.server.SynchronizedDispatchConnection] thread 90: stopping connection
Daemon vm is shutting down... The daemon has exited normally or was terminated in response to a user interrupt.
14:31:49.317 [DEBUG] [org.gradle.launcher.daemon.registry.PersistentDaemonRegistry] Removing daemon address: [7c3239f8-aecb-4412-aecb-915d892cde84 port:50530, addresses:[/127.0.0.1, /0:0:0:0:0:0:0:1]]
14:31:49.317 [DEBUG] [org.gradle.cache.internal.DefaultFileLockManager] Waiting to acquire exclusive lock on daemon addresses registry.
14:31:49.317 [DEBUG] [org.gradle.cache.internal.DefaultFileLockManager] Lock acquired.
14:31:49.317 [DEBUG] [org.gradle.cache.internal.DefaultFileLockManager] Releasing lock on daemon addresses registry.
