09:24:28.888 [INFO] [org.gradle.launcher.daemon.server.Daemon] start() called on daemon - DefaultDaemonContext[uid=0923ecb0-ce6a-45cf-947f-a203bd964998,javaHome=C:\Program Files\Java\jdk1.7.0_79,daemonRegistryDir=C:\Users\FTC 6473\.gradle\daemon,pid=1800,idleTimeout=10800000,daemonOpts=-XX:MaxPermSize=256m,-XX:+HeapDumpOnOutOfMemoryError,-Xmx1024m,-Dfile.encoding=windows-1252,-Duser.country=US,-Duser.language=en,-Duser.variant]
09:24:28.895 [DEBUG] [org.gradle.launcher.daemon.server.DaemonStateCoordinator] updating lastActivityAt to 1449329068895
09:24:29.049 [DEBUG] [org.gradle.messaging.remote.internal.inet.InetAddressFactory] Adding IP addresses for network interface Software Loopback Interface 1
09:24:29.051 [DEBUG] [org.gradle.messaging.remote.internal.inet.InetAddressFactory] Is this a loopback interface? true
09:24:29.052 [DEBUG] [org.gradle.messaging.remote.internal.inet.InetAddressFactory] Is this a multicast interface? true
09:24:29.052 [DEBUG] [org.gradle.messaging.remote.internal.inet.InetAddressFactory] Adding loopback address /127.0.0.1
09:24:29.053 [DEBUG] [org.gradle.messaging.remote.internal.inet.InetAddressFactory] Adding loopback address /0:0:0:0:0:0:0:1
09:24:29.054 [DEBUG] [org.gradle.messaging.remote.internal.inet.InetAddressFactory] Adding loopback multicast interface Software Loopback Interface 1
09:24:29.055 [DEBUG] [org.gradle.messaging.remote.internal.inet.InetAddressFactory] Adding IP addresses for network interface WAN Miniport (SSTP)
09:24:29.057 [DEBUG] [org.gradle.messaging.remote.internal.inet.InetAddressFactory] Is this a loopback interface? false
09:24:29.058 [DEBUG] [org.gradle.messaging.remote.internal.inet.InetAddressFactory] Is this a multicast interface? true
09:24:29.059 [DEBUG] [org.gradle.messaging.remote.internal.inet.InetAddressFactory] Adding loopback multicast interface WAN Miniport (SSTP)
09:24:29.060 [DEBUG] [org.gradle.messaging.remote.internal.inet.InetAddressFactory] Adding IP addresses for network interface WAN Miniport (IKEv2)
09:24:29.062 [DEBUG] [org.gradle.messaging.remote.internal.inet.InetAddressFactory] Is this a loopback interface? false
09:24:29.063 [DEBUG] [org.gradle.messaging.remote.internal.inet.InetAddressFactory] Is this a multicast interface? true
09:24:29.064 [DEBUG] [org.gradle.messaging.remote.internal.inet.InetAddressFactory] Adding loopback multicast interface WAN Miniport (IKEv2)
09:24:29.064 [DEBUG] [org.gradle.messaging.remote.internal.inet.InetAddressFactory] Adding IP addresses for network interface WAN Miniport (L2TP)
09:24:29.065 [DEBUG] [org.gradle.messaging.remote.internal.inet.InetAddressFactory] Is this a loopback interface? false
09:24:29.067 [DEBUG] [org.gradle.messaging.remote.internal.inet.InetAddressFactory] Is this a multicast interface? true
09:24:29.067 [DEBUG] [org.gradle.messaging.remote.internal.inet.InetAddressFactory] Adding loopback multicast interface WAN Miniport (L2TP)
09:24:29.068 [DEBUG] [org.gradle.messaging.remote.internal.inet.InetAddressFactory] Adding IP addresses for network interface WAN Miniport (PPTP)
09:24:29.069 [DEBUG] [org.gradle.messaging.remote.internal.inet.InetAddressFactory] Is this a loopback interface? false
09:24:29.071 [DEBUG] [org.gradle.messaging.remote.internal.inet.InetAddressFactory] Is this a multicast interface? true
09:24:29.071 [DEBUG] [org.gradle.messaging.remote.internal.inet.InetAddressFactory] Adding loopback multicast interface WAN Miniport (PPTP)
09:24:29.071 [DEBUG] [org.gradle.messaging.remote.internal.inet.InetAddressFactory] Adding IP addresses for network interface WAN Miniport (PPPOE)
09:24:29.073 [DEBUG] [org.gradle.messaging.remote.internal.inet.InetAddressFactory] Is this a loopback interface? false
09:24:29.074 [DEBUG] [org.gradle.messaging.remote.internal.inet.InetAddressFactory] Is this a multicast interface? true
09:24:29.074 [DEBUG] [org.gradle.messaging.remote.internal.inet.InetAddressFactory] Adding loopback multicast interface WAN Miniport (PPPOE)
09:24:29.075 [DEBUG] [org.gradle.messaging.remote.internal.inet.InetAddressFactory] Adding IP addresses for network interface WAN Miniport (IPv6)
09:24:29.076 [DEBUG] [org.gradle.messaging.remote.internal.inet.InetAddressFactory] Is this a loopback interface? false
09:24:29.077 [DEBUG] [org.gradle.messaging.remote.internal.inet.InetAddressFactory] Is this a multicast interface? true
09:24:29.077 [DEBUG] [org.gradle.messaging.remote.internal.inet.InetAddressFactory] Adding loopback multicast interface WAN Miniport (IPv6)
09:24:29.078 [DEBUG] [org.gradle.messaging.remote.internal.inet.InetAddressFactory] Adding IP addresses for network interface WAN Miniport (Network Monitor)
09:24:29.079 [DEBUG] [org.gradle.messaging.remote.internal.inet.InetAddressFactory] Is this a loopback interface? false
09:24:29.080 [DEBUG] [org.gradle.messaging.remote.internal.inet.InetAddressFactory] Is this a multicast interface? true
09:24:29.080 [DEBUG] [org.gradle.messaging.remote.internal.inet.InetAddressFactory] Adding loopback multicast interface WAN Miniport (Network Monitor)
09:24:29.081 [DEBUG] [org.gradle.messaging.remote.internal.inet.InetAddressFactory] Adding IP addresses for network interface WAN Miniport (IP)
09:24:29.082 [DEBUG] [org.gradle.messaging.remote.internal.inet.InetAddressFactory] Is this a loopback interface? false
09:24:29.083 [DEBUG] [org.gradle.messaging.remote.internal.inet.InetAddressFactory] Is this a multicast interface? true
09:24:29.084 [DEBUG] [org.gradle.messaging.remote.internal.inet.InetAddressFactory] Adding loopback multicast interface WAN Miniport (IP)
09:24:29.084 [DEBUG] [org.gradle.messaging.remote.internal.inet.InetAddressFactory] Adding IP addresses for network interface RAS Async Adapter
09:24:29.085 [DEBUG] [org.gradle.messaging.remote.internal.inet.InetAddressFactory] Is this a loopback interface? false
09:24:29.086 [DEBUG] [org.gradle.messaging.remote.internal.inet.InetAddressFactory] Is this a multicast interface? true
09:24:29.086 [DEBUG] [org.gradle.messaging.remote.internal.inet.InetAddressFactory] Adding loopback multicast interface RAS Async Adapter
09:24:29.087 [DEBUG] [org.gradle.messaging.remote.internal.inet.InetAddressFactory] Adding IP addresses for network interface Broadcom NetXtreme Gigabit Ethernet
09:24:29.088 [DEBUG] [org.gradle.messaging.remote.internal.inet.InetAddressFactory] Is this a loopback interface? false
09:24:29.088 [DEBUG] [org.gradle.messaging.remote.internal.inet.InetAddressFactory] Is this a multicast interface? true
09:24:29.089 [DEBUG] [org.gradle.messaging.remote.internal.inet.InetAddressFactory] Adding remote address /fe80:0:0:0:9153:ea9b:5c9f:e8b1%11
09:24:29.089 [DEBUG] [org.gradle.messaging.remote.internal.inet.InetAddressFactory] Adding remote multicast interface Broadcom NetXtreme Gigabit Ethernet
09:24:29.089 [DEBUG] [org.gradle.messaging.remote.internal.inet.InetAddressFactory] Adding IP addresses for network interface Microsoft ISATAP Adapter
09:24:29.090 [DEBUG] [org.gradle.messaging.remote.internal.inet.InetAddressFactory] Is this a loopback interface? false
09:24:29.091 [DEBUG] [org.gradle.messaging.remote.internal.inet.InetAddressFactory] Is this a multicast interface? false
09:24:29.091 [DEBUG] [org.gradle.messaging.remote.internal.inet.InetAddressFactory] Adding IP addresses for network interface Bluetooth Device (Personal Area Network)
09:24:29.092 [DEBUG] [org.gradle.messaging.remote.internal.inet.InetAddressFactory] Is this a loopback interface? false
09:24:29.093 [DEBUG] [org.gradle.messaging.remote.internal.inet.InetAddressFactory] Is this a multicast interface? true
09:24:29.093 [DEBUG] [org.gradle.messaging.remote.internal.inet.InetAddressFactory] Adding remote address /fe80:0:0:0:f9f3:ce7f:5fd1:a3c7%13
09:24:29.094 [DEBUG] [org.gradle.messaging.remote.internal.inet.InetAddressFactory] Adding remote multicast interface Bluetooth Device (Personal Area Network)
09:24:29.094 [DEBUG] [org.gradle.messaging.remote.internal.inet.InetAddressFactory] Adding IP addresses for network interface Microsoft ISATAP Adapter #2
09:24:29.095 [DEBUG] [org.gradle.messaging.remote.internal.inet.InetAddressFactory] Is this a loopback interface? false
09:24:29.096 [DEBUG] [org.gradle.messaging.remote.internal.inet.InetAddressFactory] Is this a multicast interface? false
09:24:29.096 [DEBUG] [org.gradle.messaging.remote.internal.inet.InetAddressFactory] Adding IP addresses for network interface Bluetooth Device (RFCOMM Protocol TDI)
09:24:29.097 [DEBUG] [org.gradle.messaging.remote.internal.inet.InetAddressFactory] Is this a loopback interface? false
09:24:29.098 [DEBUG] [org.gradle.messaging.remote.internal.inet.InetAddressFactory] Is this a multicast interface? true
09:24:29.098 [DEBUG] [org.gradle.messaging.remote.internal.inet.InetAddressFactory] Adding loopback multicast interface Bluetooth Device (RFCOMM Protocol TDI)
09:24:29.098 [DEBUG] [org.gradle.messaging.remote.internal.inet.InetAddressFactory] Adding IP addresses for network interface Teredo Tunneling Pseudo-Interface
09:24:29.100 [DEBUG] [org.gradle.messaging.remote.internal.inet.InetAddressFactory] Is this a loopback interface? false
09:24:29.101 [DEBUG] [org.gradle.messaging.remote.internal.inet.InetAddressFactory] Is this a multicast interface? false
09:24:29.101 [DEBUG] [org.gradle.messaging.remote.internal.inet.InetAddressFactory] Adding remote address /fe80:0:0:0:0:100:7f:fffe%16
09:24:29.101 [DEBUG] [org.gradle.messaging.remote.internal.inet.InetAddressFactory] Adding IP addresses for network interface Broadcom NetXtreme Gigabit Ethernet-QoS Packet Scheduler-0000
09:24:29.103 [DEBUG] [org.gradle.messaging.remote.internal.inet.InetAddressFactory] Is this a loopback interface? false
09:24:29.104 [DEBUG] [org.gradle.messaging.remote.internal.inet.InetAddressFactory] Is this a multicast interface? true
09:24:29.105 [DEBUG] [org.gradle.messaging.remote.internal.inet.InetAddressFactory] Adding loopback multicast interface Broadcom NetXtreme Gigabit Ethernet-QoS Packet Scheduler-0000
09:24:29.105 [DEBUG] [org.gradle.messaging.remote.internal.inet.InetAddressFactory] Adding IP addresses for network interface Broadcom NetXtreme Gigabit Ethernet-WFP LightWeight Filter-0000
09:24:29.107 [DEBUG] [org.gradle.messaging.remote.internal.inet.InetAddressFactory] Is this a loopback interface? false
09:24:29.108 [DEBUG] [org.gradle.messaging.remote.internal.inet.InetAddressFactory] Is this a multicast interface? true
09:24:29.108 [DEBUG] [org.gradle.messaging.remote.internal.inet.InetAddressFactory] Adding loopback multicast interface Broadcom NetXtreme Gigabit Ethernet-WFP LightWeight Filter-0000
09:24:29.109 [DEBUG] [org.gradle.messaging.remote.internal.inet.InetAddressFactory] Adding IP addresses for network interface WAN Miniport (IPv6)-QoS Packet Scheduler-0000
09:24:29.111 [DEBUG] [org.gradle.messaging.remote.internal.inet.InetAddressFactory] Is this a loopback interface? false
09:24:29.112 [DEBUG] [org.gradle.messaging.remote.internal.inet.InetAddressFactory] Is this a multicast interface? true
09:24:29.113 [DEBUG] [org.gradle.messaging.remote.internal.inet.InetAddressFactory] Adding loopback multicast interface WAN Miniport (IPv6)-QoS Packet Scheduler-0000
09:24:29.113 [DEBUG] [org.gradle.messaging.remote.internal.inet.InetAddressFactory] Adding IP addresses for network interface WAN Miniport (IP)-QoS Packet Scheduler-0000
09:24:29.114 [DEBUG] [org.gradle.messaging.remote.internal.inet.InetAddressFactory] Is this a loopback interface? false
09:24:29.116 [DEBUG] [org.gradle.messaging.remote.internal.inet.InetAddressFactory] Is this a multicast interface? true
09:24:29.116 [DEBUG] [org.gradle.messaging.remote.internal.inet.InetAddressFactory] Adding loopback multicast interface WAN Miniport (IP)-QoS Packet Scheduler-0000
09:24:29.116 [DEBUG] [org.gradle.messaging.remote.internal.inet.InetAddressFactory] Adding IP addresses for network interface WAN Miniport (Network Monitor)-QoS Packet Scheduler-0000
09:24:29.118 [DEBUG] [org.gradle.messaging.remote.internal.inet.InetAddressFactory] Is this a loopback interface? false
09:24:29.118 [DEBUG] [org.gradle.messaging.remote.internal.inet.InetAddressFactory] Is this a multicast interface? true
09:24:29.119 [DEBUG] [org.gradle.messaging.remote.internal.inet.InetAddressFactory] Adding loopback multicast interface WAN Miniport (Network Monitor)-QoS Packet Scheduler-0000
09:24:29.167 [DEBUG] [org.gradle.messaging.remote.internal.inet.TcpIncomingConnector] Listening on [d994ee9a-ba3e-427a-827e-fb948df307fd port:49160, addresses:[/127.0.0.1, /0:0:0:0:0:0:0:1]].
09:24:29.167 [DEBUG] [org.gradle.launcher.daemon.server.Daemon] Daemon starting at: Sat Dec 05 09:24:29 CST 2015, with address: [d994ee9a-ba3e-427a-827e-fb948df307fd port:49160, addresses:[/127.0.0.1, /0:0:0:0:0:0:0:1]]
09:24:29.167 [INFO] [org.gradle.launcher.daemon.server.DomainRegistryUpdater] Advertising the daemon address to the clients: [d994ee9a-ba3e-427a-827e-fb948df307fd port:49160, addresses:[/127.0.0.1, /0:0:0:0:0:0:0:1]]
09:24:29.167 [DEBUG] [org.gradle.launcher.daemon.server.DomainRegistryUpdater] Advertised daemon context: DefaultDaemonContext[uid=0923ecb0-ce6a-45cf-947f-a203bd964998,javaHome=C:\Program Files\Java\jdk1.7.0_79,daemonRegistryDir=C:\Users\FTC 6473\.gradle\daemon,pid=1800,idleTimeout=10800000,daemonOpts=-XX:MaxPermSize=256m,-XX:+HeapDumpOnOutOfMemoryError,-Xmx1024m,-Dfile.encoding=windows-1252,-Duser.country=US,-Duser.language=en,-Duser.variant]
09:24:29.167 [DEBUG] [org.gradle.launcher.daemon.registry.PersistentDaemonRegistry] Storing daemon address: [d994ee9a-ba3e-427a-827e-fb948df307fd port:49160, addresses:[/127.0.0.1, /0:0:0:0:0:0:0:1]], context: DefaultDaemonContext[uid=0923ecb0-ce6a-45cf-947f-a203bd964998,javaHome=C:\Program Files\Java\jdk1.7.0_79,daemonRegistryDir=C:\Users\FTC 6473\.gradle\daemon,pid=1800,idleTimeout=10800000,daemonOpts=-XX:MaxPermSize=256m,-XX:+HeapDumpOnOutOfMemoryError,-Xmx1024m,-Dfile.encoding=windows-1252,-Duser.country=US,-Duser.language=en,-Duser.variant]
09:24:29.240 [DEBUG] [org.gradle.cache.internal.DefaultFileLockManager] Waiting to acquire exclusive lock on daemon addresses registry.
09:24:29.240 [DEBUG] [org.gradle.cache.internal.DefaultFileLockManager] Lock acquired.
09:24:29.318 [DEBUG] [org.gradle.cache.internal.DefaultFileLockManager] Releasing lock on daemon addresses registry.
09:24:29.318 [LIFECYCLE] [org.gradle.launcher.daemon.server.Daemon] Daemon server started.
09:24:29.335 [DEBUG] [org.gradle.launcher.daemon.bootstrap.DaemonStartupCommunication] Completed writing the daemon greeting. Closing streams...
09:24:29.336 [DEBUG] [org.gradle.launcher.daemon.server.Daemon] requestStopOnIdleTimeout(10800000 MILLISECONDS) called on daemon
09:24:29.337 [DEBUG] [org.gradle.launcher.daemon.server.DaemonStateCoordinator] Idle timeout: waiting for daemon to stop or be idle for 10800000ms
09:24:29.338 [DEBUG] [org.gradle.launcher.daemon.server.DaemonStateCoordinator] Daemon is idle, sleeping until state change or idle timeout at Sat Dec 05 12:24:28 CST 2015
09:24:29.361 [DEBUG] [org.gradle.messaging.remote.internal.inet.TcpIncomingConnector] Accepted connection from /127.0.0.1:49161 to /127.0.0.1:49160.
09:24:29.423 [DEBUG] [org.gradle.launcher.daemon.server.SynchronizedDispatchConnection] thread 14: received class org.gradle.launcher.daemon.protocol.Build
09:24:29.424 [DEBUG] [org.gradle.launcher.daemon.server.DefaultDaemonConnection] Received non-IO message from client: Build{id=4d4fc4fd-6e06-4df5-8d9a-def91dfa733d.1, currentDir=C:\Users\FTC 6473\Downloads\ftc_app-master (2)\ftc_app-master}
09:24:29.425 [INFO] [org.gradle.launcher.daemon.server.DefaultIncomingConnectionHandler] Received command: Build{id=4d4fc4fd-6e06-4df5-8d9a-def91dfa733d.1, currentDir=C:\Users\FTC 6473\Downloads\ftc_app-master (2)\ftc_app-master}.
09:24:29.426 [DEBUG] [org.gradle.launcher.daemon.server.DefaultIncomingConnectionHandler] Starting executing command: Build{id=4d4fc4fd-6e06-4df5-8d9a-def91dfa733d.1, currentDir=C:\Users\FTC 6473\Downloads\ftc_app-master (2)\ftc_app-master} with connection: socket connection from /127.0.0.1:49160 to /127.0.0.1:49161.
09:24:29.491 [DEBUG] [org.gradle.launcher.daemon.server.DaemonStateCoordinator] Command execution: started DaemonCommandExecution[command = Build{id=4d4fc4fd-6e06-4df5-8d9a-def91dfa733d.1, currentDir=C:\Users\FTC 6473\Downloads\ftc_app-master (2)\ftc_app-master}, connection = org.gradle.launcher.daemon.server.DefaultDaemonConnection@45b831da] after 0.0 minutes of idle
09:24:29.492 [INFO] [org.gradle.launcher.daemon.server.DomainRegistryUpdater] Marking the daemon as busy, address: [d994ee9a-ba3e-427a-827e-fb948df307fd port:49160, addresses:[/127.0.0.1, /0:0:0:0:0:0:0:1]]
09:24:29.492 [DEBUG] [org.gradle.launcher.daemon.registry.PersistentDaemonRegistry] Marking busy by address: [d994ee9a-ba3e-427a-827e-fb948df307fd port:49160, addresses:[/127.0.0.1, /0:0:0:0:0:0:0:1]]
09:24:29.493 [DEBUG] [org.gradle.cache.internal.DefaultFileLockManager] Waiting to acquire exclusive lock on daemon addresses registry.
09:24:29.494 [DEBUG] [org.gradle.cache.internal.DefaultFileLockManager] Lock acquired.
09:24:29.497 [DEBUG] [org.gradle.cache.internal.DefaultFileLockManager] Releasing lock on daemon addresses registry.
09:24:29.497 [DEBUG] [org.gradle.launcher.daemon.server.DaemonStateCoordinator] updating lastActivityAt to 1449329069497
09:24:29.498 [DEBUG] [org.gradle.launcher.daemon.server.DaemonStateCoordinator] Daemon is busy, sleeping until state changes.
09:24:29.499 [INFO] [org.gradle.launcher.daemon.server.exec.StartBuildOrRespondWithBusy] Daemon is about to start building Build{id=4d4fc4fd-6e06-4df5-8d9a-def91dfa733d.1, currentDir=C:\Users\FTC 6473\Downloads\ftc_app-master (2)\ftc_app-master}. Dispatching build started information...
09:24:29.499 [DEBUG] [org.gradle.launcher.daemon.server.SynchronizedDispatchConnection] thread 16: dispatching class org.gradle.launcher.daemon.protocol.BuildStarted
09:24:29.503 [DEBUG] [org.gradle.launcher.daemon.server.exec.EstablishBuildEnvironment] Configuring env variables: {USERPROFILE=C:\Users\FTC 6473, ProgramData=C:\ProgramData, PATHEXT=.COM;.EXE;.BAT;.CMD;.VBS;.VBE;.JS;.JSE;.WSF;.WSH;.MSC, ProgramFiles(x86)=C:\Program Files (x86), TEMP=C:\Users\FTC647~1\AppData\Local\Temp, SystemDrive=C:, ProgramFiles=C:\Program Files, Path=C:\Windows\system32;C:\Windows;C:\Windows\System32\Wbem;C:\Windows\System32\WindowsPowerShell\v1.0\, HOMEDRIVE=C:, PROCESSOR_REVISION=2505, USERDOMAIN=FTC6473-PC, ALLUSERSPROFILE=C:\ProgramData, ProgramW6432=C:\Program Files, PROCESSOR_IDENTIFIER=Intel64 Family 6 Model 37 Stepping 5, GenuineIntel, SESSIONNAME=Console, TMP=C:\Users\FTC647~1\AppData\Local\Temp, CommonProgramFiles=C:\Program Files\Common Files, =::=::\, LOGONSERVER=\\FTC6473-PC, PROCESSOR_ARCHITECTURE=AMD64, FP_NO_HOST_CHECK=NO, OS=Windows_NT, HOMEPATH=\Users\FTC 6473, PROCESSOR_LEVEL=6, CommonProgramW6432=C:\Program Files\Common Files, LOCALAPPDATA=C:\Users\FTC 6473\AppData\Local, COMPUTERNAME=FTC6473-PC, windir=C:\Windows, SystemRoot=C:\Windows, NUMBER_OF_PROCESSORS=4, USERNAME=FTC 6473, PUBLIC=C:\Users\Public, PSModulePath=C:\Windows\system32\WindowsPowerShell\v1.0\Modules\, CommonProgramFiles(x86)=C:\Program Files (x86)\Common Files, ComSpec=C:\Windows\system32\cmd.exe, APPDATA=C:\Users\FTC 6473\AppData\Roaming}
09:24:29.517 [DEBUG] [org.gradle.launcher.daemon.server.exec.LogToClient] About to start relaying all logs to the client via the connection.
09:24:29.517 [INFO] [org.gradle.launcher.daemon.server.exec.LogToClient] The client will now receive all logging from the daemon (pid: 1800). The daemon log file: C:\Users\FTC 6473\.gradle\daemon\2.4\daemon-1800.out.log
09:24:29.524 [INFO] [org.gradle.launcher.daemon.server.health.DaemonHealthTracker] Starting build in new daemon [memory: 954.7 MB]
09:24:29.529 [DEBUG] [org.gradle.launcher.daemon.server.exec.ExecuteBuild] The daemon has started executing the build.
09:24:29.529 [INFO] [org.gradle.launcher.daemon.server.exec.ExecuteBuild] Executing build with daemon context: DefaultDaemonContext[uid=0923ecb0-ce6a-45cf-947f-a203bd964998,javaHome=C:\Program Files\Java\jdk1.7.0_79,daemonRegistryDir=C:\Users\FTC 6473\.gradle\daemon,pid=1800,idleTimeout=10800000,daemonOpts=-XX:MaxPermSize=256m,-XX:+HeapDumpOnOutOfMemoryError,-Xmx1024m,-Dfile.encoding=windows-1252,-Duser.country=US,-Duser.language=en,-Duser.variant]
09:24:29.578 [DEBUG] [org.gradle.launcher.daemon.server.SynchronizedDispatchConnection] thread 14: received class org.gradle.launcher.daemon.protocol.CloseInput
09:24:29.578 [DEBUG] [org.gradle.launcher.daemon.server.DefaultDaemonConnection] Received IO message from client: CloseInput[id=4d4fc4fd-6e06-4df5-8d9a-def91dfa733d.2]
09:24:29.578 [INFO] [org.gradle.launcher.daemon.server.exec.ForwardClientInput] Closing daemon's stdin at end of input.
09:24:29.578 [INFO] [org.gradle.launcher.daemon.server.exec.ForwardClientInput] The daemon will no longer process any standard input.
09:24:31.273 [DEBUG] [org.gradle.internal.nativeintegration.services.NativeServices] Native-platform posix files is not available.  Continuing with fallback.
09:24:31.490 [INFO] [org.gradle.tooling.internal.provider.DefaultPayloadClassLoaderRegistry] Creating ClassLoader 3ebfae4a-53c2-4211-8187-2b11df952ae8 from [Spec classpath:[file:/C:/Program%20Files/Android/Android%20Studio/plugins/gradle/lib/gradle-tooling-api-2.2.jar, file:/C:/Program%20Files/Android/Android%20Studio/plugins/gradle/lib/guava-jdk5-17.0.jar, file:/C:/Program%20Files/Android/Android%20Studio/plugins/gradle/lib/gradle-base-services-2.2.jar, file:/C:/Program%20Files/Android/Android%20Studio/plugins/gradle/lib/gradle-tooling-extension-api.jar, file:/C:/Program%20Files/Android/Android%20Studio/lib/openapi.jar, file:/C:/Program%20Files/Android/Android%20Studio/plugins/android/lib/builder-model-1.4.0-beta2.jar, file:/C:/Program%20Files/Android/Android%20Studio/plugins/google-cloud-tools-core/lib/gradle-appengine-builder-model-0.1.0.jar]] and [org.gradle.internal.classloader.FilteringClassLoader@529762a].
09:24:31.493 [DEBUG] [org.gradle.cache.internal.DefaultFileLockManager] Waiting to acquire exclusive lock on jars (C:\Users\FTC 6473\.gradle\caches\jars-1).
09:24:31.494 [DEBUG] [org.gradle.cache.internal.DefaultFileLockManager] Lock acquired.
09:24:31.496 [DEBUG] [org.gradle.cache.internal.locklistener.DefaultFileLockContentionHandler] Starting file lock listener thread.

BUILD SUCCESSFUL

Total time: 27.823 secs
09:24:56.360 [DEBUG] [org.gradle.api.internal.tasks.compile.daemon.CompilerDaemonManager] Stopping 0 compiler daemon(s).
09:24:56.360 [INFO] [org.gradle.api.internal.tasks.compile.daemon.CompilerDaemonManager] Stopped 0 compiler daemon(s).
09:24:56.360 [DEBUG] [org.gradle.cache.internal.DefaultFileLockManager] Releasing lock on initscript class cache for initialization script 'C:\Users\FTC 6473\AppData\Local\Temp\asLocalRepo20.gradle' (C:\Users\FTC 6473\.gradle\caches\2.4\scripts\asLocalRepo20_5mf98rjjmxamcv4ncn3vb1lrj\InitScript\initscript).
09:24:56.360 [DEBUG] [org.gradle.cache.internal.DefaultFileLockManager] Releasing lock on no_initscript class cache for initialization script 'C:\Users\FTC 6473\AppData\Local\Temp\asLocalRepo20.gradle' (C:\Users\FTC 6473\.gradle\caches\2.4\scripts\asLocalRepo20_5mf98rjjmxamcv4ncn3vb1lrj\InitScript\no_initscript).
09:24:56.360 [DEBUG] [org.gradle.cache.internal.DefaultFileLockManager] Releasing lock on initscript class cache for initialization script 'C:\Users\FTC 6473\AppData\Local\Temp\ijinit5.gradle' (C:\Users\FTC 6473\.gradle\caches\2.4\scripts\ijinit5_f3to95ylm3twuurkuyhjubasa\InitScript\initscript).
09:24:56.360 [DEBUG] [org.gradle.cache.internal.DefaultFileLockManager] Releasing lock on no_initscript class cache for initialization script 'C:\Users\FTC 6473\AppData\Local\Temp\ijinit5.gradle' (C:\Users\FTC 6473\.gradle\caches\2.4\scripts\ijinit5_f3to95ylm3twuurkuyhjubasa\InitScript\no_initscript).
09:24:56.360 [DEBUG] [org.gradle.cache.internal.DefaultFileLockManager] Releasing lock on buildscript class cache for settings file 'C:\Users\FTC 6473\Downloads\ftc_app-master (2)\ftc_app-master\settings.gradle' (C:\Users\FTC 6473\.gradle\caches\2.4\scripts\settings_cod3x8sqefl98bki91gq9i1b\SettingsScript\buildscript).
09:24:56.360 [DEBUG] [org.gradle.cache.internal.DefaultFileLockManager] Releasing lock on no_buildscript class cache for settings file 'C:\Users\FTC 6473\Downloads\ftc_app-master (2)\ftc_app-master\settings.gradle' (C:\Users\FTC 6473\.gradle\caches\2.4\scripts\settings_cod3x8sqefl98bki91gq9i1b\SettingsScript\no_buildscript).
09:24:56.360 [DEBUG] [org.gradle.cache.internal.DefaultFileLockManager] Releasing lock on buildscript class cache for build file 'C:\Users\FTC 6473\Downloads\ftc_app-master (2)\ftc_app-master\build.gradle' (C:\Users\FTC 6473\.gradle\caches\2.4\scripts\build_e1i9odwl393dov5grzd4yiucn\ProjectScript\buildscript).
09:24:56.360 [DEBUG] [org.gradle.cache.internal.DefaultFileLockManager] Releasing lock on no_buildscript class cache for build file 'C:\Users\FTC 6473\Downloads\ftc_app-master (2)\ftc_app-master\build.gradle' (C:\Users\FTC 6473\.gradle\caches\2.4\scripts\build_e1i9odwl393dov5grzd4yiucn\ProjectScript\no_buildscript).
09:24:56.360 [DEBUG] [org.gradle.cache.internal.DefaultFileLockManager] Releasing lock on buildscript class cache for build file 'C:\Users\FTC 6473\Downloads\ftc_app-master (2)\ftc_app-master\FtcRobotController\build.gradle' (C:\Users\FTC 6473\.gradle\caches\2.4\scripts\build_1wcobtd4coklhov4jz5kairwb\ProjectScript\buildscript).
09:24:56.360 [DEBUG] [org.gradle.cache.internal.DefaultFileLockManager] Releasing lock on no_buildscript class cache for build file 'C:\Users\FTC 6473\Downloads\ftc_app-master (2)\ftc_app-master\FtcRobotController\build.gradle' (C:\Users\FTC 6473\.gradle\caches\2.4\scripts\build_1wcobtd4coklhov4jz5kairwb\ProjectScript\no_buildscript).
09:24:56.360 [DEBUG] [org.gradle.cache.internal.btree.BTreePersistentIndexedCache] Closing cache module-metadata.bin (C:\Users\FTC 6473\.gradle\caches\modules-2\metadata-2.15\module-metadata.bin)
09:24:56.360 [DEBUG] [org.gradle.cache.internal.btree.BTreePersistentIndexedCache] Closing cache artifact-at-url.bin (C:\Users\FTC 6473\.gradle\caches\modules-2\metadata-2.15\artifact-at-url.bin)
09:24:56.360 [DEBUG] [org.gradle.cache.internal.DefaultFileLockManager] Releasing lock on artifact cache (C:\Users\FTC 6473\.gradle\caches\modules-2).
09:24:56.360 [DEBUG] [org.gradle.cache.internal.DefaultFileLockManager] Releasing lock on jars (C:\Users\FTC 6473\.gradle\caches\jars-1).
09:24:56.360 [DEBUG] [org.gradle.cache.internal.DefaultCacheAccess] Cache Plugin Resolution Cache (C:\Users\FTC 6473\.gradle\caches\2.4\plugin-resolution) was closed 0 times.
09:24:56.376 [DEBUG] [org.gradle.api.internal.artifacts.ivyservice.resolveengine.store.CachedStoreFactory] Resolution result cache closed. Cache reads: 9, disk reads: 7 (avg: 0.006 secs, total: 0.048 secs)
09:24:56.376 [DEBUG] [org.gradle.api.internal.artifacts.ivyservice.resolveengine.store.CachedStoreFactory] Resolved configuration cache closed. Cache reads: 0, disk reads: 0 (avg: 0.0 secs, total: 0.0 secs)
09:24:56.376 [DEBUG] [org.gradle.api.internal.artifacts.ivyservice.resolveengine.store.ResolutionResultsStoreFactory] Deleted 2 resolution results binary files in 0.0 secs
09:24:56.376 [DEBUG] [org.gradle.api.internal.artifacts.ivyservice.ivyresolve.memcache.InMemoryCachedRepositoryFactory] In-memory dependency metadata cache closed. Repos cached: 65, cache instances: 6, modules served from cache: 421, artifacts: 182
09:24:56.376 [DEBUG] [org.gradle.launcher.daemon.server.exec.ExecuteBuild] The daemon has finished executing the build.
09:24:57.050 [DEBUG] [org.apache.http.impl.conn.PoolingClientConnectionManager] Connection manager is shutting down
09:24:57.051 [DEBUG] [org.apache.http.impl.conn.PoolingClientConnectionManager] Connection manager shut down
09:24:57.052 [DEBUG] [org.gradle.launcher.daemon.server.DaemonStateCoordinator] Daemon is busy, sleeping until state changes.
09:24:57.053 [DEBUG] [org.gradle.launcher.daemon.server.DaemonStateCoordinator] Command execution: finished waiting for DaemonCommandExecution[command = Build{id=4d4fc4fd-6e06-4df5-8d9a-def91dfa733d.1, currentDir=C:\Users\FTC 6473\Downloads\ftc_app-master (2)\ftc_app-master}, connection = org.gradle.launcher.daemon.server.DefaultDaemonConnection@45b831da]. Result org.gradle.launcher.daemon.server.DaemonStateCoordinator@7ba03571 with state Running
09:24:57.053 [DEBUG] [org.gradle.launcher.daemon.server.DaemonStateCoordinator] Command execution: completed DaemonCommandExecution[command = Build{id=4d4fc4fd-6e06-4df5-8d9a-def91dfa733d.1, currentDir=C:\Users\FTC 6473\Downloads\ftc_app-master (2)\ftc_app-master}, connection = org.gradle.launcher.daemon.server.DefaultDaemonConnection@45b831da]
09:24:57.054 [DEBUG] [org.gradle.launcher.daemon.server.DaemonStateCoordinator] updating lastActivityAt to 1449329097054
09:24:57.055 [INFO] [org.gradle.launcher.daemon.server.DomainRegistryUpdater] Marking the daemon as idle, address: [d994ee9a-ba3e-427a-827e-fb948df307fd port:49160, addresses:[/127.0.0.1, /0:0:0:0:0:0:0:1]]
09:24:57.056 [DEBUG] [org.gradle.launcher.daemon.registry.PersistentDaemonRegistry] Marking idle by address: [d994ee9a-ba3e-427a-827e-fb948df307fd port:49160, addresses:[/127.0.0.1, /0:0:0:0:0:0:0:1]]
09:24:57.058 [DEBUG] [org.gradle.cache.internal.DefaultFileLockManager] Waiting to acquire exclusive lock on daemon addresses registry.
09:24:57.059 [DEBUG] [org.gradle.cache.internal.DefaultFileLockManager] Lock acquired.
09:24:57.064 [DEBUG] [org.gradle.cache.internal.DefaultFileLockManager] Releasing lock on daemon addresses registry.
09:24:57.066 [DEBUG] [org.gradle.launcher.daemon.server.exec.ReturnResult] Daemon is dispatching the build result: Success[value=org.gradle.tooling.internal.provider.BuildActionResult@194a2f95]
09:24:57.066 [DEBUG] [org.gradle.launcher.daemon.server.SynchronizedDispatchConnection] thread 13: dispatching class org.gradle.launcher.daemon.protocol.Success
09:24:57.066 [DEBUG] [org.gradle.launcher.daemon.server.DaemonStateCoordinator] Daemon is idle, sleeping until state change or idle timeout at Sat Dec 05 12:24:57 CST 2015
09:24:57.119 [DEBUG] [org.gradle.launcher.daemon.server.DefaultIncomingConnectionHandler] Finishing executing command: Build{id=4d4fc4fd-6e06-4df5-8d9a-def91dfa733d.1, currentDir=C:\Users\FTC 6473\Downloads\ftc_app-master (2)\ftc_app-master}
09:24:57.121 [DEBUG] [org.gradle.launcher.daemon.server.SynchronizedDispatchConnection] thread 14: received class org.gradle.launcher.daemon.protocol.Finished
09:24:57.121 [DEBUG] [org.gradle.launcher.daemon.server.DefaultDaemonConnection] Received non-IO message from client: org.gradle.launcher.daemon.protocol.Finished@5d6fdab9
09:24:57.121 [DEBUG] [org.gradle.launcher.daemon.server.SynchronizedDispatchConnection] thread 14: received null
09:24:57.121 [DEBUG] [org.gradle.launcher.daemon.server.DefaultDaemonConnection] Received end-of-input from client.
09:24:57.163 [DEBUG] [org.gradle.launcher.daemon.server.DefaultIncomingConnectionHandler] Received finished message: null
09:24:57.164 [DEBUG] [org.gradle.launcher.daemon.server.SynchronizedDispatchConnection] thread 13: stopping connection
09:24:57.169 [DEBUG] [org.gradle.launcher.daemon.server.SynchronizedDispatchConnection] thread 13: stopping connection
09:25:00.876 [DEBUG] [org.gradle.messaging.remote.internal.inet.TcpIncomingConnector] Accepted connection from /127.0.0.1:49170 to /127.0.0.1:49160.
09:25:00.908 [DEBUG] [org.gradle.launcher.daemon.server.SynchronizedDispatchConnection] thread 19: received class org.gradle.launcher.daemon.protocol.Build
09:25:00.908 [DEBUG] [org.gradle.launcher.daemon.server.DefaultDaemonConnection] Received non-IO message from client: Build{id=5add79c8-63e5-462d-b4d4-5f083a707d30.1, currentDir=C:\Users\FTC 6473\Downloads\ftc_app-master (2)\ftc_app-master}
09:25:00.909 [INFO] [org.gradle.launcher.daemon.server.DefaultIncomingConnectionHandler] Received command: Build{id=5add79c8-63e5-462d-b4d4-5f083a707d30.1, currentDir=C:\Users\FTC 6473\Downloads\ftc_app-master (2)\ftc_app-master}.
09:25:00.910 [DEBUG] [org.gradle.launcher.daemon.server.DefaultIncomingConnectionHandler] Starting executing command: Build{id=5add79c8-63e5-462d-b4d4-5f083a707d30.1, currentDir=C:\Users\FTC 6473\Downloads\ftc_app-master (2)\ftc_app-master} with connection: socket connection from /127.0.0.1:49160 to /127.0.0.1:49170.
09:25:00.911 [DEBUG] [org.gradle.launcher.daemon.server.DaemonStateCoordinator] Command execution: started DaemonCommandExecution[command = Build{id=5add79c8-63e5-462d-b4d4-5f083a707d30.1, currentDir=C:\Users\FTC 6473\Downloads\ftc_app-master (2)\ftc_app-master}, connection = org.gradle.launcher.daemon.server.DefaultDaemonConnection@60ad1a86] after 0.0 minutes of idle
09:25:00.911 [INFO] [org.gradle.launcher.daemon.server.DomainRegistryUpdater] Marking the daemon as busy, address: [d994ee9a-ba3e-427a-827e-fb948df307fd port:49160, addresses:[/127.0.0.1, /0:0:0:0:0:0:0:1]]
09:25:00.911 [DEBUG] [org.gradle.launcher.daemon.registry.PersistentDaemonRegistry] Marking busy by address: [d994ee9a-ba3e-427a-827e-fb948df307fd port:49160, addresses:[/127.0.0.1, /0:0:0:0:0:0:0:1]]
09:25:00.912 [DEBUG] [org.gradle.cache.internal.DefaultFileLockManager] Waiting to acquire exclusive lock on daemon addresses registry.
09:25:00.913 [DEBUG] [org.gradle.cache.internal.DefaultFileLockManager] Lock acquired.
09:25:00.917 [DEBUG] [org.gradle.cache.internal.DefaultFileLockManager] Releasing lock on daemon addresses registry.
09:25:00.918 [DEBUG] [org.gradle.launcher.daemon.server.DaemonStateCoordinator] updating lastActivityAt to 1449329100918
09:25:00.919 [INFO] [org.gradle.launcher.daemon.server.exec.StartBuildOrRespondWithBusy] Daemon is about to start building Build{id=5add79c8-63e5-462d-b4d4-5f083a707d30.1, currentDir=C:\Users\FTC 6473\Downloads\ftc_app-master (2)\ftc_app-master}. Dispatching build started information...
09:25:00.919 [DEBUG] [org.gradle.launcher.daemon.server.SynchronizedDispatchConnection] thread 16: dispatching class org.gradle.launcher.daemon.protocol.BuildStarted
09:25:00.920 [DEBUG] [org.gradle.launcher.daemon.server.exec.EstablishBuildEnvironment] Configuring env variables: {USERPROFILE=C:\Users\FTC 6473, ProgramData=C:\ProgramData, PATHEXT=.COM;.EXE;.BAT;.CMD;.VBS;.VBE;.JS;.JSE;.WSF;.WSH;.MSC, ProgramFiles(x86)=C:\Program Files (x86), TEMP=C:\Users\FTC647~1\AppData\Local\Temp, SystemDrive=C:, ProgramFiles=C:\Program Files, Path=C:\Windows\system32;C:\Windows;C:\Windows\System32\Wbem;C:\Windows\System32\WindowsPowerShell\v1.0\, HOMEDRIVE=C:, PROCESSOR_REVISION=2505, USERDOMAIN=FTC6473-PC, ALLUSERSPROFILE=C:\ProgramData, ProgramW6432=C:\Program Files, PROCESSOR_IDENTIFIER=Intel64 Family 6 Model 37 Stepping 5, GenuineIntel, SESSIONNAME=Console, TMP=C:\Users\FTC647~1\AppData\Local\Temp, CommonProgramFiles=C:\Program Files\Common Files, =::=::\, LOGONSERVER=\\FTC6473-PC, PROCESSOR_ARCHITECTURE=AMD64, FP_NO_HOST_CHECK=NO, OS=Windows_NT, HOMEPATH=\Users\FTC 6473, PROCESSOR_LEVEL=6, CommonProgramW6432=C:\Program Files\Common Files, LOCALAPPDATA=C:\Users\FTC 6473\AppData\Local, COMPUTERNAME=FTC6473-PC, windir=C:\Windows, SystemRoot=C:\Windows, NUMBER_OF_PROCESSORS=4, USERNAME=FTC 6473, PUBLIC=C:\Users\Public, PSModulePath=C:\Windows\system32\WindowsPowerShell\v1.0\Modules\, CommonProgramFiles(x86)=C:\Program Files (x86)\Common Files, ComSpec=C:\Windows\system32\cmd.exe, APPDATA=C:\Users\FTC 6473\AppData\Roaming}
09:25:00.922 [DEBUG] [org.gradle.launcher.daemon.server.exec.LogToClient] About to start relaying all logs to the client via the connection.
09:25:00.925 [INFO] [org.gradle.launcher.daemon.server.exec.LogToClient] The client will now receive all logging from the daemon (pid: 1800). The daemon log file: C:\Users\FTC 6473\.gradle\daemon\2.4\daemon-1800.out.log
09:25:00.925 [INFO] [org.gradle.launcher.daemon.server.health.DaemonHealthTracker] Starting 2nd build in daemon [uptime: 32.041 secs, performance: 96%, memory: 43% of 954.7 MB]
09:25:00.928 [DEBUG] [org.gradle.launcher.daemon.server.exec.ExecuteBuild] The daemon has started executing the build.
09:25:00.928 [INFO] [org.gradle.launcher.daemon.server.exec.ExecuteBuild] Executing build with daemon context: DefaultDaemonContext[uid=0923ecb0-ce6a-45cf-947f-a203bd964998,javaHome=C:\Program Files\Java\jdk1.7.0_79,daemonRegistryDir=C:\Users\FTC 6473\.gradle\daemon,pid=1800,idleTimeout=10800000,daemonOpts=-XX:MaxPermSize=256m,-XX:+HeapDumpOnOutOfMemoryError,-Xmx1024m,-Dfile.encoding=windows-1252,-Duser.country=US,-Duser.language=en,-Duser.variant]
Configuration on demand is an incubating feature.
:FtcRobotController:preBuild UP-TO-DATE
:FtcRobotController:preDebugBuild UP-TO-DATE
:FtcRobotController:checkDebugManifest
:FtcRobotController:preReleaseBuild UP-TO-DATE
:FtcRobotController:prepareAnalyticsReleaseLibrary UP-TO-DATE
:FtcRobotController:prepareFtcCommonReleaseLibrary UP-TO-DATE
:FtcRobotController:prepareHardwareReleaseLibrary UP-TO-DATE
:FtcRobotController:prepareModernRoboticsReleaseLibrary UP-TO-DATE
:FtcRobotController:prepareRobotCoreReleaseLibrary UP-TO-DATE
:FtcRobotController:prepareWirelessP2pReleaseLibrary UP-TO-DATE
:FtcRobotController:prepareDebugDependencies
:FtcRobotController:compileDebugAidl UP-TO-DATE
:FtcRobotController:compileDebugRenderscript UP-TO-DATE
:FtcRobotController:generateDebugBuildConfig UP-TO-DATE
:FtcRobotController:generateDebugAssets UP-TO-DATE
:FtcRobotController:mergeDebugAssets UP-TO-DATE
:FtcRobotController:generateDebugResValues UP-TO-DATE
:FtcRobotController:generateDebugResources UP-TO-DATE
:FtcRobotController:mergeDebugResources UP-TO-DATE
:FtcRobotController:processDebugManifest UP-TO-DATE
:FtcRobotController:processDebugResources UP-TO-DATE
:FtcRobotController:generateDebugSources UP-TO-DATE
:FtcRobotController:preDebugAndroidTestBuild UP-TO-DATE
:FtcRobotController:prepareDebugAndroidTestDependencies
:FtcRobotController:compileDebugAndroidTestAidl UP-TO-DATE
:FtcRobotController:processDebugAndroidTestManifest UP-TO-DATE
:FtcRobotController:compileDebugAndroidTestRenderscript UP-TO-DATE
:FtcRobotController:generateDebugAndroidTestBuildConfig UP-TO-DATE
:FtcRobotController:generateDebugAndroidTestAssets UP-TO-DATE
:FtcRobotController:mergeDebugAndroidTestAssets UP-TO-DATE
:FtcRobotController:generateDebugAndroidTestResValues UP-TO-DATE
:FtcRobotController:generateDebugAndroidTestResources UP-TO-DATE
:FtcRobotController:mergeDebugAndroidTestResources UP-TO-DATE
:FtcRobotController:processDebugAndroidTestResources UP-TO-DATE
:FtcRobotController:generateDebugAndroidTestSources UP-TO-DATE
:FtcRobotController:processDebugJavaRes UP-TO-DATE
:FtcRobotController:compileDebugJava UP-TO-DATE
:FtcRobotController:compileDebugNdk UP-TO-DATE
:FtcRobotController:compileDebugSources UP-TO-DATE
:FtcRobotController:processDebugAndroidTestJavaRes UP-TO-DATE
:FtcRobotController:compileDebugAndroidTestJava
:FtcRobotController:compileDebugAndroidTestNdk UP-TO-DATE
:FtcRobotController:compileDebugAndroidTestSources

BUILD SUCCESSFUL

Total time: 3.911 secs
09:25:04.719 [DEBUG] [org.gradle.api.internal.tasks.compile.daemon.CompilerDaemonManager] Stopping 0 compiler daemon(s).
09:25:04.719 [INFO] [org.gradle.api.internal.tasks.compile.daemon.CompilerDaemonManager] Stopped 0 compiler daemon(s).
09:25:04.719 [DEBUG] [org.gradle.cache.internal.DefaultFileLockManager] Releasing lock on initscript class cache for initialization script 'C:\Users\FTC 6473\AppData\Local\Temp\asLocalRepo21.gradle' (C:\Users\FTC 6473\.gradle\caches\2.4\scripts\asLocalRepo21_2fjzravc9fen9f50nncdulh66\InitScript\initscript).
09:25:04.719 [DEBUG] [org.gradle.cache.internal.DefaultFileLockManager] Releasing lock on no_initscript class cache for initialization script 'C:\Users\FTC 6473\AppData\Local\Temp\asLocalRepo21.gradle' (C:\Users\FTC 6473\.gradle\caches\2.4\scripts\asLocalRepo21_2fjzravc9fen9f50nncdulh66\InitScript\no_initscript).
09:25:04.719 [DEBUG] [org.gradle.cache.internal.DefaultFileLockManager] Releasing lock on buildscript class cache for settings file 'C:\Users\FTC 6473\Downloads\ftc_app-master (2)\ftc_app-master\settings.gradle' (C:\Users\FTC 6473\.gradle\caches\2.4\scripts\settings_cod3x8sqefl98bki91gq9i1b\SettingsScript\buildscript).
09:25:04.719 [DEBUG] [org.gradle.cache.internal.DefaultFileLockManager] Releasing lock on no_buildscript class cache for settings file 'C:\Users\FTC 6473\Downloads\ftc_app-master (2)\ftc_app-master\settings.gradle' (C:\Users\FTC 6473\.gradle\caches\2.4\scripts\settings_cod3x8sqefl98bki91gq9i1b\SettingsScript\no_buildscript).
09:25:04.719 [DEBUG] [org.gradle.cache.internal.DefaultFileLockManager] Releasing lock on buildscript class cache for build file 'C:\Users\FTC 6473\Downloads\ftc_app-master (2)\ftc_app-master\build.gradle' (C:\Users\FTC 6473\.gradle\caches\2.4\scripts\build_e1i9odwl393dov5grzd4yiucn\ProjectScript\buildscript).
09:25:04.719 [DEBUG] [org.gradle.cache.internal.DefaultFileLockManager] Releasing lock on no_buildscript class cache for build file 'C:\Users\FTC 6473\Downloads\ftc_app-master (2)\ftc_app-master\build.gradle' (C:\Users\FTC 6473\.gradle\caches\2.4\scripts\build_e1i9odwl393dov5grzd4yiucn\ProjectScript\no_buildscript).
09:25:04.719 [DEBUG] [org.gradle.cache.internal.DefaultFileLockManager] Releasing lock on buildscript class cache for build file 'C:\Users\FTC 6473\Downloads\ftc_app-master (2)\ftc_app-master\FtcRobotController\build.gradle' (C:\Users\FTC 6473\.gradle\caches\2.4\scripts\build_1wcobtd4coklhov4jz5kairwb\ProjectScript\buildscript).
09:25:04.719 [DEBUG] [org.gradle.cache.internal.DefaultFileLockManager] Releasing lock on no_buildscript class cache for build file 'C:\Users\FTC 6473\Downloads\ftc_app-master (2)\ftc_app-master\FtcRobotController\build.gradle' (C:\Users\FTC 6473\.gradle\caches\2.4\scripts\build_1wcobtd4coklhov4jz5kairwb\ProjectScript\no_buildscript).
09:25:04.719 [DEBUG] [org.gradle.cache.internal.DefaultCacheAccess] Cache Plugin Resolution Cache (C:\Users\FTC 6473\.gradle\caches\2.4\plugin-resolution) was closed 0 times.
09:25:04.719 [DEBUG] [org.gradle.cache.internal.btree.BTreePersistentIndexedCache] Closing cache module-metadata.bin (C:\Users\FTC 6473\.gradle\caches\modules-2\metadata-2.15\module-metadata.bin)
09:25:04.734 [DEBUG] [org.gradle.cache.internal.DefaultFileLockManager] Releasing lock on artifact cache (C:\Users\FTC 6473\.gradle\caches\modules-2).
09:25:04.734 [DEBUG] [org.gradle.cache.internal.DefaultCacheAccess] Cache jars (C:\Users\FTC 6473\.gradle\caches\jars-1) was closed 0 times.
09:25:04.734 [DEBUG] [org.gradle.cache.internal.btree.BTreePersistentIndexedCache] Closing cache outputFileStates.bin (C:\Users\FTC 6473\Downloads\ftc_app-master (2)\ftc_app-master\.gradle\2.4\taskArtifacts\outputFileStates.bin)
09:25:04.734 [DEBUG] [org.gradle.cache.internal.btree.BTreePersistentIndexedCache] Closing cache taskArtifacts.bin (C:\Users\FTC 6473\Downloads\ftc_app-master (2)\ftc_app-master\.gradle\2.4\taskArtifacts\taskArtifacts.bin)
09:25:04.734 [DEBUG] [org.gradle.cache.internal.btree.BTreePersistentIndexedCache] Closing cache fileHashes.bin (C:\Users\FTC 6473\Downloads\ftc_app-master (2)\ftc_app-master\.gradle\2.4\taskArtifacts\fileHashes.bin)
09:25:04.734 [DEBUG] [org.gradle.cache.internal.btree.BTreePersistentIndexedCache] Closing cache fileSnapshots.bin (C:\Users\FTC 6473\Downloads\ftc_app-master (2)\ftc_app-master\.gradle\2.4\taskArtifacts\fileSnapshots.bin)
09:25:04.734 [DEBUG] [org.gradle.cache.internal.DefaultFileLockManager] Releasing lock on task history cache (C:\Users\FTC 6473\Downloads\ftc_app-master (2)\ftc_app-master\.gradle\2.4\taskArtifacts).
09:25:04.734 [DEBUG] [org.gradle.api.internal.artifacts.ivyservice.resolveengine.store.CachedStoreFactory] Resolution result cache closed. Cache reads: 0, disk reads: 4 (avg: 0.0 secs, total: 0.001 secs)
09:25:04.734 [DEBUG] [org.gradle.api.internal.artifacts.ivyservice.resolveengine.store.CachedStoreFactory] Resolved configuration cache closed. Cache reads: 0, disk reads: 0 (avg: 0.0 secs, total: 0.0 secs)
09:25:04.734 [DEBUG] [org.gradle.api.internal.artifacts.ivyservice.resolveengine.store.ResolutionResultsStoreFactory] Deleted 2 resolution results binary files in 0.0 secs
09:25:04.734 [DEBUG] [org.gradle.api.internal.artifacts.ivyservice.ivyresolve.memcache.InMemoryCachedRepositoryFactory] In-memory dependency metadata cache closed. Repos cached: 32, cache instances: 6, modules served from cache: 191, artifacts: 59
09:25:04.734 [DEBUG] [org.gradle.launcher.daemon.server.exec.ExecuteBuild] The daemon has finished executing the build.
09:25:04.734 [DEBUG] [org.gradle.launcher.daemon.server.DaemonStateCoordinator] Command execution: finished waiting for DaemonCommandExecution[command = Build{id=5add79c8-63e5-462d-b4d4-5f083a707d30.1, currentDir=C:\Users\FTC 6473\Downloads\ftc_app-master (2)\ftc_app-master}, connection = org.gradle.launcher.daemon.server.DefaultDaemonConnection@60ad1a86]. Result org.gradle.launcher.daemon.server.DaemonStateCoordinator@7ba03571 with state Running
09:25:04.734 [DEBUG] [org.gradle.launcher.daemon.server.DaemonStateCoordinator] Command execution: completed DaemonCommandExecution[command = Build{id=5add79c8-63e5-462d-b4d4-5f083a707d30.1, currentDir=C:\Users\FTC 6473\Downloads\ftc_app-master (2)\ftc_app-master}, connection = org.gradle.launcher.daemon.server.DefaultDaemonConnection@60ad1a86]
09:25:04.734 [DEBUG] [org.gradle.launcher.daemon.server.DaemonStateCoordinator] updating lastActivityAt to 1449329104734
09:25:04.734 [INFO] [org.gradle.launcher.daemon.server.DomainRegistryUpdater] Marking the daemon as idle, address: [d994ee9a-ba3e-427a-827e-fb948df307fd port:49160, addresses:[/127.0.0.1, /0:0:0:0:0:0:0:1]]
09:25:04.734 [DEBUG] [org.gradle.launcher.daemon.registry.PersistentDaemonRegistry] Marking idle by address: [d994ee9a-ba3e-427a-827e-fb948df307fd port:49160, addresses:[/127.0.0.1, /0:0:0:0:0:0:0:1]]
09:25:04.734 [DEBUG] [org.gradle.cache.internal.DefaultFileLockManager] Waiting to acquire exclusive lock on daemon addresses registry.
09:25:04.734 [DEBUG] [org.gradle.cache.internal.DefaultFileLockManager] Lock acquired.
09:25:04.751 [DEBUG] [org.gradle.cache.internal.DefaultFileLockManager] Releasing lock on daemon addresses registry.
09:25:04.752 [DEBUG] [org.gradle.launcher.daemon.server.exec.ReturnResult] Daemon is dispatching the build result: Success[value=org.gradle.tooling.internal.provider.BuildActionResult@109b77d6]
09:25:04.752 [DEBUG] [org.gradle.launcher.daemon.server.SynchronizedDispatchConnection] thread 13: dispatching class org.gradle.launcher.daemon.protocol.Success
09:25:04.752 [DEBUG] [org.gradle.launcher.daemon.server.DaemonStateCoordinator] Daemon is idle, sleeping until state change or idle timeout at Sat Dec 05 12:25:04 CST 2015
09:25:04.754 [DEBUG] [org.gradle.launcher.daemon.server.DefaultIncomingConnectionHandler] Finishing executing command: Build{id=5add79c8-63e5-462d-b4d4-5f083a707d30.1, currentDir=C:\Users\FTC 6473\Downloads\ftc_app-master (2)\ftc_app-master}
09:25:04.756 [DEBUG] [org.gradle.launcher.daemon.server.SynchronizedDispatchConnection] thread 19: received class org.gradle.launcher.daemon.protocol.Finished
09:25:04.756 [DEBUG] [org.gradle.launcher.daemon.server.DefaultDaemonConnection] Received non-IO message from client: org.gradle.launcher.daemon.protocol.Finished@131aa8cd
09:25:04.756 [DEBUG] [org.gradle.launcher.daemon.server.DefaultIncomingConnectionHandler] Received finished message: org.gradle.launcher.daemon.protocol.Finished@131aa8cd
09:25:04.756 [DEBUG] [org.gradle.launcher.daemon.server.SynchronizedDispatchConnection] thread 19: received null
09:25:04.756 [DEBUG] [org.gradle.launcher.daemon.server.SynchronizedDispatchConnection] thread 13: stopping connection
09:25:04.756 [DEBUG] [org.gradle.launcher.daemon.server.DefaultDaemonConnection] Received end-of-input from client.
09:25:04.756 [DEBUG] [org.gradle.launcher.daemon.server.SynchronizedDispatchConnection] thread 13: stopping connection
10:10:52.523 [DEBUG] [org.gradle.messaging.remote.internal.inet.TcpIncomingConnector] Accepted connection from /127.0.0.1:49192 to /127.0.0.1:49160.
10:10:52.538 [DEBUG] [org.gradle.launcher.daemon.server.SynchronizedDispatchConnection] thread 23: received class org.gradle.launcher.daemon.protocol.Build
10:10:52.538 [DEBUG] [org.gradle.launcher.daemon.server.DefaultDaemonConnection] Received non-IO message from client: Build{id=1c46306b-febc-42d5-9e54-5d0c671a7ad7.1, currentDir=C:\Users\FTC 6473\Downloads\ftc_app-master (2)\ftc_app-master}
10:10:52.538 [INFO] [org.gradle.launcher.daemon.server.DefaultIncomingConnectionHandler] Received command: Build{id=1c46306b-febc-42d5-9e54-5d0c671a7ad7.1, currentDir=C:\Users\FTC 6473\Downloads\ftc_app-master (2)\ftc_app-master}.
10:10:52.538 [DEBUG] [org.gradle.launcher.daemon.server.DefaultIncomingConnectionHandler] Starting executing command: Build{id=1c46306b-febc-42d5-9e54-5d0c671a7ad7.1, currentDir=C:\Users\FTC 6473\Downloads\ftc_app-master (2)\ftc_app-master} with connection: socket connection from /127.0.0.1:49160 to /127.0.0.1:49192.
10:10:52.538 [DEBUG] [org.gradle.launcher.daemon.server.DaemonStateCoordinator] Command execution: started DaemonCommandExecution[command = Build{id=1c46306b-febc-42d5-9e54-5d0c671a7ad7.1, currentDir=C:\Users\FTC 6473\Downloads\ftc_app-master (2)\ftc_app-master}, connection = org.gradle.launcher.daemon.server.DefaultDaemonConnection@69debf55] after 45.0 minutes of idle
10:10:52.538 [INFO] [org.gradle.launcher.daemon.server.DomainRegistryUpdater] Marking the daemon as busy, address: [d994ee9a-ba3e-427a-827e-fb948df307fd port:49160, addresses:[/127.0.0.1, /0:0:0:0:0:0:0:1]]
10:10:52.538 [DEBUG] [org.gradle.launcher.daemon.registry.PersistentDaemonRegistry] Marking busy by address: [d994ee9a-ba3e-427a-827e-fb948df307fd port:49160, addresses:[/127.0.0.1, /0:0:0:0:0:0:0:1]]
10:10:52.538 [DEBUG] [org.gradle.cache.internal.DefaultFileLockManager] Waiting to acquire exclusive lock on daemon addresses registry.
10:10:52.538 [DEBUG] [org.gradle.cache.internal.DefaultFileLockManager] Lock acquired.
10:10:52.538 [DEBUG] [org.gradle.cache.internal.DefaultFileLockManager] Releasing lock on daemon addresses registry.
10:10:52.538 [DEBUG] [org.gradle.launcher.daemon.server.DaemonStateCoordinator] updating lastActivityAt to 1449331852538
10:10:52.538 [DEBUG] [org.gradle.launcher.daemon.server.DaemonStateCoordinator] Daemon is busy, sleeping until state changes.
10:10:52.538 [INFO] [org.gradle.launcher.daemon.server.exec.StartBuildOrRespondWithBusy] Daemon is about to start building Build{id=1c46306b-febc-42d5-9e54-5d0c671a7ad7.1, currentDir=C:\Users\FTC 6473\Downloads\ftc_app-master (2)\ftc_app-master}. Dispatching build started information...
10:10:52.538 [DEBUG] [org.gradle.launcher.daemon.server.SynchronizedDispatchConnection] thread 25: dispatching class org.gradle.launcher.daemon.protocol.BuildStarted
10:10:52.538 [DEBUG] [org.gradle.launcher.daemon.server.exec.EstablishBuildEnvironment] Configuring env variables: {USERPROFILE=C:\Users\FTC 6473, ProgramData=C:\ProgramData, PATHEXT=.COM;.EXE;.BAT;.CMD;.VBS;.VBE;.JS;.JSE;.WSF;.WSH;.MSC, ProgramFiles(x86)=C:\Program Files (x86), TEMP=C:\Users\FTC647~1\AppData\Local\Temp, SystemDrive=C:, ProgramFiles=C:\Program Files, Path=C:\Windows\system32;C:\Windows;C:\Windows\System32\Wbem;C:\Windows\System32\WindowsPowerShell\v1.0\, HOMEDRIVE=C:, PROCESSOR_REVISION=2505, USERDOMAIN=FTC6473-PC, ALLUSERSPROFILE=C:\ProgramData, ProgramW6432=C:\Program Files, PROCESSOR_IDENTIFIER=Intel64 Family 6 Model 37 Stepping 5, GenuineIntel, SESSIONNAME=Console, TMP=C:\Users\FTC647~1\AppData\Local\Temp, CommonProgramFiles=C:\Program Files\Common Files, =::=::\, LOGONSERVER=\\FTC6473-PC, PROCESSOR_ARCHITECTURE=AMD64, FP_NO_HOST_CHECK=NO, OS=Windows_NT, HOMEPATH=\Users\FTC 6473, PROCESSOR_LEVEL=6, CommonProgramW6432=C:\Program Files\Common Files, LOCALAPPDATA=C:\Users\FTC 6473\AppData\Local, COMPUTERNAME=FTC6473-PC, windir=C:\Windows, SystemRoot=C:\Windows, NUMBER_OF_PROCESSORS=4, USERNAME=FTC 6473, PUBLIC=C:\Users\Public, PSModulePath=C:\Windows\system32\WindowsPowerShell\v1.0\Modules\, CommonProgramFiles(x86)=C:\Program Files (x86)\Common Files, ComSpec=C:\Windows\system32\cmd.exe, APPDATA=C:\Users\FTC 6473\AppData\Roaming}
10:10:52.538 [DEBUG] [org.gradle.launcher.daemon.server.exec.LogToClient] About to start relaying all logs to the client via the connection.
10:10:52.554 [DEBUG] [org.gradle.launcher.daemon.server.SynchronizedDispatchConnection] thread 23: received class org.gradle.launcher.daemon.protocol.CloseInput
10:10:52.554 [DEBUG] [org.gradle.launcher.daemon.server.DefaultDaemonConnection] Received IO message from client: CloseInput[id=1c46306b-febc-42d5-9e54-5d0c671a7ad7.2]
10:10:52.554 [INFO] [org.gradle.launcher.daemon.server.exec.LogToClient] The client will now receive all logging from the daemon (pid: 1800). The daemon log file: C:\Users\FTC 6473\.gradle\daemon\2.4\daemon-1800.out.log
10:10:52.555 [INFO] [org.gradle.launcher.daemon.server.health.DaemonHealthTracker] Starting 3rd build in daemon [uptime: 46 mins 23.671 secs, performance: 95%, memory: 43% of 954.7 MB]
10:10:52.556 [DEBUG] [org.gradle.launcher.daemon.server.exec.ExecuteBuild] The daemon has started executing the build.
10:10:52.556 [INFO] [org.gradle.launcher.daemon.server.exec.ForwardClientInput] Closing daemon's stdin at end of input.
10:10:52.556 [INFO] [org.gradle.launcher.daemon.server.exec.ExecuteBuild] Executing build with daemon context: DefaultDaemonContext[uid=0923ecb0-ce6a-45cf-947f-a203bd964998,javaHome=C:\Program Files\Java\jdk1.7.0_79,daemonRegistryDir=C:\Users\FTC 6473\.gradle\daemon,pid=1800,idleTimeout=10800000,daemonOpts=-XX:MaxPermSize=256m,-XX:+HeapDumpOnOutOfMemoryError,-Xmx1024m,-Dfile.encoding=windows-1252,-Duser.country=US,-Duser.language=en,-Duser.variant]
10:10:52.557 [INFO] [org.gradle.launcher.daemon.server.exec.ForwardClientInput] The daemon will no longer process any standard input.
Configuration on demand is an incubating feature.
:FtcRobotController:preBuild UP-TO-DATE
:FtcRobotController:preDebugBuild UP-TO-DATE
:FtcRobotController:checkDebugManifest
:FtcRobotController:preReleaseBuild UP-TO-DATE
:FtcRobotController:prepareAnalyticsReleaseLibrary UP-TO-DATE
:FtcRobotController:prepareFtcCommonReleaseLibrary UP-TO-DATE
:FtcRobotController:prepareHardwareReleaseLibrary UP-TO-DATE
:FtcRobotController:prepareModernRoboticsReleaseLibrary UP-TO-DATE
:FtcRobotController:prepareRobotCoreReleaseLibrary UP-TO-DATE
:FtcRobotController:prepareWirelessP2pReleaseLibrary UP-TO-DATE
:FtcRobotController:prepareDebugDependencies
:FtcRobotController:compileDebugAidl UP-TO-DATE
:FtcRobotController:compileDebugRenderscript UP-TO-DATE
:FtcRobotController:generateDebugBuildConfig UP-TO-DATE
:FtcRobotController:generateDebugAssets UP-TO-DATE
:FtcRobotController:mergeDebugAssets UP-TO-DATE
:FtcRobotController:generateDebugResValues UP-TO-DATE
:FtcRobotController:generateDebugResources UP-TO-DATE
:FtcRobotController:mergeDebugResources UP-TO-DATE
:FtcRobotController:processDebugManifest UP-TO-DATE
:FtcRobotController:processDebugResources UP-TO-DATE
:FtcRobotController:generateDebugSources UP-TO-DATE
:FtcRobotController:preDebugAndroidTestBuild UP-TO-DATE
:FtcRobotController:prepareDebugAndroidTestDependencies
:FtcRobotController:compileDebugAndroidTestAidl UP-TO-DATE
:FtcRobotController:processDebugAndroidTestManifest UP-TO-DATE
:FtcRobotController:compileDebugAndroidTestRenderscript UP-TO-DATE
:FtcRobotController:generateDebugAndroidTestBuildConfig UP-TO-DATE
:FtcRobotController:generateDebugAndroidTestAssets UP-TO-DATE
:FtcRobotController:mergeDebugAndroidTestAssets UP-TO-DATE
:FtcRobotController:generateDebugAndroidTestResValues UP-TO-DATE
:FtcRobotController:generateDebugAndroidTestResources UP-TO-DATE
:FtcRobotController:mergeDebugAndroidTestResources UP-TO-DATE
:FtcRobotController:processDebugAndroidTestResources UP-TO-DATE
:FtcRobotController:generateDebugAndroidTestSources UP-TO-DATE
:FtcRobotController:processDebugJavaRes UP-TO-DATE
:FtcRobotController:compileDebugJava UP-TO-DATE
:FtcRobotController:compileDebugNdk UP-TO-DATE
:FtcRobotController:compileDebugSources UP-TO-DATE
:FtcRobotController:preDexDebug UP-TO-DATE
:FtcRobotController:dexDebug UP-TO-DATE
:FtcRobotController:validateDebugSigning
:FtcRobotController:packageDebug UP-TO-DATE
:FtcRobotController:zipalignDebug UP-TO-DATE
:FtcRobotController:assembleDebug UP-TO-DATE

BUILD SUCCESSFUL

Total time: 1.164 secs
10:10:53.659 [DEBUG] [org.gradle.api.internal.tasks.compile.daemon.CompilerDaemonManager] Stopping 0 compiler daemon(s).
10:10:53.659 [INFO] [org.gradle.api.internal.tasks.compile.daemon.CompilerDaemonManager] Stopped 0 compiler daemon(s).
10:10:53.660 [DEBUG] [org.gradle.cache.internal.DefaultFileLockManager] Releasing lock on initscript class cache for initialization script 'C:\Users\FTC 6473\AppData\Local\Temp\asLocalRepo22.gradle' (C:\Users\FTC 6473\.gradle\caches\2.4\scripts\asLocalRepo22_64c8q9xx1scql6pvt1gpnhl5j\InitScript\initscript).
10:10:53.660 [DEBUG] [org.gradle.cache.internal.DefaultFileLockManager] Releasing lock on no_initscript class cache for initialization script 'C:\Users\FTC 6473\AppData\Local\Temp\asLocalRepo22.gradle' (C:\Users\FTC 6473\.gradle\caches\2.4\scripts\asLocalRepo22_64c8q9xx1scql6pvt1gpnhl5j\InitScript\no_initscript).
10:10:53.661 [DEBUG] [org.gradle.cache.internal.DefaultFileLockManager] Releasing lock on buildscript class cache for settings file 'C:\Users\FTC 6473\Downloads\ftc_app-master (2)\ftc_app-master\settings.gradle' (C:\Users\FTC 6473\.gradle\caches\2.4\scripts\settings_cod3x8sqefl98bki91gq9i1b\SettingsScript\buildscript).
10:10:53.661 [DEBUG] [org.gradle.cache.internal.DefaultFileLockManager] Releasing lock on no_buildscript class cache for settings file 'C:\Users\FTC 6473\Downloads\ftc_app-master (2)\ftc_app-master\settings.gradle' (C:\Users\FTC 6473\.gradle\caches\2.4\scripts\settings_cod3x8sqefl98bki91gq9i1b\SettingsScript\no_buildscript).
10:10:53.661 [DEBUG] [org.gradle.cache.internal.DefaultFileLockManager] Releasing lock on buildscript class cache for build file 'C:\Users\FTC 6473\Downloads\ftc_app-master (2)\ftc_app-master\build.gradle' (C:\Users\FTC 6473\.gradle\caches\2.4\scripts\build_e1i9odwl393dov5grzd4yiucn\ProjectScript\buildscript).
10:10:53.662 [DEBUG] [org.gradle.cache.internal.DefaultFileLockManager] Releasing lock on no_buildscript class cache for build file 'C:\Users\FTC 6473\Downloads\ftc_app-master (2)\ftc_app-master\build.gradle' (C:\Users\FTC 6473\.gradle\caches\2.4\scripts\build_e1i9odwl393dov5grzd4yiucn\ProjectScript\no_buildscript).
10:10:53.662 [DEBUG] [org.gradle.cache.internal.DefaultFileLockManager] Releasing lock on buildscript class cache for build file 'C:\Users\FTC 6473\Downloads\ftc_app-master (2)\ftc_app-master\FtcRobotController\build.gradle' (C:\Users\FTC 6473\.gradle\caches\2.4\scripts\build_1wcobtd4coklhov4jz5kairwb\ProjectScript\buildscript).
10:10:53.662 [DEBUG] [org.gradle.cache.internal.DefaultFileLockManager] Releasing lock on no_buildscript class cache for build file 'C:\Users\FTC 6473\Downloads\ftc_app-master (2)\ftc_app-master\FtcRobotController\build.gradle' (C:\Users\FTC 6473\.gradle\caches\2.4\scripts\build_1wcobtd4coklhov4jz5kairwb\ProjectScript\no_buildscript).
10:10:53.663 [DEBUG] [org.gradle.cache.internal.DefaultCacheAccess] Cache jars (C:\Users\FTC 6473\.gradle\caches\jars-1) was closed 0 times.
10:10:53.663 [DEBUG] [org.gradle.cache.internal.btree.BTreePersistentIndexedCache] Closing cache module-metadata.bin (C:\Users\FTC 6473\.gradle\caches\modules-2\metadata-2.15\module-metadata.bin)
10:10:53.664 [DEBUG] [org.gradle.cache.internal.DefaultFileLockManager] Releasing lock on artifact cache (C:\Users\FTC 6473\.gradle\caches\modules-2).
10:10:53.664 [DEBUG] [org.gradle.cache.internal.DefaultCacheAccess] Cache Plugin Resolution Cache (C:\Users\FTC 6473\.gradle\caches\2.4\plugin-resolution) was closed 0 times.
10:10:53.666 [DEBUG] [org.gradle.cache.internal.btree.BTreePersistentIndexedCache] Closing cache fileSnapshots.bin (C:\Users\FTC 6473\Downloads\ftc_app-master (2)\ftc_app-master\.gradle\2.4\taskArtifacts\fileSnapshots.bin)
10:10:53.666 [DEBUG] [org.gradle.cache.internal.btree.BTreePersistentIndexedCache] Closing cache outputFileStates.bin (C:\Users\FTC 6473\Downloads\ftc_app-master (2)\ftc_app-master\.gradle\2.4\taskArtifacts\outputFileStates.bin)
10:10:53.667 [DEBUG] [org.gradle.cache.internal.btree.BTreePersistentIndexedCache] Closing cache fileHashes.bin (C:\Users\FTC 6473\Downloads\ftc_app-master (2)\ftc_app-master\.gradle\2.4\taskArtifacts\fileHashes.bin)
10:10:53.667 [DEBUG] [org.gradle.cache.internal.btree.BTreePersistentIndexedCache] Closing cache taskArtifacts.bin (C:\Users\FTC 6473\Downloads\ftc_app-master (2)\ftc_app-master\.gradle\2.4\taskArtifacts\taskArtifacts.bin)
10:10:53.667 [DEBUG] [org.gradle.cache.internal.DefaultFileLockManager] Releasing lock on task history cache (C:\Users\FTC 6473\Downloads\ftc_app-master (2)\ftc_app-master\.gradle\2.4\taskArtifacts).
10:10:53.669 [DEBUG] [org.gradle.api.internal.artifacts.ivyservice.resolveengine.store.CachedStoreFactory] Resolution result cache closed. Cache reads: 0, disk reads: 4 (avg: 0.0 secs, total: 0.002 secs)
10:10:53.669 [DEBUG] [org.gradle.api.internal.artifacts.ivyservice.resolveengine.store.CachedStoreFactory] Resolved configuration cache closed. Cache reads: 0, disk reads: 0 (avg: 0.0 secs, total: 0.0 secs)
10:10:53.670 [DEBUG] [org.gradle.api.internal.artifacts.ivyservice.resolveengine.store.ResolutionResultsStoreFactory] Deleted 2 resolution results binary files in 0.002 secs
10:10:53.670 [DEBUG] [org.gradle.api.internal.artifacts.ivyservice.ivyresolve.memcache.InMemoryCachedRepositoryFactory] In-memory dependency metadata cache closed. Repos cached: 32, cache instances: 6, modules served from cache: 191, artifacts: 59
10:10:53.671 [DEBUG] [org.gradle.launcher.daemon.server.exec.ExecuteBuild] The daemon has finished executing the build.
10:10:53.946 [DEBUG] [org.gradle.launcher.daemon.server.DaemonStateCoordinator] Daemon is busy, sleeping until state changes.
10:10:53.946 [DEBUG] [org.gradle.launcher.daemon.server.DaemonStateCoordinator] Command execution: finished waiting for DaemonCommandExecution[command = Build{id=1c46306b-febc-42d5-9e54-5d0c671a7ad7.1, currentDir=C:\Users\FTC 6473\Downloads\ftc_app-master (2)\ftc_app-master}, connection = org.gradle.launcher.daemon.server.DefaultDaemonConnection@69debf55]. Result org.gradle.launcher.daemon.server.DaemonStateCoordinator@7ba03571 with state Running
10:10:53.947 [DEBUG] [org.gradle.launcher.daemon.server.DaemonStateCoordinator] Command execution: completed DaemonCommandExecution[command = Build{id=1c46306b-febc-42d5-9e54-5d0c671a7ad7.1, currentDir=C:\Users\FTC 6473\Downloads\ftc_app-master (2)\ftc_app-master}, connection = org.gradle.launcher.daemon.server.DefaultDaemonConnection@69debf55]
10:10:53.948 [DEBUG] [org.gradle.launcher.daemon.server.DaemonStateCoordinator] updating lastActivityAt to 1449331853948
10:10:53.948 [INFO] [org.gradle.launcher.daemon.server.DomainRegistryUpdater] Marking the daemon as idle, address: [d994ee9a-ba3e-427a-827e-fb948df307fd port:49160, addresses:[/127.0.0.1, /0:0:0:0:0:0:0:1]]
10:10:53.948 [DEBUG] [org.gradle.launcher.daemon.registry.PersistentDaemonRegistry] Marking idle by address: [d994ee9a-ba3e-427a-827e-fb948df307fd port:49160, addresses:[/127.0.0.1, /0:0:0:0:0:0:0:1]]
10:10:53.949 [DEBUG] [org.gradle.cache.internal.DefaultFileLockManager] Waiting to acquire exclusive lock on daemon addresses registry.
10:10:53.950 [DEBUG] [org.gradle.cache.internal.DefaultFileLockManager] Lock acquired.
10:10:53.953 [DEBUG] [org.gradle.cache.internal.DefaultFileLockManager] Releasing lock on daemon addresses registry.
10:10:53.953 [DEBUG] [org.gradle.launcher.daemon.server.exec.ReturnResult] Daemon is dispatching the build result: Success[value=org.gradle.tooling.internal.provider.BuildActionResult@69826847]
10:10:53.953 [DEBUG] [org.gradle.launcher.daemon.server.SynchronizedDispatchConnection] thread 22: dispatching class org.gradle.launcher.daemon.protocol.Success
10:10:53.953 [DEBUG] [org.gradle.launcher.daemon.server.DaemonStateCoordinator] Daemon is idle, sleeping until state change or idle timeout at Sat Dec 05 13:10:53 CST 2015
10:10:53.953 [DEBUG] [org.gradle.launcher.daemon.server.DefaultIncomingConnectionHandler] Finishing executing command: Build{id=1c46306b-febc-42d5-9e54-5d0c671a7ad7.1, currentDir=C:\Users\FTC 6473\Downloads\ftc_app-master (2)\ftc_app-master}
10:10:53.970 [DEBUG] [org.gradle.launcher.daemon.server.SynchronizedDispatchConnection] thread 23: received class org.gradle.launcher.daemon.protocol.Finished
10:10:53.970 [DEBUG] [org.gradle.launcher.daemon.server.DefaultDaemonConnection] Received non-IO message from client: org.gradle.launcher.daemon.protocol.Finished@25645f05
10:10:53.971 [DEBUG] [org.gradle.launcher.daemon.server.SynchronizedDispatchConnection] thread 23: received null
10:10:53.971 [DEBUG] [org.gradle.launcher.daemon.server.DefaultDaemonConnection] Received end-of-input from client.
10:10:53.972 [DEBUG] [org.gradle.launcher.daemon.server.DefaultIncomingConnectionHandler] Received finished message: null
10:10:53.972 [DEBUG] [org.gradle.launcher.daemon.server.SynchronizedDispatchConnection] thread 22: stopping connection
10:10:53.973 [DEBUG] [org.gradle.launcher.daemon.server.SynchronizedDispatchConnection] thread 22: stopping connection
15:38:36.515 [DEBUG] [org.gradle.launcher.daemon.server.DaemonStateCoordinator] Idle timeout: daemon has been idle for requested period. Stopping now.
15:38:36.515 [DEBUG] [org.gradle.launcher.daemon.server.DaemonStateCoordinator] Marking daemon stopped due to idle timeout. The daemon is running a build: false
15:38:36.515 [DEBUG] [org.gradle.launcher.daemon.server.Daemon] stop() called on daemon
15:38:36.515 [INFO] [org.gradle.launcher.daemon.server.Daemon] Stop requested. Daemon is removing its presence from the registry...
15:38:36.515 [DEBUG] [org.gradle.launcher.daemon.server.DomainRegistryUpdater] Removing our presence to clients, eg. removing this address from the registry: [d994ee9a-ba3e-427a-827e-fb948df307fd port:49160, addresses:[/127.0.0.1, /0:0:0:0:0:0:0:1]]
15:38:36.515 [DEBUG] [org.gradle.launcher.daemon.registry.PersistentDaemonRegistry] Removing daemon address: [d994ee9a-ba3e-427a-827e-fb948df307fd port:49160, addresses:[/127.0.0.1, /0:0:0:0:0:0:0:1]]
15:38:36.515 [DEBUG] [org.gradle.cache.internal.DefaultFileLockManager] Waiting to acquire exclusive lock on daemon addresses registry.
15:38:39.478 [DEBUG] [org.gradle.cache.internal.DefaultFileLockManager] Lock acquired.
15:38:39.499 [DEBUG] [org.gradle.cache.internal.DefaultFileLockManager] Releasing lock on daemon addresses registry.
15:38:39.500 [DEBUG] [org.gradle.launcher.daemon.server.DomainRegistryUpdater] Address removed from registry.
Daemon vm is shutting down... The daemon has exited normally or was terminated in response to a user interrupt.
15:38:39.505 [DEBUG] [org.gradle.launcher.daemon.registry.PersistentDaemonRegistry] Removing daemon address: [d994ee9a-ba3e-427a-827e-fb948df307fd port:49160, addresses:[/127.0.0.1, /0:0:0:0:0:0:0:1]]
15:38:39.506 [DEBUG] [org.gradle.cache.internal.DefaultFileLockManager] Waiting to acquire exclusive lock on daemon addresses registry.
15:38:39.507 [DEBUG] [org.gradle.cache.internal.DefaultFileLockManager] Lock acquired.
15:38:39.509 [DEBUG] [org.gradle.cache.internal.DefaultFileLockManager] Releasing lock on daemon addresses registry.
