12:52:18.183 [INFO] [org.gradle.launcher.daemon.server.Daemon] start() called on daemon - DefaultDaemonContext[uid=335971b4-2c6f-4099-9cca-8ad7a805bd6e,javaHome=C:\Program Files\Java\jdk1.7.0_79,daemonRegistryDir=C:\Users\FTC 6473\.gradle\daemon,pid=2080,idleTimeout=10800000,daemonOpts=-XX:MaxHeapSize=512m,-Xmx512m,-Dfile.encoding=windows-1252,-Duser.country=US,-Duser.language=en,-Duser.variant]
12:52:18.257 [DEBUG] [org.gradle.launcher.daemon.server.DaemonStateCoordinator] updating lastActivityAt to 1447527138256
12:52:18.427 [DEBUG] [org.gradle.messaging.remote.internal.inet.InetAddressFactory] Adding IP addresses for network interface Software Loopback Interface 1
12:52:18.427 [DEBUG] [org.gradle.messaging.remote.internal.inet.InetAddressFactory] Is this a loopback interface? true
12:52:18.427 [DEBUG] [org.gradle.messaging.remote.internal.inet.InetAddressFactory] Is this a multicast interface? true
12:52:18.427 [DEBUG] [org.gradle.messaging.remote.internal.inet.InetAddressFactory] Adding loopback address /127.0.0.1
12:52:18.427 [DEBUG] [org.gradle.messaging.remote.internal.inet.InetAddressFactory] Adding loopback address /0:0:0:0:0:0:0:1
12:52:18.427 [DEBUG] [org.gradle.messaging.remote.internal.inet.InetAddressFactory] Adding loopback multicast interface Software Loopback Interface 1
12:52:18.443 [DEBUG] [org.gradle.messaging.remote.internal.inet.InetAddressFactory] Adding IP addresses for network interface WAN Miniport (SSTP)
12:52:18.443 [DEBUG] [org.gradle.messaging.remote.internal.inet.InetAddressFactory] Is this a loopback interface? false
12:52:18.443 [DEBUG] [org.gradle.messaging.remote.internal.inet.InetAddressFactory] Is this a multicast interface? true
12:52:18.443 [DEBUG] [org.gradle.messaging.remote.internal.inet.InetAddressFactory] Adding loopback multicast interface WAN Miniport (SSTP)
12:52:18.443 [DEBUG] [org.gradle.messaging.remote.internal.inet.InetAddressFactory] Adding IP addresses for network interface WAN Miniport (IKEv2)
12:52:18.443 [DEBUG] [org.gradle.messaging.remote.internal.inet.InetAddressFactory] Is this a loopback interface? false
12:52:18.443 [DEBUG] [org.gradle.messaging.remote.internal.inet.InetAddressFactory] Is this a multicast interface? true
12:52:18.443 [DEBUG] [org.gradle.messaging.remote.internal.inet.InetAddressFactory] Adding loopback multicast interface WAN Miniport (IKEv2)
12:52:18.443 [DEBUG] [org.gradle.messaging.remote.internal.inet.InetAddressFactory] Adding IP addresses for network interface WAN Miniport (L2TP)
12:52:18.443 [DEBUG] [org.gradle.messaging.remote.internal.inet.InetAddressFactory] Is this a loopback interface? false
12:52:18.443 [DEBUG] [org.gradle.messaging.remote.internal.inet.InetAddressFactory] Is this a multicast interface? true
12:52:18.443 [DEBUG] [org.gradle.messaging.remote.internal.inet.InetAddressFactory] Adding loopback multicast interface WAN Miniport (L2TP)
12:52:18.459 [DEBUG] [org.gradle.messaging.remote.internal.inet.InetAddressFactory] Adding IP addresses for network interface WAN Miniport (PPTP)
12:52:18.459 [DEBUG] [org.gradle.messaging.remote.internal.inet.InetAddressFactory] Is this a loopback interface? false
12:52:18.459 [DEBUG] [org.gradle.messaging.remote.internal.inet.InetAddressFactory] Is this a multicast interface? true
12:52:18.459 [DEBUG] [org.gradle.messaging.remote.internal.inet.InetAddressFactory] Adding loopback multicast interface WAN Miniport (PPTP)
12:52:18.459 [DEBUG] [org.gradle.messaging.remote.internal.inet.InetAddressFactory] Adding IP addresses for network interface WAN Miniport (PPPOE)
12:52:18.459 [DEBUG] [org.gradle.messaging.remote.internal.inet.InetAddressFactory] Is this a loopback interface? false
12:52:18.459 [DEBUG] [org.gradle.messaging.remote.internal.inet.InetAddressFactory] Is this a multicast interface? true
12:52:18.459 [DEBUG] [org.gradle.messaging.remote.internal.inet.InetAddressFactory] Adding loopback multicast interface WAN Miniport (PPPOE)
12:52:18.459 [DEBUG] [org.gradle.messaging.remote.internal.inet.InetAddressFactory] Adding IP addresses for network interface WAN Miniport (IPv6)
12:52:18.459 [DEBUG] [org.gradle.messaging.remote.internal.inet.InetAddressFactory] Is this a loopback interface? false
12:52:18.459 [DEBUG] [org.gradle.messaging.remote.internal.inet.InetAddressFactory] Is this a multicast interface? true
12:52:18.459 [DEBUG] [org.gradle.messaging.remote.internal.inet.InetAddressFactory] Adding loopback multicast interface WAN Miniport (IPv6)
12:52:18.459 [DEBUG] [org.gradle.messaging.remote.internal.inet.InetAddressFactory] Adding IP addresses for network interface WAN Miniport (Network Monitor)
12:52:18.459 [DEBUG] [org.gradle.messaging.remote.internal.inet.InetAddressFactory] Is this a loopback interface? false
12:52:18.459 [DEBUG] [org.gradle.messaging.remote.internal.inet.InetAddressFactory] Is this a multicast interface? true
12:52:18.459 [DEBUG] [org.gradle.messaging.remote.internal.inet.InetAddressFactory] Adding loopback multicast interface WAN Miniport (Network Monitor)
12:52:18.459 [DEBUG] [org.gradle.messaging.remote.internal.inet.InetAddressFactory] Adding IP addresses for network interface WAN Miniport (IP)
12:52:18.474 [DEBUG] [org.gradle.messaging.remote.internal.inet.InetAddressFactory] Is this a loopback interface? false
12:52:18.474 [DEBUG] [org.gradle.messaging.remote.internal.inet.InetAddressFactory] Is this a multicast interface? true
12:52:18.474 [DEBUG] [org.gradle.messaging.remote.internal.inet.InetAddressFactory] Adding loopback multicast interface WAN Miniport (IP)
12:52:18.474 [DEBUG] [org.gradle.messaging.remote.internal.inet.InetAddressFactory] Adding IP addresses for network interface RAS Async Adapter
12:52:18.474 [DEBUG] [org.gradle.messaging.remote.internal.inet.InetAddressFactory] Is this a loopback interface? false
12:52:18.474 [DEBUG] [org.gradle.messaging.remote.internal.inet.InetAddressFactory] Is this a multicast interface? true
12:52:18.474 [DEBUG] [org.gradle.messaging.remote.internal.inet.InetAddressFactory] Adding loopback multicast interface RAS Async Adapter
12:52:18.474 [DEBUG] [org.gradle.messaging.remote.internal.inet.InetAddressFactory] Adding IP addresses for network interface Broadcom NetXtreme Gigabit Ethernet
12:52:18.474 [DEBUG] [org.gradle.messaging.remote.internal.inet.InetAddressFactory] Is this a loopback interface? false
12:52:18.474 [DEBUG] [org.gradle.messaging.remote.internal.inet.InetAddressFactory] Is this a multicast interface? true
12:52:18.474 [DEBUG] [org.gradle.messaging.remote.internal.inet.InetAddressFactory] Adding remote address /fe80:0:0:0:9153:ea9b:5c9f:e8b1%11
12:52:18.474 [DEBUG] [org.gradle.messaging.remote.internal.inet.InetAddressFactory] Adding remote multicast interface Broadcom NetXtreme Gigabit Ethernet
12:52:18.474 [DEBUG] [org.gradle.messaging.remote.internal.inet.InetAddressFactory] Adding IP addresses for network interface Microsoft ISATAP Adapter
12:52:18.474 [DEBUG] [org.gradle.messaging.remote.internal.inet.InetAddressFactory] Is this a loopback interface? false
12:52:18.474 [DEBUG] [org.gradle.messaging.remote.internal.inet.InetAddressFactory] Is this a multicast interface? false
12:52:18.474 [DEBUG] [org.gradle.messaging.remote.internal.inet.InetAddressFactory] Adding IP addresses for network interface Bluetooth Device (Personal Area Network)
12:52:18.474 [DEBUG] [org.gradle.messaging.remote.internal.inet.InetAddressFactory] Is this a loopback interface? false
12:52:18.490 [DEBUG] [org.gradle.messaging.remote.internal.inet.InetAddressFactory] Is this a multicast interface? true
12:52:18.490 [DEBUG] [org.gradle.messaging.remote.internal.inet.InetAddressFactory] Adding remote address /fe80:0:0:0:f9f3:ce7f:5fd1:a3c7%13
12:52:18.490 [DEBUG] [org.gradle.messaging.remote.internal.inet.InetAddressFactory] Adding remote multicast interface Bluetooth Device (Personal Area Network)
12:52:18.490 [DEBUG] [org.gradle.messaging.remote.internal.inet.InetAddressFactory] Adding IP addresses for network interface Microsoft ISATAP Adapter #2
12:52:18.490 [DEBUG] [org.gradle.messaging.remote.internal.inet.InetAddressFactory] Is this a loopback interface? false
12:52:18.490 [DEBUG] [org.gradle.messaging.remote.internal.inet.InetAddressFactory] Is this a multicast interface? false
12:52:18.490 [DEBUG] [org.gradle.messaging.remote.internal.inet.InetAddressFactory] Adding IP addresses for network interface Bluetooth Device (RFCOMM Protocol TDI)
12:52:18.490 [DEBUG] [org.gradle.messaging.remote.internal.inet.InetAddressFactory] Is this a loopback interface? false
12:52:18.490 [DEBUG] [org.gradle.messaging.remote.internal.inet.InetAddressFactory] Is this a multicast interface? true
12:52:18.490 [DEBUG] [org.gradle.messaging.remote.internal.inet.InetAddressFactory] Adding loopback multicast interface Bluetooth Device (RFCOMM Protocol TDI)
12:52:18.490 [DEBUG] [org.gradle.messaging.remote.internal.inet.InetAddressFactory] Adding IP addresses for network interface Broadcom NetXtreme Gigabit Ethernet-QoS Packet Scheduler-0000
12:52:18.490 [DEBUG] [org.gradle.messaging.remote.internal.inet.InetAddressFactory] Is this a loopback interface? false
12:52:18.490 [DEBUG] [org.gradle.messaging.remote.internal.inet.InetAddressFactory] Is this a multicast interface? true
12:52:18.490 [DEBUG] [org.gradle.messaging.remote.internal.inet.InetAddressFactory] Adding loopback multicast interface Broadcom NetXtreme Gigabit Ethernet-QoS Packet Scheduler-0000
12:52:18.490 [DEBUG] [org.gradle.messaging.remote.internal.inet.InetAddressFactory] Adding IP addresses for network interface Broadcom NetXtreme Gigabit Ethernet-WFP LightWeight Filter-0000
12:52:18.505 [DEBUG] [org.gradle.messaging.remote.internal.inet.InetAddressFactory] Is this a loopback interface? false
12:52:18.505 [DEBUG] [org.gradle.messaging.remote.internal.inet.InetAddressFactory] Is this a multicast interface? true
12:52:18.505 [DEBUG] [org.gradle.messaging.remote.internal.inet.InetAddressFactory] Adding loopback multicast interface Broadcom NetXtreme Gigabit Ethernet-WFP LightWeight Filter-0000
12:52:18.505 [DEBUG] [org.gradle.messaging.remote.internal.inet.InetAddressFactory] Adding IP addresses for network interface WAN Miniport (Network Monitor)-QoS Packet Scheduler-0000
12:52:18.505 [DEBUG] [org.gradle.messaging.remote.internal.inet.InetAddressFactory] Is this a loopback interface? false
12:52:18.505 [DEBUG] [org.gradle.messaging.remote.internal.inet.InetAddressFactory] Is this a multicast interface? true
12:52:18.505 [DEBUG] [org.gradle.messaging.remote.internal.inet.InetAddressFactory] Adding loopback multicast interface WAN Miniport (Network Monitor)-QoS Packet Scheduler-0000
12:52:18.505 [DEBUG] [org.gradle.messaging.remote.internal.inet.InetAddressFactory] Adding IP addresses for network interface WAN Miniport (IP)-QoS Packet Scheduler-0000
12:52:18.505 [DEBUG] [org.gradle.messaging.remote.internal.inet.InetAddressFactory] Is this a loopback interface? false
12:52:18.505 [DEBUG] [org.gradle.messaging.remote.internal.inet.InetAddressFactory] Is this a multicast interface? true
12:52:18.505 [DEBUG] [org.gradle.messaging.remote.internal.inet.InetAddressFactory] Adding loopback multicast interface WAN Miniport (IP)-QoS Packet Scheduler-0000
12:52:18.505 [DEBUG] [org.gradle.messaging.remote.internal.inet.InetAddressFactory] Adding IP addresses for network interface WAN Miniport (IPv6)-QoS Packet Scheduler-0000
12:52:18.505 [DEBUG] [org.gradle.messaging.remote.internal.inet.InetAddressFactory] Is this a loopback interface? false
12:52:18.505 [DEBUG] [org.gradle.messaging.remote.internal.inet.InetAddressFactory] Is this a multicast interface? true
12:52:18.505 [DEBUG] [org.gradle.messaging.remote.internal.inet.InetAddressFactory] Adding loopback multicast interface WAN Miniport (IPv6)-QoS Packet Scheduler-0000
12:52:18.583 [DEBUG] [org.gradle.messaging.remote.internal.inet.TcpIncomingConnector] Listening on [4965993d-1313-409a-933f-2a3f498cb5f5 port:49277, addresses:[/127.0.0.1, /0:0:0:0:0:0:0:1]].
12:52:18.583 [DEBUG] [org.gradle.launcher.daemon.server.Daemon] Daemon starting at: Sat Nov 14 12:52:18 CST 2015, with address: [4965993d-1313-409a-933f-2a3f498cb5f5 port:49277, addresses:[/127.0.0.1, /0:0:0:0:0:0:0:1]]
12:52:18.583 [INFO] [org.gradle.launcher.daemon.server.DomainRegistryUpdater] Advertising the daemon address to the clients: [4965993d-1313-409a-933f-2a3f498cb5f5 port:49277, addresses:[/127.0.0.1, /0:0:0:0:0:0:0:1]]
12:52:18.583 [DEBUG] [org.gradle.launcher.daemon.server.DomainRegistryUpdater] Advertised daemon context: DefaultDaemonContext[uid=335971b4-2c6f-4099-9cca-8ad7a805bd6e,javaHome=C:\Program Files\Java\jdk1.7.0_79,daemonRegistryDir=C:\Users\FTC 6473\.gradle\daemon,pid=2080,idleTimeout=10800000,daemonOpts=-XX:MaxHeapSize=512m,-Xmx512m,-Dfile.encoding=windows-1252,-Duser.country=US,-Duser.language=en,-Duser.variant]
12:52:18.583 [DEBUG] [org.gradle.launcher.daemon.registry.PersistentDaemonRegistry] Storing daemon address: [4965993d-1313-409a-933f-2a3f498cb5f5 port:49277, addresses:[/127.0.0.1, /0:0:0:0:0:0:0:1]], context: DefaultDaemonContext[uid=335971b4-2c6f-4099-9cca-8ad7a805bd6e,javaHome=C:\Program Files\Java\jdk1.7.0_79,daemonRegistryDir=C:\Users\FTC 6473\.gradle\daemon,pid=2080,idleTimeout=10800000,daemonOpts=-XX:MaxHeapSize=512m,-Xmx512m,-Dfile.encoding=windows-1252,-Duser.country=US,-Duser.language=en,-Duser.variant]
12:52:18.693 [DEBUG] [org.gradle.cache.internal.DefaultFileLockManager] Waiting to acquire exclusive lock on daemon addresses registry.
12:52:18.693 [DEBUG] [org.gradle.cache.internal.DefaultFileLockManager] Lock acquired.
12:52:18.822 [DEBUG] [org.gradle.cache.internal.DefaultFileLockManager] Releasing lock on daemon addresses registry.
12:52:18.823 [LIFECYCLE] [org.gradle.launcher.daemon.server.Daemon] Daemon server started.
12:52:18.841 [DEBUG] [org.gradle.launcher.daemon.bootstrap.DaemonStartupCommunication] Completed writing the daemon greeting. Closing streams...
12:52:18.842 [DEBUG] [org.gradle.launcher.daemon.server.Daemon] requestStopOnIdleTimeout(10800000 MILLISECONDS) called on daemon
12:52:18.843 [DEBUG] [org.gradle.launcher.daemon.server.DaemonStateCoordinator] Idle timeout: waiting for daemon to stop or be idle for 10800000ms
12:52:18.844 [DEBUG] [org.gradle.launcher.daemon.server.DaemonStateCoordinator] Daemon is idle, sleeping until state change or idle timeout at Sat Nov 14 15:52:18 CST 2015
12:52:18.937 [DEBUG] [org.gradle.messaging.remote.internal.inet.TcpIncomingConnector] Accepted connection from /127.0.0.1:49279 to /127.0.0.1:49277.
12:52:19.205 [DEBUG] [org.gradle.launcher.daemon.server.SynchronizedDispatchConnection] thread 14: received class org.gradle.launcher.daemon.protocol.Build
12:52:19.205 [DEBUG] [org.gradle.launcher.daemon.server.DefaultDaemonConnection] Received non-IO message from client: Build{id=109a58bf-3afa-4a8d-bfdd-71902a10b185.1, currentDir=C:\Users\FTC 6473\Downloads\ftc_app-master}
12:52:19.205 [INFO] [org.gradle.launcher.daemon.server.DefaultIncomingConnectionHandler] Received command: Build{id=109a58bf-3afa-4a8d-bfdd-71902a10b185.1, currentDir=C:\Users\FTC 6473\Downloads\ftc_app-master}.
12:52:19.205 [DEBUG] [org.gradle.launcher.daemon.server.DefaultIncomingConnectionHandler] Starting executing command: Build{id=109a58bf-3afa-4a8d-bfdd-71902a10b185.1, currentDir=C:\Users\FTC 6473\Downloads\ftc_app-master} with connection: socket connection from /127.0.0.1:49277 to /127.0.0.1:49279.
12:52:19.283 [DEBUG] [org.gradle.launcher.daemon.server.DaemonStateCoordinator] Command execution: started DaemonCommandExecution[command = Build{id=109a58bf-3afa-4a8d-bfdd-71902a10b185.1, currentDir=C:\Users\FTC 6473\Downloads\ftc_app-master}, connection = org.gradle.launcher.daemon.server.DefaultDaemonConnection@64ba9d04] after 0.0 minutes of idle
12:52:19.283 [INFO] [org.gradle.launcher.daemon.server.DomainRegistryUpdater] Marking the daemon as busy, address: [4965993d-1313-409a-933f-2a3f498cb5f5 port:49277, addresses:[/127.0.0.1, /0:0:0:0:0:0:0:1]]
12:52:19.283 [DEBUG] [org.gradle.launcher.daemon.registry.PersistentDaemonRegistry] Marking busy by address: [4965993d-1313-409a-933f-2a3f498cb5f5 port:49277, addresses:[/127.0.0.1, /0:0:0:0:0:0:0:1]]
12:52:19.283 [DEBUG] [org.gradle.cache.internal.DefaultFileLockManager] Waiting to acquire exclusive lock on daemon addresses registry.
12:52:19.283 [DEBUG] [org.gradle.cache.internal.DefaultFileLockManager] Lock acquired.
12:52:19.283 [DEBUG] [org.gradle.cache.internal.DefaultFileLockManager] Releasing lock on daemon addresses registry.
12:52:19.298 [DEBUG] [org.gradle.launcher.daemon.server.DaemonStateCoordinator] updating lastActivityAt to 1447527139298
12:52:19.298 [DEBUG] [org.gradle.launcher.daemon.server.DaemonStateCoordinator] Daemon is busy, sleeping until state changes.
12:52:19.298 [INFO] [org.gradle.launcher.daemon.server.exec.StartBuildOrRespondWithBusy] Daemon is about to start building Build{id=109a58bf-3afa-4a8d-bfdd-71902a10b185.1, currentDir=C:\Users\FTC 6473\Downloads\ftc_app-master}. Dispatching build started information...
12:52:19.298 [DEBUG] [org.gradle.launcher.daemon.server.SynchronizedDispatchConnection] thread 16: dispatching class org.gradle.launcher.daemon.protocol.BuildStarted
12:52:19.298 [DEBUG] [org.gradle.launcher.daemon.server.exec.EstablishBuildEnvironment] Configuring env variables: {USERPROFILE=C:\Users\FTC 6473, ProgramData=C:\ProgramData, PATHEXT=.COM;.EXE;.BAT;.CMD;.VBS;.VBE;.JS;.JSE;.WSF;.WSH;.MSC, ProgramFiles(x86)=C:\Program Files (x86), TEMP=C:\Users\FTC647~1\AppData\Local\Temp, SystemDrive=C:, ProgramFiles=C:\Program Files, Path=C:\Windows\system32;C:\Windows;C:\Windows\System32\Wbem;C:\Windows\System32\WindowsPowerShell\v1.0\, HOMEDRIVE=C:, PROCESSOR_REVISION=2505, USERDOMAIN=FTC6473-PC, ALLUSERSPROFILE=C:\ProgramData, ProgramW6432=C:\Program Files, PROCESSOR_IDENTIFIER=Intel64 Family 6 Model 37 Stepping 5, GenuineIntel, SESSIONNAME=Console, TMP=C:\Users\FTC647~1\AppData\Local\Temp, CommonProgramFiles=C:\Program Files\Common Files, =::=::\, LOGONSERVER=\\FTC6473-PC, PROCESSOR_ARCHITECTURE=AMD64, FP_NO_HOST_CHECK=NO, OS=Windows_NT, HOMEPATH=\Users\FTC 6473, PROCESSOR_LEVEL=6, CommonProgramW6432=C:\Program Files\Common Files, LOCALAPPDATA=C:\Users\FTC 6473\AppData\Local, COMPUTERNAME=FTC6473-PC, windir=C:\Windows, SystemRoot=C:\Windows, NUMBER_OF_PROCESSORS=4, USERNAME=FTC 6473, PUBLIC=C:\Users\Public, PSModulePath=C:\Windows\system32\WindowsPowerShell\v1.0\Modules\, CommonProgramFiles(x86)=C:\Program Files (x86)\Common Files, ComSpec=C:\Windows\system32\cmd.exe, APPDATA=C:\Users\FTC 6473\AppData\Roaming}
12:52:19.381 [DEBUG] [org.gradle.launcher.daemon.server.SynchronizedDispatchConnection] thread 14: received class org.gradle.launcher.daemon.protocol.CloseInput
12:52:19.382 [DEBUG] [org.gradle.launcher.daemon.server.DefaultDaemonConnection] Received IO message from client: CloseInput[id=109a58bf-3afa-4a8d-bfdd-71902a10b185.2]
12:52:19.398 [DEBUG] [org.gradle.launcher.daemon.server.exec.LogToClient] About to start relaying all logs to the client via the connection.
12:52:19.399 [INFO] [org.gradle.launcher.daemon.server.exec.LogToClient] The client will now receive all logging from the daemon (pid: 2080). The daemon log file: C:\Users\FTC 6473\.gradle\daemon\2.4\daemon-2080.out.log
12:52:19.498 [INFO] [org.gradle.launcher.daemon.server.health.DaemonHealthTracker] Starting build in new daemon [memory: 477.1 MB]
12:52:19.501 [INFO] [org.gradle.launcher.daemon.server.exec.ForwardClientInput] Closing daemon's stdin at end of input.
12:52:19.501 [INFO] [org.gradle.launcher.daemon.server.exec.ForwardClientInput] The daemon will no longer process any standard input.
12:52:19.509 [DEBUG] [org.gradle.launcher.daemon.server.exec.ExecuteBuild] The daemon has started executing the build.
12:52:19.510 [INFO] [org.gradle.launcher.daemon.server.exec.ExecuteBuild] Executing build with daemon context: DefaultDaemonContext[uid=335971b4-2c6f-4099-9cca-8ad7a805bd6e,javaHome=C:\Program Files\Java\jdk1.7.0_79,daemonRegistryDir=C:\Users\FTC 6473\.gradle\daemon,pid=2080,idleTimeout=10800000,daemonOpts=-XX:MaxHeapSize=512m,-Xmx512m,-Dfile.encoding=windows-1252,-Duser.country=US,-Duser.language=en,-Duser.variant]
12:52:27.703 [DEBUG] [org.gradle.internal.nativeintegration.services.NativeServices] Native-platform posix files is not available.  Continuing with fallback.
12:52:29.854 [INFO] [org.gradle.tooling.internal.provider.DefaultPayloadClassLoaderRegistry] Creating ClassLoader 122ffd28-2dda-4965-b3c8-f13ea2365e17 from [Spec classpath:[file:/C:/Program%20Files/Android/Android%20Studio/plugins/gradle/lib/gradle-tooling-api-2.2.jar, file:/C:/Program%20Files/Android/Android%20Studio/plugins/gradle/lib/guava-jdk5-17.0.jar, file:/C:/Program%20Files/Android/Android%20Studio/plugins/gradle/lib/gradle-base-services-2.2.jar, file:/C:/Program%20Files/Android/Android%20Studio/plugins/gradle/lib/gradle-tooling-extension-api.jar, file:/C:/Program%20Files/Android/Android%20Studio/lib/openapi.jar, file:/C:/Program%20Files/Android/Android%20Studio/plugins/android/lib/builder-model-1.4.0-beta2.jar, file:/C:/Program%20Files/Android/Android%20Studio/plugins/google-cloud-tools-core/lib/gradle-appengine-builder-model-0.1.0.jar]] and [org.gradle.internal.classloader.FilteringClassLoader@3511ca2f].
12:52:29.885 [DEBUG] [org.gradle.cache.internal.DefaultFileLockManager] Waiting to acquire exclusive lock on jars (C:\Users\FTC 6473\.gradle\caches\jars-1).
12:52:29.885 [DEBUG] [org.gradle.cache.internal.DefaultFileLockManager] Lock acquired.
12:52:29.885 [DEBUG] [org.gradle.cache.internal.locklistener.DefaultFileLockContentionHandler] Starting file lock listener thread.

BUILD SUCCESSFUL

Total time: 58.879 secs
12:53:12.396 [DEBUG] [org.gradle.api.internal.tasks.compile.daemon.CompilerDaemonManager] Stopping 0 compiler daemon(s).
12:53:12.397 [INFO] [org.gradle.api.internal.tasks.compile.daemon.CompilerDaemonManager] Stopped 0 compiler daemon(s).
12:53:12.397 [DEBUG] [org.gradle.cache.internal.DefaultFileLockManager] Releasing lock on initscript class cache for initialization script 'C:\Users\FTC 6473\AppData\Local\Temp\asLocalRepo20.gradle' (C:\Users\FTC 6473\.gradle\caches\2.4\scripts\asLocalRepo20_5mf98rjjmxamcv4ncn3vb1lrj\InitScript\initscript).
12:53:12.398 [DEBUG] [org.gradle.cache.internal.DefaultFileLockManager] Releasing lock on no_initscript class cache for initialization script 'C:\Users\FTC 6473\AppData\Local\Temp\asLocalRepo20.gradle' (C:\Users\FTC 6473\.gradle\caches\2.4\scripts\asLocalRepo20_5mf98rjjmxamcv4ncn3vb1lrj\InitScript\no_initscript).
12:53:12.398 [DEBUG] [org.gradle.cache.internal.DefaultFileLockManager] Releasing lock on initscript class cache for initialization script 'C:\Users\FTC 6473\AppData\Local\Temp\ijinit5.gradle' (C:\Users\FTC 6473\.gradle\caches\2.4\scripts\ijinit5_f3to95ylm3twuurkuyhjubasa\InitScript\initscript).
12:53:12.399 [DEBUG] [org.gradle.cache.internal.DefaultFileLockManager] Releasing lock on no_initscript class cache for initialization script 'C:\Users\FTC 6473\AppData\Local\Temp\ijinit5.gradle' (C:\Users\FTC 6473\.gradle\caches\2.4\scripts\ijinit5_f3to95ylm3twuurkuyhjubasa\InitScript\no_initscript).
12:53:12.399 [DEBUG] [org.gradle.cache.internal.DefaultFileLockManager] Releasing lock on buildscript class cache for settings file 'C:\Users\FTC 6473\Downloads\ftc_app-master\settings.gradle' (C:\Users\FTC 6473\.gradle\caches\2.4\scripts\settings_erz9k11bc2zsepoug9f6akgwe\SettingsScript\buildscript).
12:53:12.399 [DEBUG] [org.gradle.cache.internal.DefaultFileLockManager] Releasing lock on no_buildscript class cache for settings file 'C:\Users\FTC 6473\Downloads\ftc_app-master\settings.gradle' (C:\Users\FTC 6473\.gradle\caches\2.4\scripts\settings_erz9k11bc2zsepoug9f6akgwe\SettingsScript\no_buildscript).
12:53:12.400 [DEBUG] [org.gradle.cache.internal.DefaultFileLockManager] Releasing lock on buildscript class cache for build file 'C:\Users\FTC 6473\Downloads\ftc_app-master\build.gradle' (C:\Users\FTC 6473\.gradle\caches\2.4\scripts\build_pglf30dpe6ubx5mkujtn6a0h\ProjectScript\buildscript).
12:53:12.400 [DEBUG] [org.gradle.cache.internal.DefaultFileLockManager] Releasing lock on no_buildscript class cache for build file 'C:\Users\FTC 6473\Downloads\ftc_app-master\build.gradle' (C:\Users\FTC 6473\.gradle\caches\2.4\scripts\build_pglf30dpe6ubx5mkujtn6a0h\ProjectScript\no_buildscript).
12:53:12.400 [DEBUG] [org.gradle.cache.internal.DefaultFileLockManager] Releasing lock on buildscript class cache for build file 'C:\Users\FTC 6473\Downloads\ftc_app-master\FtcRobotController\build.gradle' (C:\Users\FTC 6473\.gradle\caches\2.4\scripts\build_ew4newoalg909vbkn65xjmlki\ProjectScript\buildscript).
12:53:12.400 [DEBUG] [org.gradle.cache.internal.DefaultFileLockManager] Releasing lock on no_buildscript class cache for build file 'C:\Users\FTC 6473\Downloads\ftc_app-master\FtcRobotController\build.gradle' (C:\Users\FTC 6473\.gradle\caches\2.4\scripts\build_ew4newoalg909vbkn65xjmlki\ProjectScript\no_buildscript).
12:53:12.401 [DEBUG] [org.gradle.cache.internal.DefaultFileLockManager] Releasing lock on buildscript class cache for build file 'C:\Users\FTC 6473\Downloads\ftc_app-master\SwerveRoboticsLibrary\build.gradle' (C:\Users\FTC 6473\.gradle\caches\2.4\scripts\build_ar5x8orjdz0wtmt71xxf54c51\ProjectScript\buildscript).
12:53:12.401 [DEBUG] [org.gradle.cache.internal.DefaultFileLockManager] Releasing lock on no_buildscript class cache for build file 'C:\Users\FTC 6473\Downloads\ftc_app-master\SwerveRoboticsLibrary\build.gradle' (C:\Users\FTC 6473\.gradle\caches\2.4\scripts\build_ar5x8orjdz0wtmt71xxf54c51\ProjectScript\no_buildscript).
12:53:12.401 [DEBUG] [org.gradle.cache.internal.DefaultFileLockManager] Releasing lock on buildscript class cache for build file 'C:\Users\FTC 6473\Downloads\ftc_app-master\YourCodeHere\build.gradle' (C:\Users\FTC 6473\.gradle\caches\2.4\scripts\build_ep8ywb44loujdan57u74fcs63\ProjectScript\buildscript).
12:53:12.402 [DEBUG] [org.gradle.cache.internal.DefaultFileLockManager] Releasing lock on no_buildscript class cache for build file 'C:\Users\FTC 6473\Downloads\ftc_app-master\YourCodeHere\build.gradle' (C:\Users\FTC 6473\.gradle\caches\2.4\scripts\build_ep8ywb44loujdan57u74fcs63\ProjectScript\no_buildscript).
12:53:12.403 [DEBUG] [org.gradle.cache.internal.btree.BTreePersistentIndexedCache] Closing cache module-metadata.bin (C:\Users\FTC 6473\.gradle\caches\modules-2\metadata-2.15\module-metadata.bin)
12:53:12.403 [DEBUG] [org.gradle.cache.internal.DefaultFileLockManager] Releasing lock on artifact cache (C:\Users\FTC 6473\.gradle\caches\modules-2).
12:53:12.404 [DEBUG] [org.gradle.cache.internal.DefaultFileLockManager] Releasing lock on jars (C:\Users\FTC 6473\.gradle\caches\jars-1).
12:53:12.405 [DEBUG] [org.gradle.cache.internal.DefaultCacheAccess] Cache Plugin Resolution Cache (C:\Users\FTC 6473\.gradle\caches\2.4\plugin-resolution) was closed 0 times.
12:53:12.467 [DEBUG] [org.gradle.api.internal.artifacts.ivyservice.resolveengine.store.CachedStoreFactory] Resolution result cache closed. Cache reads: 17, disk reads: 28 (avg: 0.001 secs, total: 0.05 secs)
12:53:12.468 [DEBUG] [org.gradle.api.internal.artifacts.ivyservice.resolveengine.store.CachedStoreFactory] Resolved configuration cache closed. Cache reads: 0, disk reads: 0 (avg: 0.0 secs, total: 0.0 secs)
12:53:12.469 [DEBUG] [org.gradle.api.internal.artifacts.ivyservice.resolveengine.store.ResolutionResultsStoreFactory] Deleted 2 resolution results binary files in 0.002 secs
12:53:12.470 [DEBUG] [org.gradle.api.internal.artifacts.ivyservice.ivyresolve.memcache.InMemoryCachedRepositoryFactory] In-memory dependency metadata cache closed. Repos cached: 180, cache instances: 8, modules served from cache: 958, artifacts: 209
12:53:12.471 [DEBUG] [org.gradle.launcher.daemon.server.exec.ExecuteBuild] The daemon has finished executing the build.
12:53:13.548 [DEBUG] [org.gradle.launcher.daemon.server.DaemonStateCoordinator] Daemon is busy, sleeping until state changes.
12:53:13.549 [DEBUG] [org.gradle.launcher.daemon.server.DaemonStateCoordinator] Command execution: finished waiting for DaemonCommandExecution[command = Build{id=109a58bf-3afa-4a8d-bfdd-71902a10b185.1, currentDir=C:\Users\FTC 6473\Downloads\ftc_app-master}, connection = org.gradle.launcher.daemon.server.DefaultDaemonConnection@64ba9d04]. Result org.gradle.launcher.daemon.server.DaemonStateCoordinator@5fe5c6db with state Running
12:53:13.549 [DEBUG] [org.gradle.launcher.daemon.server.DaemonStateCoordinator] Command execution: completed DaemonCommandExecution[command = Build{id=109a58bf-3afa-4a8d-bfdd-71902a10b185.1, currentDir=C:\Users\FTC 6473\Downloads\ftc_app-master}, connection = org.gradle.launcher.daemon.server.DefaultDaemonConnection@64ba9d04]
12:53:13.550 [DEBUG] [org.gradle.launcher.daemon.server.DaemonStateCoordinator] updating lastActivityAt to 1447527193550
12:53:13.550 [INFO] [org.gradle.launcher.daemon.server.DomainRegistryUpdater] Marking the daemon as idle, address: [4965993d-1313-409a-933f-2a3f498cb5f5 port:49277, addresses:[/127.0.0.1, /0:0:0:0:0:0:0:1]]
12:53:13.551 [DEBUG] [org.gradle.launcher.daemon.registry.PersistentDaemonRegistry] Marking idle by address: [4965993d-1313-409a-933f-2a3f498cb5f5 port:49277, addresses:[/127.0.0.1, /0:0:0:0:0:0:0:1]]
12:53:13.553 [DEBUG] [org.gradle.cache.internal.DefaultFileLockManager] Waiting to acquire exclusive lock on daemon addresses registry.
12:53:13.554 [DEBUG] [org.gradle.cache.internal.DefaultFileLockManager] Lock acquired.
12:53:13.559 [DEBUG] [org.gradle.cache.internal.DefaultFileLockManager] Releasing lock on daemon addresses registry.
12:53:13.560 [DEBUG] [org.gradle.launcher.daemon.server.DaemonStateCoordinator] Daemon is idle, sleeping until state change or idle timeout at Sat Nov 14 15:53:13 CST 2015
12:53:13.560 [DEBUG] [org.gradle.launcher.daemon.server.exec.ReturnResult] Daemon is dispatching the build result: Success[value=org.gradle.tooling.internal.provider.BuildActionResult@12592d50]
12:53:13.561 [DEBUG] [org.gradle.launcher.daemon.server.SynchronizedDispatchConnection] thread 13: dispatching class org.gradle.launcher.daemon.protocol.Success
12:53:13.606 [DEBUG] [org.gradle.launcher.daemon.server.DefaultIncomingConnectionHandler] Finishing executing command: Build{id=109a58bf-3afa-4a8d-bfdd-71902a10b185.1, currentDir=C:\Users\FTC 6473\Downloads\ftc_app-master}
12:53:13.612 [DEBUG] [org.gradle.launcher.daemon.server.SynchronizedDispatchConnection] thread 14: received class org.gradle.launcher.daemon.protocol.Finished
12:53:13.612 [DEBUG] [org.gradle.launcher.daemon.server.DefaultDaemonConnection] Received non-IO message from client: org.gradle.launcher.daemon.protocol.Finished@5b9daaf3
12:53:13.613 [DEBUG] [org.gradle.launcher.daemon.server.SynchronizedDispatchConnection] thread 14: received null
12:53:13.613 [DEBUG] [org.gradle.launcher.daemon.server.DefaultDaemonConnection] Received end-of-input from client.
12:53:13.614 [DEBUG] [org.gradle.launcher.daemon.server.DefaultIncomingConnectionHandler] Received finished message: null
12:53:13.615 [DEBUG] [org.gradle.launcher.daemon.server.SynchronizedDispatchConnection] thread 13: stopping connection
12:53:13.616 [DEBUG] [org.gradle.launcher.daemon.server.SynchronizedDispatchConnection] thread 13: stopping connection
12:53:19.401 [DEBUG] [org.gradle.messaging.remote.internal.inet.TcpIncomingConnector] Accepted connection from /127.0.0.1:49347 to /127.0.0.1:49277.
12:53:19.423 [DEBUG] [org.gradle.launcher.daemon.server.SynchronizedDispatchConnection] thread 19: received class org.gradle.launcher.daemon.protocol.Build
12:53:19.423 [DEBUG] [org.gradle.launcher.daemon.server.DefaultDaemonConnection] Received non-IO message from client: Build{id=b291a94e-e9a2-4754-b2ed-cdb0e6437020.1, currentDir=C:\Users\FTC 6473\Downloads\ftc_app-master}
12:53:19.424 [INFO] [org.gradle.launcher.daemon.server.DefaultIncomingConnectionHandler] Received command: Build{id=b291a94e-e9a2-4754-b2ed-cdb0e6437020.1, currentDir=C:\Users\FTC 6473\Downloads\ftc_app-master}.
12:53:19.424 [DEBUG] [org.gradle.launcher.daemon.server.DefaultIncomingConnectionHandler] Starting executing command: Build{id=b291a94e-e9a2-4754-b2ed-cdb0e6437020.1, currentDir=C:\Users\FTC 6473\Downloads\ftc_app-master} with connection: socket connection from /127.0.0.1:49277 to /127.0.0.1:49347.
12:53:19.425 [DEBUG] [org.gradle.launcher.daemon.server.DaemonStateCoordinator] Command execution: started DaemonCommandExecution[command = Build{id=b291a94e-e9a2-4754-b2ed-cdb0e6437020.1, currentDir=C:\Users\FTC 6473\Downloads\ftc_app-master}, connection = org.gradle.launcher.daemon.server.DefaultDaemonConnection@3504c501] after 0.0 minutes of idle
12:53:19.425 [INFO] [org.gradle.launcher.daemon.server.DomainRegistryUpdater] Marking the daemon as busy, address: [4965993d-1313-409a-933f-2a3f498cb5f5 port:49277, addresses:[/127.0.0.1, /0:0:0:0:0:0:0:1]]
12:53:19.426 [DEBUG] [org.gradle.launcher.daemon.registry.PersistentDaemonRegistry] Marking busy by address: [4965993d-1313-409a-933f-2a3f498cb5f5 port:49277, addresses:[/127.0.0.1, /0:0:0:0:0:0:0:1]]
12:53:19.427 [DEBUG] [org.gradle.cache.internal.DefaultFileLockManager] Waiting to acquire exclusive lock on daemon addresses registry.
12:53:19.427 [DEBUG] [org.gradle.cache.internal.DefaultFileLockManager] Lock acquired.
12:53:19.432 [DEBUG] [org.gradle.cache.internal.DefaultFileLockManager] Releasing lock on daemon addresses registry.
12:53:19.433 [DEBUG] [org.gradle.launcher.daemon.server.DaemonStateCoordinator] updating lastActivityAt to 1447527199433
12:53:19.433 [DEBUG] [org.gradle.launcher.daemon.server.DaemonStateCoordinator] Daemon is busy, sleeping until state changes.
12:53:19.442 [INFO] [org.gradle.launcher.daemon.server.exec.StartBuildOrRespondWithBusy] Daemon is about to start building Build{id=b291a94e-e9a2-4754-b2ed-cdb0e6437020.1, currentDir=C:\Users\FTC 6473\Downloads\ftc_app-master}. Dispatching build started information...
12:53:19.442 [DEBUG] [org.gradle.launcher.daemon.server.SynchronizedDispatchConnection] thread 16: dispatching class org.gradle.launcher.daemon.protocol.BuildStarted
12:53:19.444 [DEBUG] [org.gradle.launcher.daemon.server.exec.EstablishBuildEnvironment] Configuring env variables: {USERPROFILE=C:\Users\FTC 6473, ProgramData=C:\ProgramData, PATHEXT=.COM;.EXE;.BAT;.CMD;.VBS;.VBE;.JS;.JSE;.WSF;.WSH;.MSC, ProgramFiles(x86)=C:\Program Files (x86), TEMP=C:\Users\FTC647~1\AppData\Local\Temp, SystemDrive=C:, ProgramFiles=C:\Program Files, Path=C:\Windows\system32;C:\Windows;C:\Windows\System32\Wbem;C:\Windows\System32\WindowsPowerShell\v1.0\, HOMEDRIVE=C:, PROCESSOR_REVISION=2505, USERDOMAIN=FTC6473-PC, ALLUSERSPROFILE=C:\ProgramData, ProgramW6432=C:\Program Files, PROCESSOR_IDENTIFIER=Intel64 Family 6 Model 37 Stepping 5, GenuineIntel, SESSIONNAME=Console, TMP=C:\Users\FTC647~1\AppData\Local\Temp, CommonProgramFiles=C:\Program Files\Common Files, =::=::\, LOGONSERVER=\\FTC6473-PC, PROCESSOR_ARCHITECTURE=AMD64, FP_NO_HOST_CHECK=NO, OS=Windows_NT, HOMEPATH=\Users\FTC 6473, PROCESSOR_LEVEL=6, CommonProgramW6432=C:\Program Files\Common Files, LOCALAPPDATA=C:\Users\FTC 6473\AppData\Local, COMPUTERNAME=FTC6473-PC, windir=C:\Windows, SystemRoot=C:\Windows, NUMBER_OF_PROCESSORS=4, USERNAME=FTC 6473, PUBLIC=C:\Users\Public, PSModulePath=C:\Windows\system32\WindowsPowerShell\v1.0\Modules\, CommonProgramFiles(x86)=C:\Program Files (x86)\Common Files, ComSpec=C:\Windows\system32\cmd.exe, APPDATA=C:\Users\FTC 6473\AppData\Roaming}
12:53:19.446 [DEBUG] [org.gradle.launcher.daemon.server.exec.LogToClient] About to start relaying all logs to the client via the connection.
12:53:19.446 [INFO] [org.gradle.launcher.daemon.server.exec.LogToClient] The client will now receive all logging from the daemon (pid: 2080). The daemon log file: C:\Users\FTC 6473\.gradle\daemon\2.4\daemon-2080.out.log
12:53:19.447 [INFO] [org.gradle.launcher.daemon.server.health.DaemonHealthTracker] Starting 2nd build in daemon [uptime: 1 mins 1.271 secs, performance: 99%, memory: 48% of 477.1 MB]
12:53:19.449 [DEBUG] [org.gradle.launcher.daemon.server.exec.ExecuteBuild] The daemon has started executing the build.
12:53:19.450 [INFO] [org.gradle.launcher.daemon.server.exec.ExecuteBuild] Executing build with daemon context: DefaultDaemonContext[uid=335971b4-2c6f-4099-9cca-8ad7a805bd6e,javaHome=C:\Program Files\Java\jdk1.7.0_79,daemonRegistryDir=C:\Users\FTC 6473\.gradle\daemon,pid=2080,idleTimeout=10800000,daemonOpts=-XX:MaxHeapSize=512m,-Xmx512m,-Dfile.encoding=windows-1252,-Duser.country=US,-Duser.language=en,-Duser.variant]
Configuration on demand is an incubating feature.
:FtcRobotController:preBuild UP-TO-DATE
:FtcRobotController:preDebugBuild UP-TO-DATE
:FtcRobotController:checkDebugManifest
:FtcRobotController:preDebugAndroidTestBuild UP-TO-DATE
:FtcRobotController:preDebugUnitTestBuild UP-TO-DATE
:FtcRobotController:preReleaseBuild UP-TO-DATE
:FtcRobotController:preReleaseUnitTestBuild UP-TO-DATE
:SwerveRoboticsLibrary:compileLint
:SwerveRoboticsLibrary:copyReleaseLint UP-TO-DATE
:SwerveRoboticsLibrary:mergeReleaseProguardFiles UP-TO-DATE
:SwerveRoboticsLibrary:preBuild UP-TO-DATE
:SwerveRoboticsLibrary:preReleaseBuild UP-TO-DATE
:SwerveRoboticsLibrary:checkReleaseManifest
:SwerveRoboticsLibrary:preDebugAndroidTestBuild UP-TO-DATE
:SwerveRoboticsLibrary:preDebugBuild UP-TO-DATE
:SwerveRoboticsLibrary:preDebugUnitTestBuild UP-TO-DATE
:SwerveRoboticsLibrary:preReleaseUnitTestBuild UP-TO-DATE
:SwerveRoboticsLibrary:prepareAnalyticsReleaseLibrary UP-TO-DATE
:SwerveRoboticsLibrary:prepareFtcCommonReleaseLibrary UP-TO-DATE
:SwerveRoboticsLibrary:prepareHardwareReleaseLibrary UP-TO-DATE
:SwerveRoboticsLibrary:prepareModernRoboticsReleaseLibrary UP-TO-DATE
:SwerveRoboticsLibrary:prepareRobotCoreReleaseLibrary UP-TO-DATE
:SwerveRoboticsLibrary:prepareWirelessP2pReleaseLibrary UP-TO-DATE
:SwerveRoboticsLibrary:prepareReleaseDependencies
:SwerveRoboticsLibrary:compileReleaseAidl UP-TO-DATE
:SwerveRoboticsLibrary:compileReleaseRenderscript UP-TO-DATE
:SwerveRoboticsLibrary:generateReleaseBuildConfig UP-TO-DATE
:SwerveRoboticsLibrary:generateReleaseAssets UP-TO-DATE
:SwerveRoboticsLibrary:mergeReleaseAssets UP-TO-DATE
:SwerveRoboticsLibrary:generateReleaseResValues UP-TO-DATE
:SwerveRoboticsLibrary:generateReleaseResources UP-TO-DATE
:SwerveRoboticsLibrary:mergeReleaseResources UP-TO-DATE
:SwerveRoboticsLibrary:processReleaseManifest UP-TO-DATE
:SwerveRoboticsLibrary:processReleaseResources UP-TO-DATE
:SwerveRoboticsLibrary:generateReleaseSources UP-TO-DATE
:SwerveRoboticsLibrary:processReleaseJavaRes UP-TO-DATE
:SwerveRoboticsLibrary:compileReleaseJava UP-TO-DATE
:SwerveRoboticsLibrary:packageReleaseJar UP-TO-DATE
:SwerveRoboticsLibrary:compileReleaseNdk UP-TO-DATE
:SwerveRoboticsLibrary:packageReleaseJniLibs UP-TO-DATE
:SwerveRoboticsLibrary:packageReleaseLocalJar UP-TO-DATE
:SwerveRoboticsLibrary:packageReleaseRenderscript UP-TO-DATE
:SwerveRoboticsLibrary:packageReleaseResources UP-TO-DATE
:SwerveRoboticsLibrary:bundleRelease UP-TO-DATE
:FtcRobotController:prepareAnalyticsReleaseLibrary UP-TO-DATE
:FtcRobotController:prepareFtcCommonReleaseLibrary UP-TO-DATE
:FtcRobotController:prepareFtc_appMasterSwerveRoboticsLibraryUnspecifiedLibrary UP-TO-DATE
:FtcRobotController:prepareHardwareReleaseLibrary UP-TO-DATE
:FtcRobotController:prepareModernRoboticsReleaseLibrary UP-TO-DATE
:FtcRobotController:prepareRobotCoreReleaseLibrary UP-TO-DATE
:FtcRobotController:prepareWirelessP2pReleaseLibrary UP-TO-DATE
:FtcRobotController:prepareDebugDependencies
:FtcRobotController:compileDebugAidl UP-TO-DATE
:FtcRobotController:compileDebugRenderscript UP-TO-DATE
:FtcRobotController:generateDebugBuildConfig UP-TO-DATE
:FtcRobotController:generateDebugAssets UP-TO-DATE
:FtcRobotController:mergeDebugAssets UP-TO-DATE
:FtcRobotController:generateDebugResValues UP-TO-DATE
:FtcRobotController:generateDebugResources UP-TO-DATE
:FtcRobotController:mergeDebugResources UP-TO-DATE
:FtcRobotController:processDebugManifest UP-TO-DATE
:FtcRobotController:processDebugResources UP-TO-DATE
:FtcRobotController:generateDebugSources UP-TO-DATE
:FtcRobotController:prepareDebugAndroidTestDependencies
:FtcRobotController:compileDebugAndroidTestAidl UP-TO-DATE
:FtcRobotController:compileLint
:FtcRobotController:copyDebugLint UP-TO-DATE
:FtcRobotController:mergeDebugProguardFiles UP-TO-DATE
:FtcRobotController:processDebugJavaRes UP-TO-DATE
:FtcRobotController:compileDebugJava UP-TO-DATE
:FtcRobotController:packageDebugJar UP-TO-DATE
:FtcRobotController:compileDebugNdk UP-TO-DATE
:FtcRobotController:packageDebugJniLibs UP-TO-DATE
:FtcRobotController:packageDebugLocalJar UP-TO-DATE
:FtcRobotController:packageDebugRenderscript UP-TO-DATE
:FtcRobotController:packageDebugResources UP-TO-DATE
:FtcRobotController:bundleDebug UP-TO-DATE
:FtcRobotController:compileDebugSources UP-TO-DATE
:FtcRobotController:assembleDebug UP-TO-DATE
:FtcRobotController:processDebugAndroidTestManifest UP-TO-DATE
:FtcRobotController:compileDebugAndroidTestRenderscript UP-TO-DATE
:FtcRobotController:generateDebugAndroidTestBuildConfig UP-TO-DATE
:FtcRobotController:generateDebugAndroidTestAssets UP-TO-DATE
:FtcRobotController:mergeDebugAndroidTestAssets UP-TO-DATE
:FtcRobotController:generateDebugAndroidTestResValues UP-TO-DATE
:FtcRobotController:generateDebugAndroidTestResources UP-TO-DATE
:FtcRobotController:mergeDebugAndroidTestResources UP-TO-DATE
:FtcRobotController:processDebugAndroidTestResources UP-TO-DATE
:FtcRobotController:generateDebugAndroidTestSources UP-TO-DATE
:FtcRobotController:processDebugAndroidTestJavaRes UP-TO-DATE
:FtcRobotController:compileDebugAndroidTestJava UP-TO-DATE
:FtcRobotController:compileDebugAndroidTestNdk UP-TO-DATE
:FtcRobotController:compileDebugAndroidTestSources UP-TO-DATE
:SwerveRoboticsLibrary:checkDebugManifest
:SwerveRoboticsLibrary:prepareDebugDependencies
:SwerveRoboticsLibrary:compileDebugAidl UP-TO-DATE
:SwerveRoboticsLibrary:compileDebugRenderscript UP-TO-DATE
:SwerveRoboticsLibrary:generateDebugBuildConfig UP-TO-DATE
:SwerveRoboticsLibrary:generateDebugAssets UP-TO-DATE
:SwerveRoboticsLibrary:mergeDebugAssets UP-TO-DATE
:SwerveRoboticsLibrary:generateDebugResValues UP-TO-DATE
:SwerveRoboticsLibrary:generateDebugResources UP-TO-DATE
:SwerveRoboticsLibrary:mergeDebugResources UP-TO-DATE
:SwerveRoboticsLibrary:processDebugManifest UP-TO-DATE
:SwerveRoboticsLibrary:processDebugResources UP-TO-DATE
:SwerveRoboticsLibrary:generateDebugSources UP-TO-DATE
:SwerveRoboticsLibrary:prepareDebugAndroidTestDependencies
:SwerveRoboticsLibrary:compileDebugAndroidTestAidl UP-TO-DATE
:SwerveRoboticsLibrary:copyDebugLint UP-TO-DATE
:SwerveRoboticsLibrary:mergeDebugProguardFiles UP-TO-DATE
:SwerveRoboticsLibrary:processDebugJavaRes UP-TO-DATE
:SwerveRoboticsLibrary:compileDebugJava UP-TO-DATE
:SwerveRoboticsLibrary:packageDebugJar UP-TO-DATE
:SwerveRoboticsLibrary:compileDebugNdk UP-TO-DATE
:SwerveRoboticsLibrary:packageDebugJniLibs UP-TO-DATE
:SwerveRoboticsLibrary:packageDebugLocalJar UP-TO-DATE
:SwerveRoboticsLibrary:packageDebugRenderscript UP-TO-DATE
:SwerveRoboticsLibrary:packageDebugResources UP-TO-DATE
:SwerveRoboticsLibrary:bundleDebug UP-TO-DATE
:SwerveRoboticsLibrary:compileDebugSources UP-TO-DATE
:SwerveRoboticsLibrary:assembleDebug UP-TO-DATE
:SwerveRoboticsLibrary:processDebugAndroidTestManifest UP-TO-DATE
:SwerveRoboticsLibrary:compileDebugAndroidTestRenderscript UP-TO-DATE
:SwerveRoboticsLibrary:generateDebugAndroidTestBuildConfig UP-TO-DATE
:SwerveRoboticsLibrary:generateDebugAndroidTestAssets UP-TO-DATE
:SwerveRoboticsLibrary:mergeDebugAndroidTestAssets UP-TO-DATE
:SwerveRoboticsLibrary:generateDebugAndroidTestResValues UP-TO-DATE
:SwerveRoboticsLibrary:generateDebugAndroidTestResources UP-TO-DATE
:SwerveRoboticsLibrary:mergeDebugAndroidTestResources UP-TO-DATE
:SwerveRoboticsLibrary:processDebugAndroidTestResources UP-TO-DATE
:SwerveRoboticsLibrary:generateDebugAndroidTestSources UP-TO-DATE
:SwerveRoboticsLibrary:processDebugAndroidTestJavaRes UP-TO-DATE
:SwerveRoboticsLibrary:compileDebugAndroidTestJava UP-TO-DATE
:SwerveRoboticsLibrary:compileDebugAndroidTestNdk UP-TO-DATE
:SwerveRoboticsLibrary:compileDebugAndroidTestSources UP-TO-DATE
:YourCodeHere:preBuild UP-TO-DATE
:YourCodeHere:preDebugBuild UP-TO-DATE
:YourCodeHere:checkDebugManifest
:FtcRobotController:copyReleaseLint UP-TO-DATE
:FtcRobotController:mergeReleaseProguardFiles UP-TO-DATE
:FtcRobotController:checkReleaseManifest
:FtcRobotController:prepareReleaseDependencies
:FtcRobotController:compileReleaseAidl UP-TO-DATE
:FtcRobotController:compileReleaseRenderscript UP-TO-DATE
:FtcRobotController:generateReleaseBuildConfig UP-TO-DATE
:FtcRobotController:generateReleaseAssets UP-TO-DATE
:FtcRobotController:mergeReleaseAssets UP-TO-DATE
:FtcRobotController:generateReleaseResValues UP-TO-DATE
:FtcRobotController:generateReleaseResources UP-TO-DATE
:FtcRobotController:mergeReleaseResources UP-TO-DATE
:FtcRobotController:processReleaseManifest UP-TO-DATE
:FtcRobotController:processReleaseResources UP-TO-DATE
:FtcRobotController:generateReleaseSources UP-TO-DATE
:FtcRobotController:processReleaseJavaRes UP-TO-DATE
:FtcRobotController:compileReleaseJava UP-TO-DATE
:FtcRobotController:packageReleaseJar UP-TO-DATE
:FtcRobotController:compileReleaseNdk UP-TO-DATE
:FtcRobotController:packageReleaseJniLibs UP-TO-DATE
:FtcRobotController:packageReleaseLocalJar UP-TO-DATE
:FtcRobotController:packageReleaseRenderscript UP-TO-DATE
:FtcRobotController:packageReleaseResources UP-TO-DATE
:FtcRobotController:bundleRelease UP-TO-DATE
:YourCodeHere:preReleaseBuild UP-TO-DATE
:YourCodeHere:prepareAnalyticsReleaseLibrary UP-TO-DATE
:YourCodeHere:prepareFtcCommonReleaseLibrary UP-TO-DATE
:YourCodeHere:prepareFtc_appMasterFtcRobotControllerUnspecifiedLibrary UP-TO-DATE
:YourCodeHere:prepareFtc_appMasterSwerveRoboticsLibraryUnspecifiedLibrary UP-TO-DATE
:YourCodeHere:prepareHardwareReleaseLibrary UP-TO-DATE
:YourCodeHere:prepareModernRoboticsReleaseLibrary UP-TO-DATE
:YourCodeHere:prepareRobotCoreReleaseLibrary UP-TO-DATE
:YourCodeHere:prepareWirelessP2pReleaseLibrary UP-TO-DATE
:YourCodeHere:prepareDebugDependencies
:YourCodeHere:compileDebugAidl UP-TO-DATE
:YourCodeHere:compileDebugRenderscript UP-TO-DATE
:YourCodeHere:generateDebugBuildConfig UP-TO-DATE
:YourCodeHere:generateDebugAssets UP-TO-DATE
:YourCodeHere:mergeDebugAssets UP-TO-DATE
:YourCodeHere:generateDebugResValues UP-TO-DATE
:YourCodeHere:generateDebugResources UP-TO-DATE
:YourCodeHere:mergeDebugResources UP-TO-DATE
:YourCodeHere:processDebugManifest UP-TO-DATE
:YourCodeHere:processDebugResources UP-TO-DATE
:YourCodeHere:generateDebugSources UP-TO-DATE
:YourCodeHere:preDebugAndroidTestBuild UP-TO-DATE
:YourCodeHere:prepareDebugAndroidTestDependencies
:YourCodeHere:compileDebugAndroidTestAidl UP-TO-DATE
:YourCodeHere:processDebugAndroidTestManifest UP-TO-DATE
:YourCodeHere:compileDebugAndroidTestRenderscript UP-TO-DATE
:YourCodeHere:generateDebugAndroidTestBuildConfig UP-TO-DATE
:YourCodeHere:generateDebugAndroidTestAssets UP-TO-DATE
:YourCodeHere:mergeDebugAndroidTestAssets UP-TO-DATE
:YourCodeHere:generateDebugAndroidTestResValues UP-TO-DATE
:YourCodeHere:generateDebugAndroidTestResources UP-TO-DATE
:YourCodeHere:mergeDebugAndroidTestResources UP-TO-DATE
:YourCodeHere:processDebugAndroidTestResources UP-TO-DATE
:YourCodeHere:generateDebugAndroidTestSources UP-TO-DATE
:YourCodeHere:processDebugJavaRes UP-TO-DATE
:YourCodeHere:compileDebugJava UP-TO-DATE
:YourCodeHere:compileDebugNdk UP-TO-DATE
:YourCodeHere:compileDebugSources UP-TO-DATE
:YourCodeHere:processDebugAndroidTestJavaRes UP-TO-DATE
:YourCodeHere:compileDebugAndroidTestJava UP-TO-DATE
:YourCodeHere:compileDebugAndroidTestNdk UP-TO-DATE
:YourCodeHere:compileDebugAndroidTestSources UP-TO-DATE

BUILD SUCCESSFUL

Total time: 8.587 secs
12:53:27.930 [DEBUG] [org.gradle.api.internal.tasks.compile.daemon.CompilerDaemonManager] Stopping 0 compiler daemon(s).
12:53:27.930 [INFO] [org.gradle.api.internal.tasks.compile.daemon.CompilerDaemonManager] Stopped 0 compiler daemon(s).
12:53:27.930 [DEBUG] [org.gradle.cache.internal.DefaultFileLockManager] Releasing lock on initscript class cache for initialization script 'C:\Users\FTC 6473\AppData\Local\Temp\asLocalRepo21.gradle' (C:\Users\FTC 6473\.gradle\caches\2.4\scripts\asLocalRepo21_2fjzravc9fen9f50nncdulh66\InitScript\initscript).
12:53:27.946 [DEBUG] [org.gradle.cache.internal.DefaultFileLockManager] Releasing lock on no_initscript class cache for initialization script 'C:\Users\FTC 6473\AppData\Local\Temp\asLocalRepo21.gradle' (C:\Users\FTC 6473\.gradle\caches\2.4\scripts\asLocalRepo21_2fjzravc9fen9f50nncdulh66\InitScript\no_initscript).
12:53:27.946 [DEBUG] [org.gradle.cache.internal.DefaultFileLockManager] Releasing lock on buildscript class cache for settings file 'C:\Users\FTC 6473\Downloads\ftc_app-master\settings.gradle' (C:\Users\FTC 6473\.gradle\caches\2.4\scripts\settings_erz9k11bc2zsepoug9f6akgwe\SettingsScript\buildscript).
12:53:27.946 [DEBUG] [org.gradle.cache.internal.DefaultFileLockManager] Releasing lock on no_buildscript class cache for settings file 'C:\Users\FTC 6473\Downloads\ftc_app-master\settings.gradle' (C:\Users\FTC 6473\.gradle\caches\2.4\scripts\settings_erz9k11bc2zsepoug9f6akgwe\SettingsScript\no_buildscript).
12:53:27.946 [DEBUG] [org.gradle.cache.internal.DefaultFileLockManager] Releasing lock on buildscript class cache for build file 'C:\Users\FTC 6473\Downloads\ftc_app-master\build.gradle' (C:\Users\FTC 6473\.gradle\caches\2.4\scripts\build_pglf30dpe6ubx5mkujtn6a0h\ProjectScript\buildscript).
12:53:27.946 [DEBUG] [org.gradle.cache.internal.DefaultFileLockManager] Releasing lock on no_buildscript class cache for build file 'C:\Users\FTC 6473\Downloads\ftc_app-master\build.gradle' (C:\Users\FTC 6473\.gradle\caches\2.4\scripts\build_pglf30dpe6ubx5mkujtn6a0h\ProjectScript\no_buildscript).
12:53:27.946 [DEBUG] [org.gradle.cache.internal.DefaultFileLockManager] Releasing lock on buildscript class cache for build file 'C:\Users\FTC 6473\Downloads\ftc_app-master\FtcRobotController\build.gradle' (C:\Users\FTC 6473\.gradle\caches\2.4\scripts\build_ew4newoalg909vbkn65xjmlki\ProjectScript\buildscript).
12:53:27.946 [DEBUG] [org.gradle.cache.internal.DefaultFileLockManager] Releasing lock on no_buildscript class cache for build file 'C:\Users\FTC 6473\Downloads\ftc_app-master\FtcRobotController\build.gradle' (C:\Users\FTC 6473\.gradle\caches\2.4\scripts\build_ew4newoalg909vbkn65xjmlki\ProjectScript\no_buildscript).
12:53:27.946 [DEBUG] [org.gradle.cache.internal.DefaultFileLockManager] Releasing lock on buildscript class cache for build file 'C:\Users\FTC 6473\Downloads\ftc_app-master\SwerveRoboticsLibrary\build.gradle' (C:\Users\FTC 6473\.gradle\caches\2.4\scripts\build_ar5x8orjdz0wtmt71xxf54c51\ProjectScript\buildscript).
12:53:27.946 [DEBUG] [org.gradle.cache.internal.DefaultFileLockManager] Releasing lock on no_buildscript class cache for build file 'C:\Users\FTC 6473\Downloads\ftc_app-master\SwerveRoboticsLibrary\build.gradle' (C:\Users\FTC 6473\.gradle\caches\2.4\scripts\build_ar5x8orjdz0wtmt71xxf54c51\ProjectScript\no_buildscript).
12:53:27.946 [DEBUG] [org.gradle.cache.internal.DefaultFileLockManager] Releasing lock on buildscript class cache for build file 'C:\Users\FTC 6473\Downloads\ftc_app-master\YourCodeHere\build.gradle' (C:\Users\FTC 6473\.gradle\caches\2.4\scripts\build_ep8ywb44loujdan57u74fcs63\ProjectScript\buildscript).
12:53:27.946 [DEBUG] [org.gradle.cache.internal.DefaultFileLockManager] Releasing lock on no_buildscript class cache for build file 'C:\Users\FTC 6473\Downloads\ftc_app-master\YourCodeHere\build.gradle' (C:\Users\FTC 6473\.gradle\caches\2.4\scripts\build_ep8ywb44loujdan57u74fcs63\ProjectScript\no_buildscript).
12:53:27.946 [DEBUG] [org.gradle.cache.internal.DefaultCacheAccess] Cache Plugin Resolution Cache (C:\Users\FTC 6473\.gradle\caches\2.4\plugin-resolution) was closed 0 times.
12:53:27.946 [DEBUG] [org.gradle.cache.internal.btree.BTreePersistentIndexedCache] Closing cache module-metadata.bin (C:\Users\FTC 6473\.gradle\caches\modules-2\metadata-2.15\module-metadata.bin)
12:53:27.946 [DEBUG] [org.gradle.cache.internal.DefaultFileLockManager] Releasing lock on artifact cache (C:\Users\FTC 6473\.gradle\caches\modules-2).
12:53:27.946 [DEBUG] [org.gradle.cache.internal.DefaultCacheAccess] Cache jars (C:\Users\FTC 6473\.gradle\caches\jars-1) was closed 0 times.
12:53:27.946 [DEBUG] [org.gradle.cache.internal.btree.BTreePersistentIndexedCache] Closing cache outputFileStates.bin (C:\Users\FTC 6473\Downloads\ftc_app-master\.gradle\2.4\taskArtifacts\outputFileStates.bin)
12:53:27.946 [DEBUG] [org.gradle.cache.internal.btree.BTreePersistentIndexedCache] Closing cache fileSnapshots.bin (C:\Users\FTC 6473\Downloads\ftc_app-master\.gradle\2.4\taskArtifacts\fileSnapshots.bin)
12:53:27.946 [DEBUG] [org.gradle.cache.internal.btree.BTreePersistentIndexedCache] Closing cache fileHashes.bin (C:\Users\FTC 6473\Downloads\ftc_app-master\.gradle\2.4\taskArtifacts\fileHashes.bin)
12:53:27.946 [DEBUG] [org.gradle.cache.internal.btree.BTreePersistentIndexedCache] Closing cache taskArtifacts.bin (C:\Users\FTC 6473\Downloads\ftc_app-master\.gradle\2.4\taskArtifacts\taskArtifacts.bin)
12:53:27.946 [DEBUG] [org.gradle.cache.internal.DefaultFileLockManager] Releasing lock on task history cache (C:\Users\FTC 6473\Downloads\ftc_app-master\.gradle\2.4\taskArtifacts).
12:53:27.946 [DEBUG] [org.gradle.api.internal.artifacts.ivyservice.resolveengine.store.CachedStoreFactory] Resolution result cache closed. Cache reads: 0, disk reads: 24 (avg: 0.001 secs, total: 0.034 secs)
12:53:27.946 [DEBUG] [org.gradle.api.internal.artifacts.ivyservice.resolveengine.store.CachedStoreFactory] Resolved configuration cache closed. Cache reads: 0, disk reads: 0 (avg: 0.0 secs, total: 0.0 secs)
12:53:27.946 [DEBUG] [org.gradle.api.internal.artifacts.ivyservice.resolveengine.store.ResolutionResultsStoreFactory] Deleted 2 resolution results binary files in 0.0 secs
12:53:27.946 [DEBUG] [org.gradle.api.internal.artifacts.ivyservice.ivyresolve.memcache.InMemoryCachedRepositoryFactory] In-memory dependency metadata cache closed. Repos cached: 122, cache instances: 8, modules served from cache: 696, artifacts: 84
12:53:27.946 [DEBUG] [org.gradle.launcher.daemon.server.exec.ExecuteBuild] The daemon has finished executing the build.
12:53:27.946 [DEBUG] [org.gradle.launcher.daemon.server.DaemonStateCoordinator] Command execution: finished waiting for DaemonCommandExecution[command = Build{id=b291a94e-e9a2-4754-b2ed-cdb0e6437020.1, currentDir=C:\Users\FTC 6473\Downloads\ftc_app-master}, connection = org.gradle.launcher.daemon.server.DefaultDaemonConnection@3504c501]. Result org.gradle.launcher.daemon.server.DaemonStateCoordinator@5fe5c6db with state Running
12:53:27.946 [DEBUG] [org.gradle.launcher.daemon.server.DaemonStateCoordinator] Command execution: completed DaemonCommandExecution[command = Build{id=b291a94e-e9a2-4754-b2ed-cdb0e6437020.1, currentDir=C:\Users\FTC 6473\Downloads\ftc_app-master}, connection = org.gradle.launcher.daemon.server.DefaultDaemonConnection@3504c501]
12:53:27.946 [DEBUG] [org.gradle.launcher.daemon.server.DaemonStateCoordinator] updating lastActivityAt to 1447527207946
12:53:27.946 [INFO] [org.gradle.launcher.daemon.server.DomainRegistryUpdater] Marking the daemon as idle, address: [4965993d-1313-409a-933f-2a3f498cb5f5 port:49277, addresses:[/127.0.0.1, /0:0:0:0:0:0:0:1]]
12:53:27.961 [DEBUG] [org.gradle.launcher.daemon.registry.PersistentDaemonRegistry] Marking idle by address: [4965993d-1313-409a-933f-2a3f498cb5f5 port:49277, addresses:[/127.0.0.1, /0:0:0:0:0:0:0:1]]
12:53:27.961 [DEBUG] [org.gradle.cache.internal.DefaultFileLockManager] Waiting to acquire exclusive lock on daemon addresses registry.
12:53:27.961 [DEBUG] [org.gradle.cache.internal.DefaultFileLockManager] Lock acquired.
12:53:27.961 [DEBUG] [org.gradle.cache.internal.DefaultFileLockManager] Releasing lock on daemon addresses registry.
12:53:27.961 [DEBUG] [org.gradle.launcher.daemon.server.exec.ReturnResult] Daemon is dispatching the build result: Success[value=org.gradle.tooling.internal.provider.BuildActionResult@621e24cd]
12:53:27.961 [DEBUG] [org.gradle.launcher.daemon.server.DaemonStateCoordinator] Daemon is idle, sleeping until state change or idle timeout at Sat Nov 14 15:53:27 CST 2015
12:53:27.961 [DEBUG] [org.gradle.launcher.daemon.server.SynchronizedDispatchConnection] thread 13: dispatching class org.gradle.launcher.daemon.protocol.Success
12:53:27.961 [DEBUG] [org.gradle.launcher.daemon.server.DefaultIncomingConnectionHandler] Finishing executing command: Build{id=b291a94e-e9a2-4754-b2ed-cdb0e6437020.1, currentDir=C:\Users\FTC 6473\Downloads\ftc_app-master}
12:53:27.961 [DEBUG] [org.gradle.launcher.daemon.server.SynchronizedDispatchConnection] thread 19: received class org.gradle.launcher.daemon.protocol.Finished
12:53:27.961 [DEBUG] [org.gradle.launcher.daemon.server.DefaultDaemonConnection] Received non-IO message from client: org.gradle.launcher.daemon.protocol.Finished@45e2eed5
12:53:27.961 [DEBUG] [org.gradle.launcher.daemon.server.DefaultIncomingConnectionHandler] Received finished message: org.gradle.launcher.daemon.protocol.Finished@45e2eed5
12:53:27.961 [DEBUG] [org.gradle.launcher.daemon.server.SynchronizedDispatchConnection] thread 19: received null
12:53:27.961 [DEBUG] [org.gradle.launcher.daemon.server.SynchronizedDispatchConnection] thread 13: stopping connection
12:53:27.961 [DEBUG] [org.gradle.launcher.daemon.server.DefaultDaemonConnection] Received end-of-input from client.
12:53:27.961 [DEBUG] [org.gradle.launcher.daemon.server.SynchronizedDispatchConnection] thread 13: stopping connection
20:17:47.515 [DEBUG] [org.gradle.launcher.daemon.server.DaemonStateCoordinator] Idle timeout: daemon has been idle for requested period. Stopping now.
20:17:47.515 [DEBUG] [org.gradle.launcher.daemon.server.DaemonStateCoordinator] Marking daemon stopped due to idle timeout. The daemon is running a build: false
20:17:47.515 [DEBUG] [org.gradle.launcher.daemon.server.Daemon] stop() called on daemon
20:17:47.515 [INFO] [org.gradle.launcher.daemon.server.Daemon] Stop requested. Daemon is removing its presence from the registry...
20:17:47.515 [DEBUG] [org.gradle.launcher.daemon.server.DomainRegistryUpdater] Removing our presence to clients, eg. removing this address from the registry: [4965993d-1313-409a-933f-2a3f498cb5f5 port:49277, addresses:[/127.0.0.1, /0:0:0:0:0:0:0:1]]
20:17:47.515 [DEBUG] [org.gradle.launcher.daemon.registry.PersistentDaemonRegistry] Removing daemon address: [4965993d-1313-409a-933f-2a3f498cb5f5 port:49277, addresses:[/127.0.0.1, /0:0:0:0:0:0:0:1]]
20:17:47.515 [DEBUG] [org.gradle.cache.internal.DefaultFileLockManager] Waiting to acquire exclusive lock on daemon addresses registry.
20:17:50.479 [DEBUG] [org.gradle.cache.internal.DefaultFileLockManager] Lock acquired.
20:17:50.872 [DEBUG] [org.gradle.cache.internal.DefaultFileLockManager] Releasing lock on daemon addresses registry.
20:17:50.874 [DEBUG] [org.gradle.launcher.daemon.server.DomainRegistryUpdater] Address removed from registry.
Daemon vm is shutting down... The daemon has exited normally or was terminated in response to a user interrupt.
20:17:50.913 [DEBUG] [org.gradle.launcher.daemon.registry.PersistentDaemonRegistry] Removing daemon address: [4965993d-1313-409a-933f-2a3f498cb5f5 port:49277, addresses:[/127.0.0.1, /0:0:0:0:0:0:0:1]]
20:17:50.914 [DEBUG] [org.gradle.cache.internal.DefaultFileLockManager] Waiting to acquire exclusive lock on daemon addresses registry.
20:17:50.917 [DEBUG] [org.gradle.cache.internal.DefaultFileLockManager] Lock acquired.
20:17:50.919 [DEBUG] [org.gradle.cache.internal.DefaultFileLockManager] Releasing lock on daemon addresses registry.
